This XML file does not appear to have any style information associated with it. The document tree is shown below.
<test-run id="2" testcasecount="374" result="Passed" total="1" passed="1" failed="0" inconclusive="0" skipped="0" asserts="52" engine-version="3.8.0.0" clr-version="4.0.30319.42000" start-time="2024-12-06 05:01:23Z" end-time="2024-12-06 05:03:13Z" duration="109.776376">
<command-line>
<![CDATA[ /Users/admin/Desktop/LMIAutomation/nunit/nunit3-console.exe "/Volumes/VMware Shared Folders/ApploaderTemp/Run20241206-060040416/NUnitPlugin/lmiAutomation.dll" --test=LMIAutomation.Host.APITest.Get_Request_To_Host_Api_Responds_OK "--result=/Volumes/VMware Shared Folders/ApploaderTemp/Run20241206-060040416/LMIAutomation.Host.APITest.Get_Request_To_Host_Api_Responds_OK-20241206-060109AM330.xml" "--out=/Volumes/VMware Shared Folders/ApploaderTemp/Run20241206-060040416/buildlogLMIAutomation.Host.APITest.Get_Request_To_Host_Api_Responds_OK-20241206-060109AM330.txt" --params:ArchiveFolder=LMIAutomation.Host.APITest.Get_Request_To_Host_Api_Responds_OK-20241206-060109AM330 ]]>
</command-line>
<filter>
<test>LMIAutomation.Host.APITest.Get_Request_To_Host_Api_Responds_OK</test>
</filter>
<test-suite type="Assembly" id="0-1469" name="lmiAutomation.dll" fullname="/Volumes/VMware Shared Folders/ApploaderTemp/Run20241206-060040416/NUnitPlugin/lmiAutomation.dll" runstate="Runnable" testcasecount="374" result="Passed" start-time="2024-12-06T05:01:25.6388660Z" end-time="2024-12-06T05:03:13.1186780Z" duration="107.955644" total="1" passed="1" failed="0" warnings="0" inconclusive="0" skipped="0" asserts="52">
<environment framework-version="3.13.3.0" clr-version="4.0.30319.42000" os-version="MacOSX 23.6.0.0" platform="Unix" cwd="/Users/admin/Desktop/TestRunner" machine-name="Auto1011.3amlabs.net" user="root" user-domain="Auto1011.3amlabs.net" culture="en-US" uiculture="en-US" os-architecture="x64"/>
<settings>
<setting name="DisposeRunners" value="True"/>
<setting name="WorkDirectory" value="/Users/admin/Desktop/TestRunner"/>
<setting name="TestParametersDictionary" value="[ArchiveFolder, LMIAutomation.Host.APITest.Get_Request_To_Host_Api_Responds_OK-20241206-060109AM330]">
<item key="ArchiveFolder" value="LMIAutomation.Host.APITest.Get_Request_To_Host_Api_Responds_OK-20241206-060109AM330"/>
</setting>
<setting name="TestParameters" value="ArchiveFolder=LMIAutomation.Host.APITest.Get_Request_To_Host_Api_Responds_OK-20241206-060109AM330"/>
<setting name="ImageRuntimeVersion" value="4.0.30319"/>
<setting name="ImageTargetFrameworkName" value=".NETFramework,Version=v4.6.1"/>
<setting name="ImageRequiresX86" value="False"/>
<setting name="ImageRequiresDefaultAppDomainAssemblyResolver" value="False"/>
<setting name="NumberOfTestWorkers" value="2"/>
</settings>
<properties>
<property name="_PID" value="1378"/>
<property name="_APPDOMAIN" value="domain-"/>
</properties>
<test-suite type="SetUpFixture" id="0-1468" name="LMIAutomation" fullname="LMIAutomation.TestBase+TestBaseInit" classname="LMIAutomation.TestBase+TestBaseInit" runstate="Runnable" testcasecount="374" result="Passed" start-time="2024-12-06T05:01:25.6643870Z" end-time="2024-12-06T05:03:13.1076410Z" duration="107.919269" total="1" passed="1" failed="0" warnings="0" inconclusive="0" skipped="0" asserts="52">
<test-suite type="TestSuite" id="0-1477" name="Host" fullname="LMIAutomation.Host" runstate="Runnable" testcasecount="121" result="Passed" start-time="2024-12-06T05:01:25.9087670Z" end-time="2024-12-06T05:03:13.0944020Z" duration="107.661650" total="1" passed="1" failed="0" warnings="0" inconclusive="0" skipped="0" asserts="52">
<test-suite type="TestFixture" id="0-1327" name="APITest" fullname="LMIAutomation.Host.APITest" classname="LMIAutomation.Host.APITest" runstate="Runnable" testcasecount="3" result="Passed" start-time="2024-12-06T05:01:25.9191180Z" end-time="2024-12-06T05:03:13.0829480Z" duration="107.639844" total="1" passed="1" failed="0" warnings="0" inconclusive="0" skipped="0" asserts="52">
<test-case id="0-1328" name="Get_Request_To_Host_Api_Responds_OK" fullname="LMIAutomation.Host.APITest.Get_Request_To_Host_Api_Responds_OK" methodname="Get_Request_To_Host_Api_Responds_OK" classname="LMIAutomation.Host.APITest" runstate="Runnable" seed="27661436" result="Passed" start-time="2024-12-06T05:01:26.1143380Z" end-time="2024-12-06T05:03:13.0602110Z" duration="107.422014" asserts="52">
<properties>
<property name="Category" value="MacStable"/>
</properties>
</test-case>
</test-suite>
</test-suite>
</test-suite>
</test-suite>
<test-suite type="Assembly" id="0-1469" name="lmiAutomation.dll" fullname="/Volumes/VMware Shared Folders/ApploaderTemp/Run20241206-060040416/NUnitPlugin/lmiAutomation.dll" runstate="Runnable" testcasecount="374" result="Passed" start-time="2024-12-06T05:03:28.2620050Z" end-time="2024-12-06T05:04:21.0337890Z" duration="52.966289" total="1" passed="1" failed="0" warnings="0" inconclusive="0" skipped="0" asserts="52">
<environment framework-version="3.13.3.0" clr-version="4.0.30319.42000" os-version="MacOSX 23.6.0.0" platform="Unix" cwd="/Users/admin/Desktop/TestRunner" machine-name="Auto1011.3amlabs.net" user="root" user-domain="Auto1011.3amlabs.net" culture="en-US" uiculture="en-US" os-architecture="x64"/>
<settings>
<setting name="DisposeRunners" value="True"/>
<setting name="WorkDirectory" value="/Users/admin/Desktop/TestRunner"/>
<setting name="TestParametersDictionary" value="[ArchiveFolder, LMIAutomation.Host.APITest.Login_To_Host_Through_Api_Successfully-20241206-060109AM415]">
<item key="ArchiveFolder" value="LMIAutomation.Host.APITest.Login_To_Host_Through_Api_Successfully-20241206-060109AM415"/>
</setting>
<setting name="TestParameters" value="ArchiveFolder=LMIAutomation.Host.APITest.Login_To_Host_Through_Api_Successfully-20241206-060109AM415"/>
<setting name="ImageRuntimeVersion" value="4.0.30319"/>
<setting name="ImageTargetFrameworkName" value=".NETFramework,Version=v4.6.1"/>
<setting name="ImageRequiresX86" value="False"/>
<setting name="ImageRequiresDefaultAppDomainAssemblyResolver" value="False"/>
<setting name="NumberOfTestWorkers" value="2"/>
</settings>
<properties>
<property name="_PID" value="1923"/>
<property name="_APPDOMAIN" value="domain-"/>
</properties>
<test-suite type="SetUpFixture" id="0-1468" name="LMIAutomation" fullname="LMIAutomation.TestBase+TestBaseInit" classname="LMIAutomation.TestBase+TestBaseInit" runstate="Runnable" testcasecount="374" result="Passed" start-time="2024-12-06T05:03:28.2711230Z" end-time="2024-12-06T05:04:21.0337760Z" duration="52.957298" total="1" passed="1" failed="0" warnings="0" inconclusive="0" skipped="0" asserts="52">
<test-suite type="TestSuite" id="0-1477" name="Host" fullname="LMIAutomation.Host" runstate="Runnable" testcasecount="121" result="Passed" start-time="2024-12-06T05:03:28.4225460Z" end-time="2024-12-06T05:04:21.0333840Z" duration="52.805484" total="1" passed="1" failed="0" warnings="0" inconclusive="0" skipped="0" asserts="52">
<test-suite type="TestFixture" id="0-1327" name="APITest" fullname="LMIAutomation.Host.APITest" classname="LMIAutomation.Host.APITest" runstate="Runnable" testcasecount="3" result="Passed" start-time="2024-12-06T05:03:28.4227240Z" end-time="2024-12-06T05:04:21.0327070Z" duration="52.804629" total="1" passed="1" failed="0" warnings="0" inconclusive="0" skipped="0" asserts="52">
<test-case id="0-1330" name="Login_To_Host_Through_Api_Successfully" fullname="LMIAutomation.Host.APITest.Login_To_Host_Through_Api_Successfully" methodname="Login_To_Host_Through_Api_Successfully" classname="LMIAutomation.Host.APITest" runstate="Runnable" seed="905869999" result="Passed" start-time="2024-12-06T05:03:28.5530610Z" end-time="2024-12-06T05:04:21.0281920Z" duration="52.669905" asserts="52">
<properties>
<property name="Category" value="MacStable"/>
</properties>
</test-case>
</test-suite>
</test-suite>
</test-suite>
</test-suite>
<test-suite type="Assembly" id="0-1469" name="lmiAutomation.dll" fullname="/Volumes/VMware Shared Folders/ApploaderTemp/Run20241206-060040416/NUnitPlugin/lmiAutomation.dll" runstate="Runnable" testcasecount="374" result="Passed" start-time="2024-12-06T05:04:33.5009530Z" end-time="2024-12-06T05:05:39.0315990Z" duration="65.770483" total="1" passed="1" failed="0" warnings="0" inconclusive="0" skipped="0" asserts="52">
<environment framework-version="3.13.3.0" clr-version="4.0.30319.42000" os-version="MacOSX 23.6.0.0" platform="Unix" cwd="/Users/admin/Desktop/TestRunner" machine-name="Auto1011.3amlabs.net" user="root" user-domain="Auto1011.3amlabs.net" culture="en-US" uiculture="en-US" os-architecture="x64"/>
<settings>
<setting name="DisposeRunners" value="True"/>
<setting name="WorkDirectory" value="/Users/admin/Desktop/TestRunner"/>
<setting name="TestParametersDictionary" value="[ArchiveFolder, LMIAutomation.Host.APITest.Login_To_Host_Through_Api_With_Wrong_Credentials-20241206-060109AM689]">
<item key="ArchiveFolder" value="LMIAutomation.Host.APITest.Login_To_Host_Through_Api_With_Wrong_Credentials-20241206-060109AM689"/>
</setting>
<setting name="TestParameters" value="ArchiveFolder=LMIAutomation.Host.APITest.Login_To_Host_Through_Api_With_Wrong_Credentials-20241206-060109AM689"/>
<setting name="ImageRuntimeVersion" value="4.0.30319"/>
<setting name="ImageTargetFrameworkName" value=".NETFramework,Version=v4.6.1"/>
<setting name="ImageRequiresX86" value="False"/>
<setting name="ImageRequiresDefaultAppDomainAssemblyResolver" value="False"/>
<setting name="NumberOfTestWorkers" value="2"/>
</settings>
<properties>
<property name="_PID" value="2419"/>
<property name="_APPDOMAIN" value="domain-"/>
</properties>
<test-suite type="SetUpFixture" id="0-1468" name="LMIAutomation" fullname="LMIAutomation.TestBase+TestBaseInit" classname="LMIAutomation.TestBase+TestBaseInit" runstate="Runnable" testcasecount="374" result="Passed" start-time="2024-12-06T05:04:33.5103860Z" end-time="2024-12-06T05:05:39.0315840Z" duration="65.761179" total="1" passed="1" failed="0" warnings="0" inconclusive="0" skipped="0" asserts="52">
<test-suite type="TestSuite" id="0-1477" name="Host" fullname="LMIAutomation.Host" runstate="Runnable" testcasecount="121" result="Passed" start-time="2024-12-06T05:04:33.6651620Z" end-time="2024-12-06T05:05:39.0306230Z" duration="65.605442" total="1" passed="1" failed="0" warnings="0" inconclusive="0" skipped="0" asserts="52">
<test-suite type="TestFixture" id="0-1327" name="APITest" fullname="LMIAutomation.Host.APITest" classname="LMIAutomation.Host.APITest" runstate="Runnable" testcasecount="3" result="Passed" start-time="2024-12-06T05:04:33.6653950Z" end-time="2024-12-06T05:05:39.0291450Z" duration="65.603732" total="1" passed="1" failed="0" warnings="0" inconclusive="0" skipped="0" asserts="52">
<test-case id="0-1329" name="Login_To_Host_Through_Api_With_Wrong_Credentials" fullname="LMIAutomation.Host.APITest.Login_To_Host_Through_Api_With_Wrong_Credentials" methodname="Login_To_Host_Through_Api_With_Wrong_Credentials" classname="LMIAutomation.Host.APITest" runstate="Runnable" seed="969196325" result="Passed" start-time="2024-12-06T05:04:33.7961200Z" end-time="2024-12-06T05:05:39.0235800Z" duration="65.467574" asserts="52">
<properties>
<property name="Category" value="MacStable"/>
</properties>
</test-case>
</test-suite>
</test-suite>
</test-suite>
</test-suite>
<test-suite type="Assembly" id="0-1469" name="lmiAutomation.dll" fullname="/Volumes/VMware Shared Folders/ApploaderTemp/Run20241206-060040416/NUnitPlugin/lmiAutomation.dll" runstate="Runnable" testcasecount="374" result="Passed" start-time="2024-12-06T05:05:53.7115020Z" end-time="2024-12-06T05:06:59.1858030Z" duration="64.811812" total="1" passed="1" failed="0" warnings="0" inconclusive="0" skipped="0" asserts="66">
<environment framework-version="3.13.3.0" clr-version="4.0.30319.42000" os-version="MacOSX 23.6.0.0" platform="Unix" cwd="/Users/admin/Desktop/TestRunner" machine-name="Auto1011.3amlabs.net" user="root" user-domain="Auto1011.3amlabs.net" culture="en-US" uiculture="en-US" os-architecture="x64"/>
<settings>
<setting name="DisposeRunners" value="True"/>
<setting name="WorkDirectory" value="/Users/admin/Desktop/TestRunner"/>
<setting name="TestParametersDictionary" value="[ArchiveFolder, LMIAutomation.Host.InstallTest.TC01_DefaultInstall-20241206-060109AM777]">
<item key="ArchiveFolder" value="LMIAutomation.Host.InstallTest.TC01_DefaultInstall-20241206-060109AM777"/>
</setting>
<setting name="TestParameters" value="ArchiveFolder=LMIAutomation.Host.InstallTest.TC01_DefaultInstall-20241206-060109AM777"/>
<setting name="ImageRuntimeVersion" value="4.0.30319"/>
<setting name="ImageTargetFrameworkName" value=".NETFramework,Version=v4.6.1"/>
<setting name="ImageRequiresX86" value="False"/>
<setting name="ImageRequiresDefaultAppDomainAssemblyResolver" value="False"/>
<setting name="NumberOfTestWorkers" value="2"/>
</settings>
<properties>
<property name="_PID" value="2928"/>
<property name="_APPDOMAIN" value="domain-"/>
</properties>
<test-suite type="SetUpFixture" id="0-1468" name="LMIAutomation" fullname="LMIAutomation.TestBase+TestBaseInit" classname="LMIAutomation.TestBase+TestBaseInit" runstate="Runnable" testcasecount="374" result="Passed" start-time="2024-12-06T05:05:53.7208660Z" end-time="2024-12-06T05:06:59.1730100Z" duration="64.789799" total="1" passed="1" failed="0" warnings="0" inconclusive="0" skipped="0" asserts="66">
<test-suite type="TestSuite" id="0-1477" name="Host" fullname="LMIAutomation.Host" runstate="Runnable" testcasecount="121" result="Passed" start-time="2024-12-06T05:05:53.8756280Z" end-time="2024-12-06T05:06:59.1597570Z" duration="64.621785" total="1" passed="1" failed="0" warnings="0" inconclusive="0" skipped="0" asserts="66">
<test-suite type="TestFixture" id="0-1433" name="InstallTest" fullname="LMIAutomation.Host.InstallTest" classname="LMIAutomation.Host.InstallTest" runstate="Runnable" testcasecount="19" result="Passed" start-time="2024-12-06T05:05:53.8757950Z" end-time="2024-12-06T05:06:59.1470020Z" duration="64.608864" total="1" passed="1" failed="0" warnings="0" inconclusive="0" skipped="0" asserts="66">
<test-case id="0-1437" name="TC01_DefaultInstall" fullname="LMIAutomation.Host.InstallTest.TC01_DefaultInstall" methodname="TC01_DefaultInstall" classname="LMIAutomation.Host.InstallTest" runstate="Runnable" seed="1639955126" result="Passed" start-time="2024-12-06T05:05:54.0059900Z" end-time="2024-12-06T05:06:59.1296610Z" duration="64.461453" asserts="66">
<properties>
<property name="Category" value="nightly"/>
<property name="Category" value="MacStable"/>
<property name="Category" value="WinStable"/>
</properties>
</test-case>
</test-suite>
</test-suite>
</test-suite>
</test-suite>
<test-suite type="Assembly" id="0-1469" name="lmiAutomation.dll" fullname="/Volumes/VMware Shared Folders/ApploaderTemp/Run20241206-060040416/NUnitPlugin/lmiAutomation.dll" runstate="Runnable" testcasecount="374" result="Passed" start-time="2024-12-06T05:07:11.7209640Z" end-time="2024-12-06T05:08:22.0698390Z" duration="71.054074" total="1" passed="1" failed="0" warnings="0" inconclusive="0" skipped="0" asserts="65">
<environment framework-version="3.13.3.0" clr-version="4.0.30319.42000" os-version="MacOSX 23.6.0.0" platform="Unix" cwd="/Users/admin/Desktop/TestRunner" machine-name="Auto1011.3amlabs.net" user="root" user-domain="Auto1011.3amlabs.net" culture="en-US" uiculture="en-US" os-architecture="x64"/>
<settings>
<setting name="DisposeRunners" value="True"/>
<setting name="WorkDirectory" value="/Users/admin/Desktop/TestRunner"/>
<setting name="TestParametersDictionary" value="[ArchiveFolder, LMIAutomation.Host.InstallTest.TC02_ShowHost_ShowClient-20241206-060109AM418]">
<item key="ArchiveFolder" value="LMIAutomation.Host.InstallTest.TC02_ShowHost_ShowClient-20241206-060109AM418"/>
</setting>
<setting name="TestParameters" value="ArchiveFolder=LMIAutomation.Host.InstallTest.TC02_ShowHost_ShowClient-20241206-060109AM418"/>
<setting name="ImageRuntimeVersion" value="4.0.30319"/>
<setting name="ImageTargetFrameworkName" value=".NETFramework,Version=v4.6.1"/>
<setting name="ImageRequiresX86" value="False"/>
<setting name="ImageRequiresDefaultAppDomainAssemblyResolver" value="False"/>
<setting name="NumberOfTestWorkers" value="2"/>
</settings>
<properties>
<property name="_PID" value="4841"/>
<property name="_APPDOMAIN" value="domain-"/>
</properties>
<test-suite type="SetUpFixture" id="0-1468" name="LMIAutomation" fullname="LMIAutomation.TestBase+TestBaseInit" classname="LMIAutomation.TestBase+TestBaseInit" runstate="Runnable" testcasecount="374" result="Passed" start-time="2024-12-06T05:07:11.7309520Z" end-time="2024-12-06T05:08:22.0692310Z" duration="71.043631" total="1" passed="1" failed="0" warnings="0" inconclusive="0" skipped="0" asserts="65">
<test-suite type="TestSuite" id="0-1477" name="Host" fullname="LMIAutomation.Host" runstate="Runnable" testcasecount="121" result="Passed" start-time="2024-12-06T05:07:11.8887660Z" end-time="2024-12-06T05:08:22.0649240Z" duration="70.881510" total="1" passed="1" failed="0" warnings="0" inconclusive="0" skipped="0" asserts="65">
<test-suite type="TestFixture" id="0-1433" name="InstallTest" fullname="LMIAutomation.Host.InstallTest" classname="LMIAutomation.Host.InstallTest" runstate="Runnable" testcasecount="19" result="Passed" start-time="2024-12-06T05:07:11.8889360Z" end-time="2024-12-06T05:08:22.0540570Z" duration="70.870472" total="1" passed="1" failed="0" warnings="0" inconclusive="0" skipped="0" asserts="65">
<test-case id="0-1438" name="TC02_ShowHost_ShowClient" fullname="LMIAutomation.Host.InstallTest.TC02_ShowHost_ShowClient" methodname="TC02_ShowHost_ShowClient" classname="LMIAutomation.Host.InstallTest" runstate="Runnable" seed="1365554932" result="Passed" start-time="2024-12-06T05:07:12.0190430Z" end-time="2024-12-06T05:08:22.0373620Z" duration="70.723792" asserts="65">
<properties>
<property name="Category" value="nightly"/>
<property name="Category" value="MacStable"/>
<property name="Category" value="WinStable"/>
</properties>
</test-case>
</test-suite>
</test-suite>
</test-suite>
</test-suite>
<test-suite type="Assembly" id="0-1469" name="lmiAutomation.dll" fullname="/Volumes/VMware Shared Folders/ApploaderTemp/Run20241206-060040416/NUnitPlugin/lmiAutomation.dll" runstate="Runnable" testcasecount="374" result="Passed" start-time="2024-12-06T05:08:38.4755970Z" end-time="2024-12-06T05:09:22.0290330Z" duration="42.883803" total="1" passed="1" failed="0" warnings="0" inconclusive="0" skipped="0" asserts="64">
<environment framework-version="3.13.3.0" clr-version="4.0.30319.42000" os-version="MacOSX 23.6.0.0" platform="Unix" cwd="/Users/admin/Desktop/TestRunner" machine-name="Auto1011.3amlabs.net" user="root" user-domain="Auto1011.3amlabs.net" culture="en-US" uiculture="en-US" os-architecture="x64"/>
<settings>
<setting name="DisposeRunners" value="True"/>
<setting name="WorkDirectory" value="/Users/admin/Desktop/TestRunner"/>
<setting name="TestParametersDictionary" value="[ArchiveFolder, LMIAutomation.Host.InstallTest.TC03_ShowHost_HideClient-20241206-060109AM550]">
<item key="ArchiveFolder" value="LMIAutomation.Host.InstallTest.TC03_ShowHost_HideClient-20241206-060109AM550"/>
</setting>
<setting name="TestParameters" value="ArchiveFolder=LMIAutomation.Host.InstallTest.TC03_ShowHost_HideClient-20241206-060109AM550"/>
<setting name="ImageRuntimeVersion" value="4.0.30319"/>
<setting name="ImageTargetFrameworkName" value=".NETFramework,Version=v4.6.1"/>
<setting name="ImageRequiresX86" value="False"/>
<setting name="ImageRequiresDefaultAppDomainAssemblyResolver" value="False"/>
<setting name="NumberOfTestWorkers" value="2"/>
</settings>
<properties>
<property name="_PID" value="6751"/>
<property name="_APPDOMAIN" value="domain-"/>
</properties>
<test-suite type="SetUpFixture" id="0-1468" name="LMIAutomation" fullname="LMIAutomation.TestBase+TestBaseInit" classname="LMIAutomation.TestBase+TestBaseInit" runstate="Runnable" testcasecount="374" result="Passed" start-time="2024-12-06T05:08:38.4870230Z" end-time="2024-12-06T05:09:22.0290250Z" duration="42.873642" total="1" passed="1" failed="0" warnings="0" inconclusive="0" skipped="0" asserts="64">
<test-suite type="TestSuite" id="0-1477" name="Host" fullname="LMIAutomation.Host" runstate="Runnable" testcasecount="121" result="Passed" start-time="2024-12-06T05:08:38.6403310Z" end-time="2024-12-06T05:09:22.0288350Z" duration="42.720144" total="1" passed="1" failed="0" warnings="0" inconclusive="0" skipped="0" asserts="64">
<test-suite type="TestFixture" id="0-1433" name="InstallTest" fullname="LMIAutomation.Host.InstallTest" classname="LMIAutomation.Host.InstallTest" runstate="Runnable" testcasecount="19" result="Passed" start-time="2024-12-06T05:08:38.6405090Z" end-time="2024-12-06T05:09:22.0279520Z" duration="42.719083" total="1" passed="1" failed="0" warnings="0" inconclusive="0" skipped="0" asserts="64">
<test-case id="0-1439" name="TC03_ShowHost_HideClient" fullname="LMIAutomation.Host.InstallTest.TC03_ShowHost_HideClient" methodname="TC03_ShowHost_HideClient" classname="LMIAutomation.Host.InstallTest" runstate="Runnable" seed="687999084" result="Passed" start-time="2024-12-06T05:08:38.7695970Z" end-time="2024-12-06T05:09:22.0234340Z" duration="42.585596" asserts="64">
<properties>
<property name="Category" value="nightly"/>
<property name="Category" value="MacStable"/>
<property name="Category" value="WinStable"/>
</properties>
</test-case>
</test-suite>
</test-suite>
</test-suite>
</test-suite>
<test-suite type="Assembly" id="0-1469" name="lmiAutomation.dll" fullname="/Volumes/VMware Shared Folders/ApploaderTemp/Run20241206-060040416/NUnitPlugin/lmiAutomation.dll" runstate="Runnable" testcasecount="374" result="Passed" start-time="2024-12-06T05:09:35.5422700Z" end-time="2024-12-06T05:11:07.0877200Z" duration="92.194025" total="1" passed="1" failed="0" warnings="0" inconclusive="0" skipped="0" asserts="65">
<environment framework-version="3.13.3.0" clr-version="4.0.30319.42000" os-version="MacOSX 23.6.0.0" platform="Unix" cwd="/Users/admin/Desktop/TestRunner" machine-name="Auto1011.3amlabs.net" user="root" user-domain="Auto1011.3amlabs.net" culture="en-US" uiculture="en-US" os-architecture="x64"/>
<settings>
<setting name="DisposeRunners" value="True"/>
<setting name="WorkDirectory" value="/Users/admin/Desktop/TestRunner"/>
<setting name="TestParametersDictionary" value="[ArchiveFolder, LMIAutomation.Host.InstallTest.TC04_HideHost_ShowClient-20241206-060109AM863]">
<item key="ArchiveFolder" value="LMIAutomation.Host.InstallTest.TC04_HideHost_ShowClient-20241206-060109AM863"/>
</setting>
<setting name="TestParameters" value="ArchiveFolder=LMIAutomation.Host.InstallTest.TC04_HideHost_ShowClient-20241206-060109AM863"/>
<setting name="ImageRuntimeVersion" value="4.0.30319"/>
<setting name="ImageTargetFrameworkName" value=".NETFramework,Version=v4.6.1"/>
<setting name="ImageRequiresX86" value="False"/>
<setting name="ImageRequiresDefaultAppDomainAssemblyResolver" value="False"/>
<setting name="NumberOfTestWorkers" value="2"/>
</settings>
<properties>
<property name="_PID" value="7721"/>
<property name="_APPDOMAIN" value="domain-"/>
</properties>
<test-suite type="SetUpFixture" id="0-1468" name="LMIAutomation" fullname="LMIAutomation.TestBase+TestBaseInit" classname="LMIAutomation.TestBase+TestBaseInit" runstate="Runnable" testcasecount="374" result="Passed" start-time="2024-12-06T05:09:35.5518100Z" end-time="2024-12-06T05:11:07.0806560Z" duration="92.177643" total="1" passed="1" failed="0" warnings="0" inconclusive="0" skipped="0" asserts="65">
<test-suite type="TestSuite" id="0-1477" name="Host" fullname="LMIAutomation.Host" runstate="Runnable" testcasecount="121" result="Passed" start-time="2024-12-06T05:09:35.7029260Z" end-time="2024-12-06T05:11:07.0701290Z" duration="92.016000" total="1" passed="1" failed="0" warnings="0" inconclusive="0" skipped="0" asserts="65">
<test-suite type="TestFixture" id="0-1433" name="InstallTest" fullname="LMIAutomation.Host.InstallTest" classname="LMIAutomation.Host.InstallTest" runstate="Runnable" testcasecount="19" result="Passed" start-time="2024-12-06T05:09:35.7030450Z" end-time="2024-12-06T05:11:07.0591440Z" duration="92.004896" total="1" passed="1" failed="0" warnings="0" inconclusive="0" skipped="0" asserts="65">
<test-case id="0-1440" name="TC04_HideHost_ShowClient" fullname="LMIAutomation.Host.InstallTest.TC04_HideHost_ShowClient" methodname="TC04_HideHost_ShowClient" classname="LMIAutomation.Host.InstallTest" runstate="Runnable" seed="1495798951" result="Passed" start-time="2024-12-06T05:09:35.8428470Z" end-time="2024-12-06T05:11:07.0435750Z" duration="91.849652" asserts="65">
<properties>
<property name="Category" value="nightly"/>
<property name="Category" value="MacStable"/>
<property name="Category" value="WinStable"/>
</properties>
</test-case>
</test-suite>
</test-suite>
</test-suite>
</test-suite>
<test-suite type="Assembly" id="0-1469" name="lmiAutomation.dll" fullname="/Volumes/VMware Shared Folders/ApploaderTemp/Run20241206-060040416/NUnitPlugin/lmiAutomation.dll" runstate="Runnable" testcasecount="374" result="Passed" start-time="2024-12-06T05:11:22.4025780Z" end-time="2024-12-06T05:12:32.0667880Z" duration="69.808359" total="1" passed="1" failed="0" warnings="0" inconclusive="0" skipped="0" asserts="64">
<environment framework-version="3.13.3.0" clr-version="4.0.30319.42000" os-version="MacOSX 23.6.0.0" platform="Unix" cwd="/Users/admin/Desktop/TestRunner" machine-name="Auto1011.3amlabs.net" user="root" user-domain="Auto1011.3amlabs.net" culture="en-US" uiculture="en-US" os-architecture="x64"/>
<settings>
<setting name="DisposeRunners" value="True"/>
<setting name="WorkDirectory" value="/Users/admin/Desktop/TestRunner"/>
<setting name="TestParametersDictionary" value="[ArchiveFolder, LMIAutomation.Host.InstallTest.TC05_HideHost_HideClient-20241206-060109AM383]">
<item key="ArchiveFolder" value="LMIAutomation.Host.InstallTest.TC05_HideHost_HideClient-20241206-060109AM383"/>
</setting>
<setting name="TestParameters" value="ArchiveFolder=LMIAutomation.Host.InstallTest.TC05_HideHost_HideClient-20241206-060109AM383"/>
<setting name="ImageRuntimeVersion" value="4.0.30319"/>
<setting name="ImageTargetFrameworkName" value=".NETFramework,Version=v4.6.1"/>
<setting name="ImageRequiresX86" value="False"/>
<setting name="ImageRequiresDefaultAppDomainAssemblyResolver" value="False"/>
<setting name="NumberOfTestWorkers" value="2"/>
</settings>
<properties>
<property name="_PID" value="9651"/>
<property name="_APPDOMAIN" value="domain-"/>
</properties>
<test-suite type="SetUpFixture" id="0-1468" name="LMIAutomation" fullname="LMIAutomation.TestBase+TestBaseInit" classname="LMIAutomation.TestBase+TestBaseInit" runstate="Runnable" testcasecount="374" result="Passed" start-time="2024-12-06T05:11:22.4124800Z" end-time="2024-12-06T05:12:32.0630900Z" duration="69.794911" total="1" passed="1" failed="0" warnings="0" inconclusive="0" skipped="0" asserts="64">
<test-suite type="TestSuite" id="0-1477" name="Host" fullname="LMIAutomation.Host" runstate="Runnable" testcasecount="121" result="Passed" start-time="2024-12-06T05:11:22.5651600Z" end-time="2024-12-06T05:12:32.0526080Z" duration="69.631749" total="1" passed="1" failed="0" warnings="0" inconclusive="0" skipped="0" asserts="64">
<test-suite type="TestFixture" id="0-1433" name="InstallTest" fullname="LMIAutomation.Host.InstallTest" classname="LMIAutomation.Host.InstallTest" runstate="Runnable" testcasecount="19" result="Passed" start-time="2024-12-06T05:11:22.5653750Z" end-time="2024-12-06T05:12:32.0449980Z" duration="69.623925" total="1" passed="1" failed="0" warnings="0" inconclusive="0" skipped="0" asserts="64">
<test-case id="0-1441" name="TC05_HideHost_HideClient" fullname="LMIAutomation.Host.InstallTest.TC05_HideHost_HideClient" methodname="TC05_HideHost_HideClient" classname="LMIAutomation.Host.InstallTest" runstate="Runnable" seed="1625472903" result="Passed" start-time="2024-12-06T05:11:22.6990710Z" end-time="2024-12-06T05:12:32.0307360Z" duration="69.476172" asserts="64">
<properties>
<property name="Category" value="nightly"/>
<property name="Category" value="MacStable"/>
<property name="Category" value="WinStable"/>
</properties>
</test-case>
</test-suite>
</test-suite>
</test-suite>
</test-suite>
<test-suite type="Assembly" id="0-1469" name="lmiAutomation.dll" fullname="/Volumes/VMware Shared Folders/ApploaderTemp/Run20241206-060040416/NUnitPlugin/lmiAutomation.dll" runstate="Runnable" testcasecount="374" result="Passed" start-time="2024-12-06T05:12:43.7406280Z" end-time="2024-12-06T05:14:00.1357380Z" duration="75.562698" total="1" passed="1" failed="0" warnings="0" inconclusive="0" skipped="0" asserts="64">
<environment framework-version="3.13.3.0" clr-version="4.0.30319.42000" os-version="MacOSX 23.6.0.0" platform="Unix" cwd="/Users/admin/Desktop/TestRunner" machine-name="Auto1011.3amlabs.net" user="root" user-domain="Auto1011.3amlabs.net" culture="en-US" uiculture="en-US" os-architecture="x64"/>
<settings>
<setting name="DisposeRunners" value="True"/>
<setting name="WorkDirectory" value="/Users/admin/Desktop/TestRunner"/>
<setting name="TestParametersDictionary" value="[ArchiveFolder, LMIAutomation.Host.InstallTest.TC06_Continuum_Install-20241206-060109AM225]">
<item key="ArchiveFolder" value="LMIAutomation.Host.InstallTest.TC06_Continuum_Install-20241206-060109AM225"/>
</setting>
<setting name="TestParameters" value="ArchiveFolder=LMIAutomation.Host.InstallTest.TC06_Continuum_Install-20241206-060109AM225"/>
<setting name="ImageRuntimeVersion" value="4.0.30319"/>
<setting name="ImageTargetFrameworkName" value=".NETFramework,Version=v4.6.1"/>
<setting name="ImageRequiresX86" value="False"/>
<setting name="ImageRequiresDefaultAppDomainAssemblyResolver" value="False"/>
<setting name="NumberOfTestWorkers" value="2"/>
</settings>
<properties>
<property name="_PID" value="10613"/>
<property name="_APPDOMAIN" value="domain-"/>
</properties>
<test-suite type="SetUpFixture" id="0-1468" name="LMIAutomation" fullname="LMIAutomation.TestBase+TestBaseInit" classname="LMIAutomation.TestBase+TestBaseInit" runstate="Runnable" testcasecount="374" result="Passed" start-time="2024-12-06T05:12:43.7505870Z" end-time="2024-12-06T05:14:00.1352200Z" duration="75.552370" total="1" passed="1" failed="0" warnings="0" inconclusive="0" skipped="0" asserts="64">
<test-suite type="TestSuite" id="0-1477" name="Host" fullname="LMIAutomation.Host" runstate="Runnable" testcasecount="121" result="Passed" start-time="2024-12-06T05:12:43.9084310Z" end-time="2024-12-06T05:14:00.1341960Z" duration="75.393502" total="1" passed="1" failed="0" warnings="0" inconclusive="0" skipped="0" asserts="64">
<test-suite type="TestFixture" id="0-1433" name="InstallTest" fullname="LMIAutomation.Host.InstallTest" classname="LMIAutomation.Host.InstallTest" runstate="Runnable" testcasecount="19" result="Passed" start-time="2024-12-06T05:12:43.9085590Z" end-time="2024-12-06T05:14:00.0612740Z" duration="75.320453" total="1" passed="1" failed="0" warnings="0" inconclusive="0" skipped="0" asserts="64">
<test-case id="0-1442" name="TC06_Continuum_Install" fullname="LMIAutomation.Host.InstallTest.TC06_Continuum_Install" methodname="TC06_Continuum_Install" classname="LMIAutomation.Host.InstallTest" runstate="Runnable" seed="1622615895" result="Passed" start-time="2024-12-06T05:12:44.0563070Z" end-time="2024-12-06T05:14:00.0451880Z" duration="75.156748" asserts="64">
<properties>
<property name="Category" value="nightly"/>
<property name="Category" value="MacStable"/>
<property name="Category" value="WinStable"/>
</properties>
</test-case>
</test-suite>
</test-suite>
</test-suite>
</test-suite>
<test-suite type="Assembly" id="0-1469" name="lmiAutomation.dll" fullname="/Volumes/VMware Shared Folders/ApploaderTemp/Run20241206-060040416/NUnitPlugin/lmiAutomation.dll" runstate="Runnable" testcasecount="374" result="Passed" start-time="2024-12-06T05:14:17.2700020Z" end-time="2024-12-06T05:15:24.0887230Z" duration="67.618830" total="1" passed="1" failed="0" warnings="0" inconclusive="0" skipped="0" asserts="54">
<environment framework-version="3.13.3.0" clr-version="4.0.30319.42000" os-version="MacOSX 23.6.0.0" platform="Unix" cwd="/Users/admin/Desktop/TestRunner" machine-name="Auto1011.3amlabs.net" user="root" user-domain="Auto1011.3amlabs.net" culture="en-US" uiculture="en-US" os-architecture="x64"/>
<settings>
<setting name="DisposeRunners" value="True"/>
<setting name="WorkDirectory" value="/Users/admin/Desktop/TestRunner"/>
<setting name="TestParametersDictionary" value="[ArchiveFolder, LMIAutomation.Host.SettingsTests.TC01_RejectWrongHomeSite-20241206-060109AM38]">
<item key="ArchiveFolder" value="LMIAutomation.Host.SettingsTests.TC01_RejectWrongHomeSite-20241206-060109AM38"/>
</setting>
<setting name="TestParameters" value="ArchiveFolder=LMIAutomation.Host.SettingsTests.TC01_RejectWrongHomeSite-20241206-060109AM38"/>
<setting name="ImageRuntimeVersion" value="4.0.30319"/>
<setting name="ImageTargetFrameworkName" value=".NETFramework,Version=v4.6.1"/>
<setting name="ImageRequiresX86" value="False"/>
<setting name="ImageRequiresDefaultAppDomainAssemblyResolver" value="False"/>
<setting name="NumberOfTestWorkers" value="2"/>
</settings>
<properties>
<property name="_PID" value="11583"/>
<property name="_APPDOMAIN" value="domain-"/>
</properties>
<test-suite type="SetUpFixture" id="0-1468" name="LMIAutomation" fullname="LMIAutomation.TestBase+TestBaseInit" classname="LMIAutomation.TestBase+TestBaseInit" runstate="Runnable" testcasecount="374" result="Passed" start-time="2024-12-06T05:14:17.2804420Z" end-time="2024-12-06T05:15:24.0810270Z" duration="67.600883" total="1" passed="1" failed="0" warnings="0" inconclusive="0" skipped="0" asserts="54">
<test-suite type="TestSuite" id="0-1477" name="Host" fullname="LMIAutomation.Host" runstate="Runnable" testcasecount="121" result="Passed" start-time="2024-12-06T05:14:17.4394550Z" end-time="2024-12-06T05:15:24.0701100Z" duration="67.430953" total="1" passed="1" failed="0" warnings="0" inconclusive="0" skipped="0" asserts="54">
<test-suite type="TestFixture" id="0-1428" name="SettingsTests" fullname="LMIAutomation.Host.SettingsTests" classname="LMIAutomation.Host.SettingsTests" runstate="Runnable" testcasecount="4" result="Passed" start-time="2024-12-06T05:14:17.4395780Z" end-time="2024-12-06T05:15:24.0593130Z" duration="67.420033" total="1" passed="1" failed="0" warnings="0" inconclusive="0" skipped="0" asserts="54">
<test-case id="0-1429" name="TC01_RejectWrongHomeSite" fullname="LMIAutomation.Host.SettingsTests.TC01_RejectWrongHomeSite" methodname="TC01_RejectWrongHomeSite" classname="LMIAutomation.Host.SettingsTests" runstate="Runnable" seed="807821264" result="Passed" start-time="2024-12-06T05:14:17.5596450Z" end-time="2024-12-06T05:15:24.0407350Z" duration="67.281579" asserts="54">
<properties>
<property name="Category" value="nightly"/>
<property name="Category" value="MacStable"/>
</properties>
</test-case>
</test-suite>
</test-suite>
</test-suite>
</test-suite>
<test-suite type="Assembly" id="0-1469" name="lmiAutomation.dll" fullname="/Volumes/VMware Shared Folders/ApploaderTemp/Run20241206-060040416/NUnitPlugin/lmiAutomation.dll" runstate="Runnable" testcasecount="374" result="Passed" start-time="2024-12-06T05:36:07.0432070Z" end-time="2024-12-06T05:38:09.1198000Z" duration="123.016309" total="1" passed="1" failed="0" warnings="0" inconclusive="0" skipped="0" asserts="54">
<environment framework-version="3.13.3.0" clr-version="4.0.30319.42000" os-version="MacOSX 23.6.0.0" platform="Unix" cwd="/Users/admin/Desktop/TestRunner" machine-name="Auto1011.3amlabs.net" user="root" user-domain="Auto1011.3amlabs.net" culture="en-US" uiculture="en-US" os-architecture="x64"/>
<settings>
<setting name="DisposeRunners" value="True"/>
<setting name="WorkDirectory" value="/Users/admin/Desktop/TestRunner"/>
<setting name="TestParametersDictionary" value="[ArchiveFolder, LMIAutomation.Host.SettingsTests.TC02_RejectWrongGatewayDns-20241206-063554AM83]">
<item key="ArchiveFolder" value="LMIAutomation.Host.SettingsTests.TC02_RejectWrongGatewayDns-20241206-063554AM83"/>
</setting>
<setting name="TestParameters" value="ArchiveFolder=LMIAutomation.Host.SettingsTests.TC02_RejectWrongGatewayDns-20241206-063554AM83"/>
<setting name="ImageRuntimeVersion" value="4.0.30319"/>
<setting name="ImageTargetFrameworkName" value=".NETFramework,Version=v4.6.1"/>
<setting name="ImageRequiresX86" value="False"/>
<setting name="ImageRequiresDefaultAppDomainAssemblyResolver" value="False"/>
<setting name="NumberOfTestWorkers" value="2"/>
</settings>
<properties>
<property name="_PID" value="1379"/>
<property name="_APPDOMAIN" value="domain-"/>
</properties>
<test-suite type="SetUpFixture" id="0-1468" name="LMIAutomation" fullname="LMIAutomation.TestBase+TestBaseInit" classname="LMIAutomation.TestBase+TestBaseInit" runstate="Runnable" testcasecount="374" result="Passed" start-time="2024-12-06T05:36:07.1116540Z" end-time="2024-12-06T05:38:09.1085380Z" duration="122.936758" total="1" passed="1" failed="0" warnings="0" inconclusive="0" skipped="0" asserts="54">
<test-suite type="TestSuite" id="0-1477" name="Host" fullname="LMIAutomation.Host" runstate="Runnable" testcasecount="121" result="Passed" start-time="2024-12-06T05:36:07.8270940Z" end-time="2024-12-06T05:38:09.0957190Z" duration="122.208499" total="1" passed="1" failed="0" warnings="0" inconclusive="0" skipped="0" asserts="54">
<test-suite type="TestFixture" id="0-1428" name="SettingsTests" fullname="LMIAutomation.Host.SettingsTests" classname="LMIAutomation.Host.SettingsTests" runstate="Runnable" testcasecount="4" result="Passed" start-time="2024-12-06T05:36:07.8272680Z" end-time="2024-12-06T05:38:09.0685720Z" duration="122.181179" total="1" passed="1" failed="0" warnings="0" inconclusive="0" skipped="0" asserts="54">
<test-case id="0-1430" name="TC02_RejectWrongGatewayDns" fullname="LMIAutomation.Host.SettingsTests.TC02_RejectWrongGatewayDns" methodname="TC02_RejectWrongGatewayDns" classname="LMIAutomation.Host.SettingsTests" runstate="Runnable" seed="1125826641" result="Passed" start-time="2024-12-06T05:36:07.9614720Z" end-time="2024-12-06T05:38:09.0468780Z" duration="122.025406" asserts="54">
<properties>
<property name="Category" value="nightly"/>
<property name="Category" value="MacStable"/>
</properties>
</test-case>
</test-suite>
</test-suite>
</test-suite>
</test-suite>
<test-suite type="Assembly" id="0-1469" name="lmiAutomation.dll" fullname="/Volumes/VMware Shared Folders/ApploaderTemp/Run20241206-060040416/NUnitPlugin/lmiAutomation.dll" runstate="Runnable" testcasecount="374" result="Passed" start-time="2024-12-06T05:38:18.3960290Z" end-time="2024-12-06T05:39:08.1614370Z" duration="49.829960" total="1" passed="1" failed="0" warnings="0" inconclusive="0" skipped="0" asserts="54">
<environment framework-version="3.13.3.0" clr-version="4.0.30319.42000" os-version="MacOSX 23.6.0.0" platform="Unix" cwd="/Users/admin/Desktop/TestRunner" machine-name="Auto1011.3amlabs.net" user="root" user-domain="Auto1011.3amlabs.net" culture="en-US" uiculture="en-US" os-architecture="x64"/>
<settings>
<setting name="DisposeRunners" value="True"/>
<setting name="WorkDirectory" value="/Users/admin/Desktop/TestRunner"/>
<setting name="TestParametersDictionary" value="[ArchiveFolder, LMIAutomation.Host.SettingsTests.TC03_RejectWrongForcedGateway-20241206-060109AM52]">
<item key="ArchiveFolder" value="LMIAutomation.Host.SettingsTests.TC03_RejectWrongForcedGateway-20241206-060109AM52"/>
</setting>
<setting name="TestParameters" value="ArchiveFolder=LMIAutomation.Host.SettingsTests.TC03_RejectWrongForcedGateway-20241206-060109AM52"/>
<setting name="ImageRuntimeVersion" value="4.0.30319"/>
<setting name="ImageTargetFrameworkName" value=".NETFramework,Version=v4.6.1"/>
<setting name="ImageRequiresX86" value="False"/>
<setting name="ImageRequiresDefaultAppDomainAssemblyResolver" value="False"/>
<setting name="NumberOfTestWorkers" value="2"/>
</settings>
<properties>
<property name="_PID" value="2024"/>
<property name="_APPDOMAIN" value="domain-"/>
</properties>
<test-suite type="SetUpFixture" id="0-1468" name="LMIAutomation" fullname="LMIAutomation.TestBase+TestBaseInit" classname="LMIAutomation.TestBase+TestBaseInit" runstate="Runnable" testcasecount="374" result="Passed" start-time="2024-12-06T05:38:18.4055450Z" end-time="2024-12-06T05:39:08.1507130Z" duration="49.809867" total="1" passed="1" failed="0" warnings="0" inconclusive="0" skipped="0" asserts="54">
<test-suite type="TestSuite" id="0-1477" name="Host" fullname="LMIAutomation.Host" runstate="Runnable" testcasecount="121" result="Passed" start-time="2024-12-06T05:38:18.5610140Z" end-time="2024-12-06T05:39:08.1398700Z" duration="49.643556" total="1" passed="1" failed="0" warnings="0" inconclusive="0" skipped="0" asserts="54">
<test-suite type="TestFixture" id="0-1428" name="SettingsTests" fullname="LMIAutomation.Host.SettingsTests" classname="LMIAutomation.Host.SettingsTests" runstate="Runnable" testcasecount="4" result="Passed" start-time="2024-12-06T05:38:18.5611280Z" end-time="2024-12-06T05:39:08.1272370Z" duration="49.630809" total="1" passed="1" failed="0" warnings="0" inconclusive="0" skipped="0" asserts="54">
<test-case id="0-1431" name="TC03_RejectWrongForcedGateway" fullname="LMIAutomation.Host.SettingsTests.TC03_RejectWrongForcedGateway" methodname="TC03_RejectWrongForcedGateway" classname="LMIAutomation.Host.SettingsTests" runstate="Runnable" seed="392110505" result="Passed" start-time="2024-12-06T05:38:18.6753330Z" end-time="2024-12-06T05:39:08.0934070Z" duration="49.482902" asserts="54">
<properties>
<property name="Category" value="nightly"/>
<property name="Category" value="MacStable"/>
<property name="Category" value="WinStable"/>
</properties>
</test-case>
</test-suite>
</test-suite>
</test-suite>
</test-suite>
<test-suite type="Assembly" id="0-1469" name="lmiAutomation.dll" fullname="/Volumes/VMware Shared Folders/ApploaderTemp/Run20241206-060040416/NUnitPlugin/lmiAutomation.dll" runstate="Runnable" testcasecount="374" result="Skipped" label="Ignored" site="Child" start-time="2024-12-06T05:39:15.8679050Z" end-time="2024-12-06T05:39:16.1764030Z" duration="0.308318" total="1" passed="0" failed="0" warnings="0" inconclusive="0" skipped="1" asserts="0">
<environment framework-version="3.13.3.0" clr-version="4.0.30319.42000" os-version="MacOSX 23.6.0.0" platform="Unix" cwd="/Users/admin/Desktop/TestRunner" machine-name="Auto1011.3amlabs.net" user="root" user-domain="Auto1011.3amlabs.net" culture="en-US" uiculture="en-US" os-architecture="x64"/>
<settings>
<setting name="DisposeRunners" value="True"/>
<setting name="WorkDirectory" value="/Users/admin/Desktop/TestRunner"/>
<setting name="TestParametersDictionary" value="[ArchiveFolder, LMIAutomation.Host.TLSTest.TestAllOptions-20241206-060109AM136]">
<item key="ArchiveFolder" value="LMIAutomation.Host.TLSTest.TestAllOptions-20241206-060109AM136"/>
</setting>
<setting name="TestParameters" value="ArchiveFolder=LMIAutomation.Host.TLSTest.TestAllOptions-20241206-060109AM136"/>
<setting name="ImageRuntimeVersion" value="4.0.30319"/>
<setting name="ImageTargetFrameworkName" value=".NETFramework,Version=v4.6.1"/>
<setting name="ImageRequiresX86" value="False"/>
<setting name="ImageRequiresDefaultAppDomainAssemblyResolver" value="False"/>
<setting name="NumberOfTestWorkers" value="2"/>
</settings>
<properties>
<property name="_PID" value="2576"/>
<property name="_APPDOMAIN" value="domain-"/>
</properties>
<reason>
<message>
<![CDATA[ One or more child tests were ignored ]]>
</message>
</reason>
<test-suite type="SetUpFixture" id="0-1468" name="LMIAutomation" fullname="LMIAutomation.TestBase+TestBaseInit" classname="LMIAutomation.TestBase+TestBaseInit" runstate="Runnable" testcasecount="374" result="Skipped" label="Ignored" site="Child" start-time="2024-12-06T05:39:15.8784320Z" end-time="2024-12-06T05:39:16.1763900Z" duration="0.297958" total="1" passed="0" failed="0" warnings="0" inconclusive="0" skipped="1" asserts="0">
<reason>
<message>
<![CDATA[ One or more child tests were ignored ]]>
</message>
</reason>
<test-suite type="TestSuite" id="0-1477" name="Host" fullname="LMIAutomation.Host" runstate="Runnable" testcasecount="121" result="Skipped" label="Ignored" site="Child" start-time="2024-12-06T05:39:16.0369940Z" end-time="2024-12-06T05:39:16.1756380Z" duration="0.138644" total="1" passed="0" failed="0" warnings="0" inconclusive="0" skipped="1" asserts="0">
<reason>
<message>
<![CDATA[ One or more child tests were ignored ]]>
</message>
</reason>
<test-suite type="TestFixture" id="0-1398" name="TLSTest" fullname="LMIAutomation.Host.TLSTest" classname="LMIAutomation.Host.TLSTest" runstate="Runnable" testcasecount="3" result="Skipped" label="Ignored" site="Child" start-time="2024-12-06T05:39:16.0371650Z" end-time="2024-12-06T05:39:16.1745380Z" duration="0.137373" total="1" passed="0" failed="0" warnings="0" inconclusive="0" skipped="1" asserts="0">
<reason>
<message>
<![CDATA[ One or more child tests were ignored ]]>
</message>
</reason>
<test-case id="0-1399" name="TestAllOptions" fullname="LMIAutomation.Host.TLSTest.TestAllOptions" methodname="TestAllOptions" classname="LMIAutomation.Host.TLSTest" runstate="Ignored" seed="1297682193" result="Skipped" label="Ignored" start-time="2024-12-06T05:39:16.1672050Z" end-time="2024-12-06T05:39:16.1700000Z" duration="0.002908" asserts="0">
<properties>
<property name="_SKIPREASON" value="Deprecated, needs automation and software changes"/>
<property name="Category" value="MacStable"/>
<property name="Category" value="WinStable"/>
</properties>
<reason>
<message>
<![CDATA[ Deprecated, needs automation and software changes ]]>
</message>
</reason>
</test-case>
</test-suite>
</test-suite>
</test-suite>
</test-suite>
<test-suite type="Assembly" id="0-1469" name="lmiAutomation.dll" fullname="/Volumes/VMware Shared Folders/ApploaderTemp/Run20241206-060040416/NUnitPlugin/lmiAutomation.dll" runstate="Runnable" testcasecount="374" result="Skipped" label="Ignored" site="Child" start-time="2024-12-06T05:40:01.8798100Z" end-time="2024-12-06T05:40:02.2278570Z" duration="0.347825" total="1" passed="0" failed="0" warnings="0" inconclusive="0" skipped="1" asserts="0">
<environment framework-version="3.13.3.0" clr-version="4.0.30319.42000" os-version="MacOSX 23.6.0.0" platform="Unix" cwd="/Users/admin/Desktop/TestRunner" machine-name="Auto1011.3amlabs.net" user="root" user-domain="Auto1011.3amlabs.net" culture="en-US" uiculture="en-US" os-architecture="x64"/>
<settings>
<setting name="DisposeRunners" value="True"/>
<setting name="WorkDirectory" value="/Users/admin/Desktop/TestRunner"/>
<setting name="TestParametersDictionary" value="[ArchiveFolder, LMIAutomation.Host.TLSTest.TestAllOptions-20241206-063951AM808]">
<item key="ArchiveFolder" value="LMIAutomation.Host.TLSTest.TestAllOptions-20241206-063951AM808"/>
</setting>
<setting name="TestParameters" value="ArchiveFolder=LMIAutomation.Host.TLSTest.TestAllOptions-20241206-063951AM808"/>
<setting name="ImageRuntimeVersion" value="4.0.30319"/>
<setting name="ImageTargetFrameworkName" value=".NETFramework,Version=v4.6.1"/>
<setting name="ImageRequiresX86" value="False"/>
<setting name="ImageRequiresDefaultAppDomainAssemblyResolver" value="False"/>
<setting name="NumberOfTestWorkers" value="2"/>
</settings>
<properties>
<property name="_PID" value="1379"/>
<property name="_APPDOMAIN" value="domain-"/>
</properties>
<reason>
<message>
<![CDATA[ One or more child tests were ignored ]]>
</message>
</reason>
<test-suite type="SetUpFixture" id="0-1468" name="LMIAutomation" fullname="LMIAutomation.TestBase+TestBaseInit" classname="LMIAutomation.TestBase+TestBaseInit" runstate="Runnable" testcasecount="374" result="Skipped" label="Ignored" site="Child" start-time="2024-12-06T05:40:01.8909590Z" end-time="2024-12-06T05:40:02.2273760Z" duration="0.336417" total="1" passed="0" failed="0" warnings="0" inconclusive="0" skipped="1" asserts="0">
<reason>
<message>
<![CDATA[ One or more child tests were ignored ]]>
</message>
</reason>
<test-suite type="TestSuite" id="0-1477" name="Host" fullname="LMIAutomation.Host" runstate="Runnable" testcasecount="121" result="Skipped" label="Ignored" site="Child" start-time="2024-12-06T05:40:02.0736250Z" end-time="2024-12-06T05:40:02.2263570Z" duration="0.152732" total="1" passed="0" failed="0" warnings="0" inconclusive="0" skipped="1" asserts="0">
<reason>
<message>
<![CDATA[ One or more child tests were ignored ]]>
</message>
</reason>
<test-suite type="TestFixture" id="0-1398" name="TLSTest" fullname="LMIAutomation.Host.TLSTest" classname="LMIAutomation.Host.TLSTest" runstate="Runnable" testcasecount="3" result="Skipped" label="Ignored" site="Child" start-time="2024-12-06T05:40:02.0740780Z" end-time="2024-12-06T05:40:02.2248190Z" duration="0.150741" total="1" passed="0" failed="0" warnings="0" inconclusive="0" skipped="1" asserts="0">
<reason>
<message>
<![CDATA[ One or more child tests were ignored ]]>
</message>
</reason>
<test-case id="0-1399" name="TestAllOptions" fullname="LMIAutomation.Host.TLSTest.TestAllOptions" methodname="TestAllOptions" classname="LMIAutomation.Host.TLSTest" runstate="Ignored" seed="210673317" result="Skipped" label="Ignored" start-time="2024-12-06T05:40:02.2081630Z" end-time="2024-12-06T05:40:02.2108320Z" duration="0.002781" asserts="0">
<properties>
<property name="_SKIPREASON" value="Deprecated, needs automation and software changes"/>
<property name="Category" value="MacStable"/>
<property name="Category" value="WinStable"/>
</properties>
<reason>
<message>
<![CDATA[ Deprecated, needs automation and software changes ]]>
</message>
</reason>
</test-case>
</test-suite>
</test-suite>
</test-suite>
</test-suite>
<test-suite type="Assembly" id="0-1469" name="lmiAutomation.dll" fullname="/Volumes/VMware Shared Folders/ApploaderTemp/Run20241206-060040416/NUnitPlugin/lmiAutomation.dll" runstate="Runnable" testcasecount="374" result="Skipped" label="Ignored" site="Child" start-time="2024-12-06T05:40:27.3061160Z" end-time="2024-12-06T05:40:27.8680210Z" duration="0.561741" total="1" passed="0" failed="0" warnings="0" inconclusive="0" skipped="1" asserts="0">
<environment framework-version="3.13.3.0" clr-version="4.0.30319.42000" os-version="MacOSX 23.6.0.0" platform="Unix" cwd="/Users/admin/Desktop/TestRunner" machine-name="Auto1011.3amlabs.net" user="root" user-domain="Auto1011.3amlabs.net" culture="en-US" uiculture="en-US" os-architecture="x64"/>
<settings>
<setting name="DisposeRunners" value="True"/>
<setting name="WorkDirectory" value="/Users/admin/Desktop/TestRunner"/>
<setting name="TestParametersDictionary" value="[ArchiveFolder, LMIAutomation.Host.TLSTest.TestAllOptions-20241206-064018AM961]">
<item key="ArchiveFolder" value="LMIAutomation.Host.TLSTest.TestAllOptions-20241206-064018AM961"/>
</setting>
<setting name="TestParameters" value="ArchiveFolder=LMIAutomation.Host.TLSTest.TestAllOptions-20241206-064018AM961"/>
<setting name="ImageRuntimeVersion" value="4.0.30319"/>
<setting name="ImageTargetFrameworkName" value=".NETFramework,Version=v4.6.1"/>
<setting name="ImageRequiresX86" value="False"/>
<setting name="ImageRequiresDefaultAppDomainAssemblyResolver" value="False"/>
<setting name="NumberOfTestWorkers" value="2"/>
</settings>
<properties>
<property name="_PID" value="1379"/>
<property name="_APPDOMAIN" value="domain-"/>
</properties>
<reason>
<message>
<![CDATA[ One or more child tests were ignored ]]>
</message>
</reason>
<test-suite type="SetUpFixture" id="0-1468" name="LMIAutomation" fullname="LMIAutomation.TestBase+TestBaseInit" classname="LMIAutomation.TestBase+TestBaseInit" runstate="Runnable" testcasecount="374" result="Skipped" label="Ignored" site="Child" start-time="2024-12-06T05:40:27.3269450Z" end-time="2024-12-06T05:40:27.8671300Z" duration="0.540185" total="1" passed="0" failed="0" warnings="0" inconclusive="0" skipped="1" asserts="0">
<reason>
<message>
<![CDATA[ One or more child tests were ignored ]]>
</message>
</reason>
<test-suite type="TestSuite" id="0-1477" name="Host" fullname="LMIAutomation.Host" runstate="Runnable" testcasecount="121" result="Skipped" label="Ignored" site="Child" start-time="2024-12-06T05:40:27.6648050Z" end-time="2024-12-06T05:40:27.8560150Z" duration="0.191210" total="1" passed="0" failed="0" warnings="0" inconclusive="0" skipped="1" asserts="0">
<reason>
<message>
<![CDATA[ One or more child tests were ignored ]]>
</message>
</reason>
<test-suite type="TestFixture" id="0-1398" name="TLSTest" fullname="LMIAutomation.Host.TLSTest" classname="LMIAutomation.Host.TLSTest" runstate="Runnable" testcasecount="3" result="Skipped" label="Ignored" site="Child" start-time="2024-12-06T05:40:27.6758030Z" end-time="2024-12-06T05:40:27.8451360Z" duration="0.169333" total="1" passed="0" failed="0" warnings="0" inconclusive="0" skipped="1" asserts="0">
<reason>
<message>
<![CDATA[ One or more child tests were ignored ]]>
</message>
</reason>
<test-case id="0-1399" name="TestAllOptions" fullname="LMIAutomation.Host.TLSTest.TestAllOptions" methodname="TestAllOptions" classname="LMIAutomation.Host.TLSTest" runstate="Ignored" seed="824578727" result="Skipped" label="Ignored" start-time="2024-12-06T05:40:27.8213460Z" end-time="2024-12-06T05:40:27.8250780Z" duration="0.003847" asserts="0">
<properties>
<property name="_SKIPREASON" value="Deprecated, needs automation and software changes"/>
<property name="Category" value="MacStable"/>
<property name="Category" value="WinStable"/>
</properties>
<reason>
<message>
<![CDATA[ Deprecated, needs automation and software changes ]]>
</message>
</reason>
</test-case>
</test-suite>
</test-suite>
</test-suite>
</test-suite>
<test-suite type="Assembly" id="0-1469" name="lmiAutomation.dll" fullname="/Volumes/VMware Shared Folders/ApploaderTemp/Run20241206-060040416/NUnitPlugin/lmiAutomation.dll" runstate="Runnable" testcasecount="374" result="Skipped" label="Ignored" site="Child" start-time="2024-12-06T05:40:53.2709030Z" end-time="2024-12-06T05:40:53.8113960Z" duration="0.540334" total="1" passed="0" failed="0" warnings="0" inconclusive="0" skipped="1" asserts="0">
<environment framework-version="3.13.3.0" clr-version="4.0.30319.42000" os-version="MacOSX 23.6.0.0" platform="Unix" cwd="/Users/admin/Desktop/TestRunner" machine-name="Auto1011.3amlabs.net" user="root" user-domain="Auto1011.3amlabs.net" culture="en-US" uiculture="en-US" os-architecture="x64"/>
<settings>
<setting name="DisposeRunners" value="True"/>
<setting name="WorkDirectory" value="/Users/admin/Desktop/TestRunner"/>
<setting name="TestParametersDictionary" value="[ArchiveFolder, LMIAutomation.Host.TLSTest.TestAllOptions-20241206-064042AM505]">
<item key="ArchiveFolder" value="LMIAutomation.Host.TLSTest.TestAllOptions-20241206-064042AM505"/>
</setting>
<setting name="TestParameters" value="ArchiveFolder=LMIAutomation.Host.TLSTest.TestAllOptions-20241206-064042AM505"/>
<setting name="ImageRuntimeVersion" value="4.0.30319"/>
<setting name="ImageTargetFrameworkName" value=".NETFramework,Version=v4.6.1"/>
<setting name="ImageRequiresX86" value="False"/>
<setting name="ImageRequiresDefaultAppDomainAssemblyResolver" value="False"/>
<setting name="NumberOfTestWorkers" value="2"/>
</settings>
<properties>
<property name="_PID" value="1379"/>
<property name="_APPDOMAIN" value="domain-"/>
</properties>
<reason>
<message>
<![CDATA[ One or more child tests were ignored ]]>
</message>
</reason>
<test-suite type="SetUpFixture" id="0-1468" name="LMIAutomation" fullname="LMIAutomation.TestBase+TestBaseInit" classname="LMIAutomation.TestBase+TestBaseInit" runstate="Runnable" testcasecount="374" result="Skipped" label="Ignored" site="Child" start-time="2024-12-06T05:40:53.2947770Z" end-time="2024-12-06T05:40:53.8011820Z" duration="0.506404" total="1" passed="0" failed="0" warnings="0" inconclusive="0" skipped="1" asserts="0">
<reason>
<message>
<![CDATA[ One or more child tests were ignored ]]>
</message>
</reason>
<test-suite type="TestSuite" id="0-1477" name="Host" fullname="LMIAutomation.Host" runstate="Runnable" testcasecount="121" result="Skipped" label="Ignored" site="Child" start-time="2024-12-06T05:40:53.5995800Z" end-time="2024-12-06T05:40:53.7904240Z" duration="0.190844" total="1" passed="0" failed="0" warnings="0" inconclusive="0" skipped="1" asserts="0">
<reason>
<message>
<![CDATA[ One or more child tests were ignored ]]>
</message>
</reason>
<test-suite type="TestFixture" id="0-1398" name="TLSTest" fullname="LMIAutomation.Host.TLSTest" classname="LMIAutomation.Host.TLSTest" runstate="Runnable" testcasecount="3" result="Skipped" label="Ignored" site="Child" start-time="2024-12-06T05:40:53.6099580Z" end-time="2024-12-06T05:40:53.7795530Z" duration="0.169595" total="1" passed="0" failed="0" warnings="0" inconclusive="0" skipped="1" asserts="0">
<reason>
<message>
<![CDATA[ One or more child tests were ignored ]]>
</message>
</reason>
<test-case id="0-1399" name="TestAllOptions" fullname="LMIAutomation.Host.TLSTest.TestAllOptions" methodname="TestAllOptions" classname="LMIAutomation.Host.TLSTest" runstate="Ignored" seed="238774271" result="Skipped" label="Ignored" start-time="2024-12-06T05:40:53.7604580Z" end-time="2024-12-06T05:40:53.7637150Z" duration="0.003380" asserts="0">
<properties>
<property name="_SKIPREASON" value="Deprecated, needs automation and software changes"/>
<property name="Category" value="MacStable"/>
<property name="Category" value="WinStable"/>
</properties>
<reason>
<message>
<![CDATA[ Deprecated, needs automation and software changes ]]>
</message>
</reason>
</test-case>
</test-suite>
</test-suite>
</test-suite>
</test-suite>
<test-suite type="Assembly" id="0-1469" name="lmiAutomation.dll" fullname="/Volumes/VMware Shared Folders/ApploaderTemp/Run20241206-060040416/NUnitPlugin/lmiAutomation.dll" runstate="Runnable" testcasecount="374" result="Passed" start-time="2024-12-06T05:41:01.1012840Z" end-time="2024-12-06T05:43:01.0400530Z" duration="120.464205" total="1" passed="1" failed="0" warnings="0" inconclusive="0" skipped="0" asserts="58">
<environment framework-version="3.13.3.0" clr-version="4.0.30319.42000" os-version="MacOSX 23.6.0.0" platform="Unix" cwd="/Users/admin/Desktop/TestRunner" machine-name="Auto1011.3amlabs.net" user="root" user-domain="Auto1011.3amlabs.net" culture="en-US" uiculture="en-US" os-architecture="x64"/>
<settings>
<setting name="DisposeRunners" value="True"/>
<setting name="WorkDirectory" value="/Users/admin/Desktop/TestRunner"/>
<setting name="TestParametersDictionary" value="[ArchiveFolder, LMIAutomation.Ignition.AddComputerTest.TC01_CopyToClipboard-20241206-060109AM348]">
<item key="ArchiveFolder" value="LMIAutomation.Ignition.AddComputerTest.TC01_CopyToClipboard-20241206-060109AM348"/>
</setting>
<setting name="TestParameters" value="ArchiveFolder=LMIAutomation.Ignition.AddComputerTest.TC01_CopyToClipboard-20241206-060109AM348"/>
<setting name="ImageRuntimeVersion" value="4.0.30319"/>
<setting name="ImageTargetFrameworkName" value=".NETFramework,Version=v4.6.1"/>
<setting name="ImageRequiresX86" value="False"/>
<setting name="ImageRequiresDefaultAppDomainAssemblyResolver" value="False"/>
<setting name="NumberOfTestWorkers" value="2"/>
</settings>
<properties>
<property name="_PID" value="1401"/>
<property name="_APPDOMAIN" value="domain-"/>
</properties>
<test-suite type="SetUpFixture" id="0-1468" name="LMIAutomation" fullname="LMIAutomation.TestBase+TestBaseInit" classname="LMIAutomation.TestBase+TestBaseInit" runstate="Runnable" testcasecount="374" result="Passed" start-time="2024-12-06T05:41:01.1121260Z" end-time="2024-12-06T05:43:01.0380920Z" duration="120.451553" total="1" passed="1" failed="0" warnings="0" inconclusive="0" skipped="0" asserts="58">
<test-suite type="TestSuite" id="0-1476" name="Ignition" fullname="LMIAutomation.Ignition" runstate="Runnable" testcasecount="44" result="Passed" start-time="2024-12-06T05:41:01.2916280Z" end-time="2024-12-06T05:43:01.0358690Z" duration="120.269828" total="1" passed="1" failed="0" warnings="0" inconclusive="0" skipped="0" asserts="58">
<test-suite type="TestFixture" id="0-1257" name="AddComputerTest" fullname="LMIAutomation.Ignition.AddComputerTest" classname="LMIAutomation.Ignition.AddComputerTest" runstate="Runnable" testcasecount="3" result="Passed" start-time="2024-12-06T05:41:01.2919880Z" end-time="2024-12-06T05:43:01.0253720Z" duration="120.258971" total="1" passed="1" failed="0" warnings="0" inconclusive="0" skipped="0" asserts="58">
<test-case id="0-1258" name="TC01_CopyToClipboard" fullname="LMIAutomation.Ignition.AddComputerTest.TC01_CopyToClipboard" methodname="TC01_CopyToClipboard" classname="LMIAutomation.Ignition.AddComputerTest" runstate="Runnable" seed="1718916487" result="Passed" start-time="2024-12-06T05:42:58.4554390Z" end-time="2024-12-06T05:43:00.3388810Z" duration="1.883561" asserts="6">
<properties>
<property name="Category" value="nightly"/>
<property name="Category" value="MacStable"/>
<property name="Category" value="WinStable"/>
</properties>
</test-case>
</test-suite>
</test-suite>
</test-suite>
</test-suite>
<test-suite type="Assembly" id="0-1469" name="lmiAutomation.dll" fullname="/Volumes/VMware Shared Folders/ApploaderTemp/Run20241206-060040416/NUnitPlugin/lmiAutomation.dll" runstate="Runnable" testcasecount="374" result="Passed" start-time="2024-12-06T05:43:11.9918240Z" end-time="2024-12-06T05:44:58.0170730Z" duration="105.620289" total="1" passed="1" failed="0" warnings="0" inconclusive="0" skipped="0" asserts="55">
<environment framework-version="3.13.3.0" clr-version="4.0.30319.42000" os-version="MacOSX 23.6.0.0" platform="Unix" cwd="/Users/admin/Desktop/TestRunner" machine-name="Auto1011.3amlabs.net" user="root" user-domain="Auto1011.3amlabs.net" culture="en-US" uiculture="en-US" os-architecture="x64"/>
<settings>
<setting name="DisposeRunners" value="True"/>
<setting name="WorkDirectory" value="/Users/admin/Desktop/TestRunner"/>
<setting name="TestParametersDictionary" value="[ArchiveFolder, LMIAutomation.Ignition.AddComputerTest.TC02_CancelButton-20241206-060109AM286]">
<item key="ArchiveFolder" value="LMIAutomation.Ignition.AddComputerTest.TC02_CancelButton-20241206-060109AM286"/>
</setting>
<setting name="TestParameters" value="ArchiveFolder=LMIAutomation.Ignition.AddComputerTest.TC02_CancelButton-20241206-060109AM286"/>
<setting name="ImageRuntimeVersion" value="4.0.30319"/>
<setting name="ImageTargetFrameworkName" value=".NETFramework,Version=v4.6.1"/>
<setting name="ImageRequiresX86" value="False"/>
<setting name="ImageRequiresDefaultAppDomainAssemblyResolver" value="False"/>
<setting name="NumberOfTestWorkers" value="2"/>
</settings>
<properties>
<property name="_PID" value="1502"/>
<property name="_APPDOMAIN" value="domain-"/>
</properties>
<test-suite type="SetUpFixture" id="0-1468" name="LMIAutomation" fullname="LMIAutomation.TestBase+TestBaseInit" classname="LMIAutomation.TestBase+TestBaseInit" runstate="Runnable" testcasecount="374" result="Passed" start-time="2024-12-06T05:43:12.0007870Z" end-time="2024-12-06T05:44:58.0170610Z" duration="105.611451" total="1" passed="1" failed="0" warnings="0" inconclusive="0" skipped="0" asserts="55">
<test-suite type="TestSuite" id="0-1476" name="Ignition" fullname="LMIAutomation.Ignition" runstate="Runnable" testcasecount="44" result="Passed" start-time="2024-12-06T05:43:12.1506710Z" end-time="2024-12-06T05:44:58.0167350Z" duration="105.461240" total="1" passed="1" failed="0" warnings="0" inconclusive="0" skipped="0" asserts="55">
<test-suite type="TestFixture" id="0-1257" name="AddComputerTest" fullname="LMIAutomation.Ignition.AddComputerTest" classname="LMIAutomation.Ignition.AddComputerTest" runstate="Runnable" testcasecount="3" result="Passed" start-time="2024-12-06T05:43:12.1508640Z" end-time="2024-12-06T05:44:58.0157710Z" duration="105.460084" total="1" passed="1" failed="0" warnings="0" inconclusive="0" skipped="0" asserts="55">
<test-case id="0-1259" name="TC02_CancelButton" fullname="LMIAutomation.Ignition.AddComputerTest.TC02_CancelButton" methodname="TC02_CancelButton" classname="LMIAutomation.Ignition.AddComputerTest" runstate="Runnable" seed="168836114" result="Passed" start-time="2024-12-06T05:44:55.5319210Z" end-time="2024-12-06T05:44:56.6875040Z" duration="1.155713" asserts="3">
<properties>
<property name="Category" value="nightly"/>
<property name="Category" value="MacStable"/>
<property name="Category" value="WinStable"/>
</properties>
</test-case>
</test-suite>
</test-suite>
</test-suite>
</test-suite>
<test-suite type="Assembly" id="0-1469" name="lmiAutomation.dll" fullname="/Volumes/VMware Shared Folders/ApploaderTemp/Run20241206-060040416/NUnitPlugin/lmiAutomation.dll" runstate="Runnable" testcasecount="374" result="Passed" start-time="2024-12-06T05:45:08.9029430Z" end-time="2024-12-06T05:46:56.0406980Z" duration="107.399522" total="1" passed="1" failed="0" warnings="0" inconclusive="0" skipped="0" asserts="64">
<environment framework-version="3.13.3.0" clr-version="4.0.30319.42000" os-version="MacOSX 23.6.0.0" platform="Unix" cwd="/Users/admin/Desktop/TestRunner" machine-name="Auto1011.3amlabs.net" user="root" user-domain="Auto1011.3amlabs.net" culture="en-US" uiculture="en-US" os-architecture="x64"/>
<settings>
<setting name="DisposeRunners" value="True"/>
<setting name="WorkDirectory" value="/Users/admin/Desktop/TestRunner"/>
<setting name="TestParametersDictionary" value="[ArchiveFolder, LMIAutomation.Ignition.AddComputerTest.TC03_GeneratedDeployLinksAreDifferent-20241206-060109AM72]">
<item key="ArchiveFolder" value="LMIAutomation.Ignition.AddComputerTest.TC03_GeneratedDeployLinksAreDifferent-20241206-060109AM72"/>
</setting>
<setting name="TestParameters" value="ArchiveFolder=LMIAutomation.Ignition.AddComputerTest.TC03_GeneratedDeployLinksAreDifferent-20241206-060109AM72"/>
<setting name="ImageRuntimeVersion" value="4.0.30319"/>
<setting name="ImageTargetFrameworkName" value=".NETFramework,Version=v4.6.1"/>
<setting name="ImageRequiresX86" value="False"/>
<setting name="ImageRequiresDefaultAppDomainAssemblyResolver" value="False"/>
<setting name="NumberOfTestWorkers" value="2"/>
</settings>
<properties>
<property name="_PID" value="1599"/>
<property name="_APPDOMAIN" value="domain-"/>
</properties>
<test-suite type="SetUpFixture" id="0-1468" name="LMIAutomation" fullname="LMIAutomation.TestBase+TestBaseInit" classname="LMIAutomation.TestBase+TestBaseInit" runstate="Runnable" testcasecount="374" result="Passed" start-time="2024-12-06T05:45:08.9120490Z" end-time="2024-12-06T05:46:56.0400320Z" duration="107.389893" total="1" passed="1" failed="0" warnings="0" inconclusive="0" skipped="0" asserts="64">
<test-suite type="TestSuite" id="0-1476" name="Ignition" fullname="LMIAutomation.Ignition" runstate="Runnable" testcasecount="44" result="Passed" start-time="2024-12-06T05:45:09.0618670Z" end-time="2024-12-06T05:46:56.0353490Z" duration="107.235392" total="1" passed="1" failed="0" warnings="0" inconclusive="0" skipped="0" asserts="64">
<test-suite type="TestFixture" id="0-1257" name="AddComputerTest" fullname="LMIAutomation.Ignition.AddComputerTest" classname="LMIAutomation.Ignition.AddComputerTest" runstate="Runnable" testcasecount="3" result="Passed" start-time="2024-12-06T05:45:09.0619960Z" end-time="2024-12-06T05:46:56.0232980Z" duration="107.223213" total="1" passed="1" failed="0" warnings="0" inconclusive="0" skipped="0" asserts="64">
<test-case id="0-1260" name="TC03_GeneratedDeployLinksAreDifferent" fullname="LMIAutomation.Ignition.AddComputerTest.TC03_GeneratedDeployLinksAreDifferent" methodname="TC03_GeneratedDeployLinksAreDifferent" classname="LMIAutomation.Ignition.AddComputerTest" runstate="Runnable" seed="803302730" result="Passed" start-time="2024-12-06T05:46:51.3300380Z" end-time="2024-12-06T05:46:54.3779640Z" duration="3.048036" asserts="12">
<properties>
<property name="Category" value="nightly"/>
<property name="Category" value="MacStable"/>
<property name="Category" value="WinStable"/>
</properties>
</test-case>
</test-suite>
</test-suite>
</test-suite>
</test-suite>
<test-suite type="Assembly" id="0-1469" name="lmiAutomation.dll" fullname="/Volumes/VMware Shared Folders/ApploaderTemp/Run20241206-060040416/NUnitPlugin/lmiAutomation.dll" runstate="Runnable" testcasecount="374" result="Passed" start-time="2024-12-06T05:47:10.2406440Z" end-time="2024-12-06T05:49:07.0313760Z" duration="116.721144" total="1" passed="1" failed="0" warnings="0" inconclusive="0" skipped="0" asserts="55">
<environment framework-version="3.13.3.0" clr-version="4.0.30319.42000" os-version="MacOSX 23.6.0.0" platform="Unix" cwd="/Users/admin/Desktop/TestRunner" machine-name="Auto1011.3amlabs.net" user="root" user-domain="Auto1011.3amlabs.net" culture="en-US" uiculture="en-US" os-architecture="x64"/>
<settings>
<setting name="DisposeRunners" value="True"/>
<setting name="WorkDirectory" value="/Users/admin/Desktop/TestRunner"/>
<setting name="TestParametersDictionary" value="[ArchiveFolder, LMIAutomation.Ignition.InstallTest.TC01_DefaultInstall-20241206-060109AM402]">
<item key="ArchiveFolder" value="LMIAutomation.Ignition.InstallTest.TC01_DefaultInstall-20241206-060109AM402"/>
</setting>
<setting name="TestParameters" value="ArchiveFolder=LMIAutomation.Ignition.InstallTest.TC01_DefaultInstall-20241206-060109AM402"/>
<setting name="ImageRuntimeVersion" value="4.0.30319"/>
<setting name="ImageTargetFrameworkName" value=".NETFramework,Version=v4.6.1"/>
<setting name="ImageRequiresX86" value="False"/>
<setting name="ImageRequiresDefaultAppDomainAssemblyResolver" value="False"/>
<setting name="NumberOfTestWorkers" value="2"/>
</settings>
<properties>
<property name="_PID" value="1710"/>
<property name="_APPDOMAIN" value="domain-"/>
</properties>
<test-suite type="SetUpFixture" id="0-1468" name="LMIAutomation" fullname="LMIAutomation.TestBase+TestBaseInit" classname="LMIAutomation.TestBase+TestBaseInit" runstate="Runnable" testcasecount="374" result="Passed" start-time="2024-12-06T05:47:10.2502490Z" end-time="2024-12-06T05:49:07.0313660Z" duration="116.711669" total="1" passed="1" failed="0" warnings="0" inconclusive="0" skipped="0" asserts="55">
<test-suite type="TestSuite" id="0-1476" name="Ignition" fullname="LMIAutomation.Ignition" runstate="Runnable" testcasecount="44" result="Passed" start-time="2024-12-06T05:47:10.4037350Z" end-time="2024-12-06T05:49:07.0311230Z" duration="116.557939" total="1" passed="1" failed="0" warnings="0" inconclusive="0" skipped="0" asserts="55">
<test-suite type="TestFixture" id="0-1279" name="InstallTest" fullname="LMIAutomation.Ignition.InstallTest" classname="LMIAutomation.Ignition.InstallTest" runstate="Runnable" testcasecount="6" result="Passed" start-time="2024-12-06T05:47:10.4038470Z" end-time="2024-12-06T05:49:07.0302890Z" duration="116.556994" total="1" passed="1" failed="0" warnings="0" inconclusive="0" skipped="0" asserts="55">
<test-case id="0-1280" name="TC01_DefaultInstall" fullname="LMIAutomation.Ignition.InstallTest.TC01_DefaultInstall" methodname="TC01_DefaultInstall" classname="LMIAutomation.Ignition.InstallTest" runstate="Runnable" seed="233020933" result="Passed" start-time="2024-12-06T05:47:11.0924590Z" end-time="2024-12-06T05:49:07.0198380Z" duration="115.792635" asserts="32">
<properties>
<property name="Category" value="nightly"/>
<property name="Category" value="MacStable"/>
<property name="Category" value="WinStable"/>
</properties>
</test-case>
</test-suite>
</test-suite>
</test-suite>
</test-suite>
<test-suite type="Assembly" id="0-1469" name="lmiAutomation.dll" fullname="/Volumes/VMware Shared Folders/ApploaderTemp/Run20241206-060040416/NUnitPlugin/lmiAutomation.dll" runstate="Runnable" testcasecount="374" result="Passed" start-time="2024-12-06T05:49:21.9697810Z" end-time="2024-12-06T05:52:56.1278860Z" duration="214.847989" total="1" passed="1" failed="0" warnings="0" inconclusive="0" skipped="0" asserts="38">
<environment framework-version="3.13.3.0" clr-version="4.0.30319.42000" os-version="MacOSX 23.6.0.0" platform="Unix" cwd="/Users/admin/Desktop/TestRunner" machine-name="Auto1011.3amlabs.net" user="root" user-domain="Auto1011.3amlabs.net" culture="en-US" uiculture="en-US" os-architecture="x64"/>
<settings>
<setting name="DisposeRunners" value="True"/>
<setting name="WorkDirectory" value="/Users/admin/Desktop/TestRunner"/>
<setting name="TestParametersDictionary" value="[ArchiveFolder, LMIAutomation.Plugin.RemoteFM.TC01_Self_FM_Gateway-20241206-060109AM964]">
<item key="ArchiveFolder" value="LMIAutomation.Plugin.RemoteFM.TC01_Self_FM_Gateway-20241206-060109AM964"/>
</setting>
<setting name="TestParameters" value="ArchiveFolder=LMIAutomation.Plugin.RemoteFM.TC01_Self_FM_Gateway-20241206-060109AM964"/>
<setting name="ImageRuntimeVersion" value="4.0.30319"/>
<setting name="ImageTargetFrameworkName" value=".NETFramework,Version=v4.6.1"/>
<setting name="ImageRequiresX86" value="False"/>
<setting name="ImageRequiresDefaultAppDomainAssemblyResolver" value="False"/>
<setting name="NumberOfTestWorkers" value="2"/>
</settings>
<properties>
<property name="_PID" value="2729"/>
<property name="_APPDOMAIN" value="domain-"/>
</properties>
<test-suite type="SetUpFixture" id="0-1468" name="LMIAutomation" fullname="LMIAutomation.TestBase+TestBaseInit" classname="LMIAutomation.TestBase+TestBaseInit" runstate="Runnable" testcasecount="374" result="Passed" start-time="2024-12-06T05:49:21.9793120Z" end-time="2024-12-06T05:52:56.1175280Z" duration="214.828242" total="1" passed="1" failed="0" warnings="0" inconclusive="0" skipped="0" asserts="38">
<test-suite type="TestSuite" id="0-1473" name="Plugin" fullname="LMIAutomation.Plugin" runstate="Runnable" testcasecount="78" result="Passed" start-time="2024-12-06T05:49:22.1324830Z" end-time="2024-12-06T05:52:56.1058820Z" duration="214.663425" total="1" passed="1" failed="0" warnings="0" inconclusive="0" skipped="0" asserts="38">
<test-suite type="TestFixture" id="0-1180" name="RemoteFM" fullname="LMIAutomation.Plugin.RemoteFM" classname="LMIAutomation.Plugin.RemoteFM" runstate="Runnable" testcasecount="13" result="Passed" start-time="2024-12-06T05:49:22.1326470Z" end-time="2024-12-06T05:52:56.0937500Z" duration="214.651130" total="1" passed="1" failed="0" warnings="0" inconclusive="0" skipped="0" asserts="38">
<test-case id="0-1181" name="TC01_Self_FM_Gateway" fullname="LMIAutomation.Plugin.RemoteFM.TC01_Self_FM_Gateway" methodname="TC01_Self_FM_Gateway" classname="LMIAutomation.Plugin.RemoteFM" runstate="Runnable" seed="2005535042" result="Passed" start-time="2024-12-06T05:49:22.2498750Z" end-time="2024-12-06T05:52:56.0692480Z" duration="214.509519" asserts="38">
<properties>
<property name="Category" value="nightly"/>
<property name="Category" value="MacStable"/>
<property name="Category" value="WinStable"/>
</properties>
</test-case>
</test-suite>
</test-suite>
</test-suite>
</test-suite>
<test-suite type="Assembly" id="0-1469" name="lmiAutomation.dll" fullname="/Volumes/VMware Shared Folders/ApploaderTemp/Run20241206-060040416/NUnitPlugin/lmiAutomation.dll" runstate="Runnable" testcasecount="374" result="Passed" start-time="2024-12-06T05:53:09.4112460Z" end-time="2024-12-06T05:56:06.0331340Z" duration="175.800091" total="1" passed="1" failed="0" warnings="0" inconclusive="0" skipped="0" asserts="39">
<environment framework-version="3.13.3.0" clr-version="4.0.30319.42000" os-version="MacOSX 23.6.0.0" platform="Unix" cwd="/Users/admin/Desktop/TestRunner" machine-name="Auto1011.3amlabs.net" user="root" user-domain="Auto1011.3amlabs.net" culture="en-US" uiculture="en-US" os-architecture="x64"/>
<settings>
<setting name="DisposeRunners" value="True"/>
<setting name="WorkDirectory" value="/Users/admin/Desktop/TestRunner"/>
<setting name="TestParametersDictionary" value="[ArchiveFolder, LMIAutomation.Plugin.SelfRC.TC01_Self_RC_Gateway_OpenSSL-20241206-060109AM557]">
<item key="ArchiveFolder" value="LMIAutomation.Plugin.SelfRC.TC01_Self_RC_Gateway_OpenSSL-20241206-060109AM557"/>
</setting>
<setting name="TestParameters" value="ArchiveFolder=LMIAutomation.Plugin.SelfRC.TC01_Self_RC_Gateway_OpenSSL-20241206-060109AM557"/>
<setting name="ImageRuntimeVersion" value="4.0.30319"/>
<setting name="ImageTargetFrameworkName" value=".NETFramework,Version=v4.6.1"/>
<setting name="ImageRequiresX86" value="False"/>
<setting name="ImageRequiresDefaultAppDomainAssemblyResolver" value="False"/>
<setting name="NumberOfTestWorkers" value="2"/>
</settings>
<properties>
<property name="_PID" value="3363"/>
<property name="_APPDOMAIN" value="domain-"/>
</properties>
<test-suite type="SetUpFixture" id="0-1468" name="LMIAutomation" fullname="LMIAutomation.TestBase+TestBaseInit" classname="LMIAutomation.TestBase+TestBaseInit" runstate="Runnable" testcasecount="374" result="Passed" start-time="2024-12-06T05:53:09.4203570Z" end-time="2024-12-06T05:56:06.0331200Z" duration="175.791103" total="1" passed="1" failed="0" warnings="0" inconclusive="0" skipped="0" asserts="39">
<test-suite type="TestSuite" id="0-1473" name="Plugin" fullname="LMIAutomation.Plugin" runstate="Runnable" testcasecount="78" result="Passed" start-time="2024-12-06T05:53:09.5736560Z" end-time="2024-12-06T05:56:06.0327500Z" duration="175.637434" total="1" passed="1" failed="0" warnings="0" inconclusive="0" skipped="0" asserts="39">
<test-suite type="TestFixture" id="0-1161" name="SelfRC" fullname="LMIAutomation.Plugin.SelfRC" classname="LMIAutomation.Plugin.SelfRC" runstate="Runnable" testcasecount="15" result="Passed" start-time="2024-12-06T05:53:09.5737770Z" end-time="2024-12-06T05:56:06.0320680Z" duration="175.636631" total="1" passed="1" failed="0" warnings="0" inconclusive="0" skipped="0" asserts="39">
<test-case id="0-1162" name="TC01_Self_RC_Gateway_OpenSSL" fullname="LMIAutomation.Plugin.SelfRC.TC01_Self_RC_Gateway_OpenSSL" methodname="TC01_Self_RC_Gateway_OpenSSL" classname="LMIAutomation.Plugin.SelfRC" runstate="Runnable" seed="833417874" result="Passed" start-time="2024-12-06T05:53:09.6893690Z" end-time="2024-12-06T05:56:06.0278670Z" duration="175.516958" asserts="39">
<properties>
<property name="Category" value="nightly"/>
<property name="Category" value="WinStable"/>
<property name="Category" value="MacStable"/>
</properties>
</test-case>
</test-suite>
</test-suite>
</test-suite>
</test-suite>
<test-suite type="Assembly" id="0-1469" name="lmiAutomation.dll" fullname="/Volumes/VMware Shared Folders/ApploaderTemp/Run20241206-060040416/NUnitPlugin/lmiAutomation.dll" runstate="Runnable" testcasecount="374" result="Passed" start-time="2024-12-06T05:56:17.7351360Z" end-time="2024-12-06T06:10:08.0771770Z" duration="831.064359" total="1" passed="1" failed="0" warnings="0" inconclusive="0" skipped="0" asserts="74">
<environment framework-version="3.13.3.0" clr-version="4.0.30319.42000" os-version="MacOSX 23.6.0.0" platform="Unix" cwd="/Users/admin/Desktop/TestRunner" machine-name="Auto1011.3amlabs.net" user="root" user-domain="Auto1011.3amlabs.net" culture="en-US" uiculture="en-US" os-architecture="x64"/>
<settings>
<setting name="DisposeRunners" value="True"/>
<setting name="WorkDirectory" value="/Users/admin/Desktop/TestRunner"/>
<setting name="TestParametersDictionary" value="[ArchiveFolder, LMIAutomation.Host.UpdateTest.TC01_Host_Update_Auto_ChangeOSTime_DoRemoteSession_UseProx-20241206-060109AM59]">
<item key="ArchiveFolder" value="LMIAutomation.Host.UpdateTest.TC01_Host_Update_Auto_ChangeOSTime_DoRemoteSession_UseProx-20241206-060109AM59"/>
</setting>
<setting name="TestParameters" value="ArchiveFolder=LMIAutomation.Host.UpdateTest.TC01_Host_Update_Auto_ChangeOSTime_DoRemoteSession_UseProx-20241206-060109AM59"/>
<setting name="ImageRuntimeVersion" value="4.0.30319"/>
<setting name="ImageTargetFrameworkName" value=".NETFramework,Version=v4.6.1"/>
<setting name="ImageRequiresX86" value="False"/>
<setting name="ImageRequiresDefaultAppDomainAssemblyResolver" value="False"/>
<setting name="NumberOfTestWorkers" value="2"/>
</settings>
<properties>
<property name="_PID" value="3988"/>
<property name="_APPDOMAIN" value="domain-"/>
</properties>
<test-suite type="SetUpFixture" id="0-1468" name="LMIAutomation" fullname="LMIAutomation.TestBase+TestBaseInit" classname="LMIAutomation.TestBase+TestBaseInit" runstate="Runnable" testcasecount="374" result="Passed" start-time="2024-12-06T05:56:17.7460270Z" end-time="2024-12-06T06:10:08.0768960Z" duration="831.053334" total="1" passed="1" failed="0" warnings="0" inconclusive="0" skipped="0" asserts="74">
<test-suite type="TestSuite" id="0-1477" name="Host" fullname="LMIAutomation.Host" runstate="Runnable" testcasecount="121" result="Passed" start-time="2024-12-06T05:56:17.9019590Z" end-time="2024-12-06T06:10:08.0767570Z" duration="830.897263" total="1" passed="1" failed="0" warnings="0" inconclusive="0" skipped="0" asserts="74">
<test-suite type="TestFixture" id="0-1454" name="UpdateTest" fullname="LMIAutomation.Host.UpdateTest" classname="LMIAutomation.Host.UpdateTest" runstate="Runnable" testcasecount="10" result="Passed" start-time="2024-12-06T05:56:17.9021080Z" end-time="2024-12-06T06:10:08.0666280Z" duration="830.886986" total="1" passed="1" failed="0" warnings="0" inconclusive="0" skipped="0" asserts="74">
<test-suite type="ParameterizedMethod" id="0-1458" name="TC01_Host_Update_Auto_ChangeOSTime_DoRemoteSession_UseProxy" fullname="LMIAutomation.Host.UpdateTest.TC01_Host_Update_Auto_ChangeOSTime_DoRemoteSession_UseProxy" classname="LMIAutomation.Host.UpdateTest" runstate="Runnable" testcasecount="3" result="Passed" start-time="2024-12-06T05:56:18.0214860Z" end-time="2024-12-06T06:10:08.0551770Z" duration="830.756156" total="1" passed="1" failed="0" warnings="0" inconclusive="0" skipped="0" asserts="74">
<properties>
<property name="_JOINTYPE" value="Sequential"/>
</properties>
<test-case id="0-1455" name="TC01_Host_Update_Auto_ChangeOSTime_DoRemoteSession_UseProxy(False,False)" fullname="LMIAutomation.Host.UpdateTest.TC01_Host_Update_Auto_ChangeOSTime_DoRemoteSession_UseProxy(False,False)" methodname="TC01_Host_Update_Auto_ChangeOSTime_DoRemoteSession_UseProxy" classname="LMIAutomation.Host.UpdateTest" runstate="Runnable" seed="1489566488" result="Passed" start-time="2024-12-06T05:56:18.0217220Z" end-time="2024-12-06T06:10:08.0413540Z" duration="830.742218" asserts="74"/>
</test-suite>
</test-suite>
</test-suite>
</test-suite>
</test-suite>
<test-suite type="Assembly" id="0-1469" name="lmiAutomation.dll" fullname="/Volumes/VMware Shared Folders/ApploaderTemp/Run20241206-060040416/NUnitPlugin/lmiAutomation.dll" runstate="Runnable" testcasecount="374" result="Passed" start-time="2024-12-06T06:10:25.2755350Z" end-time="2024-12-06T06:19:56.0674820Z" duration="570.655314" total="1" passed="1" failed="0" warnings="0" inconclusive="0" skipped="0" asserts="74">
<environment framework-version="3.13.3.0" clr-version="4.0.30319.42000" os-version="MacOSX 23.6.0.0" platform="Unix" cwd="/Users/admin/Desktop/TestRunner" machine-name="Auto1011.3amlabs.net" user="root" user-domain="Auto1011.3amlabs.net" culture="en-US" uiculture="en-US" os-architecture="x64"/>
<settings>
<setting name="DisposeRunners" value="True"/>
<setting name="WorkDirectory" value="/Users/admin/Desktop/TestRunner"/>
<setting name="TestParametersDictionary" value="[ArchiveFolder, LMIAutomation.Host.UpdateTest.TC02_Host_Update_Manual_Installer_DoRemoteSessio-20241206-060109AM187]">
<item key="ArchiveFolder" value="LMIAutomation.Host.UpdateTest.TC02_Host_Update_Manual_Installer_DoRemoteSessio-20241206-060109AM187"/>
</setting>
<setting name="TestParameters" value="ArchiveFolder=LMIAutomation.Host.UpdateTest.TC02_Host_Update_Manual_Installer_DoRemoteSessio-20241206-060109AM187"/>
<setting name="ImageRuntimeVersion" value="4.0.30319"/>
<setting name="ImageTargetFrameworkName" value=".NETFramework,Version=v4.6.1"/>
<setting name="ImageRequiresX86" value="False"/>
<setting name="ImageRequiresDefaultAppDomainAssemblyResolver" value="False"/>
<setting name="NumberOfTestWorkers" value="2"/>
</settings>
<properties>
<property name="_PID" value="7850"/>
<property name="_APPDOMAIN" value="domain-"/>
</properties>
<test-suite type="SetUpFixture" id="0-1468" name="LMIAutomation" fullname="LMIAutomation.TestBase+TestBaseInit" classname="LMIAutomation.TestBase+TestBaseInit" runstate="Runnable" testcasecount="374" result="Passed" start-time="2024-12-06T06:10:25.2849350Z" end-time="2024-12-06T06:19:56.0672090Z" duration="570.645791" total="1" passed="1" failed="0" warnings="0" inconclusive="0" skipped="0" asserts="74">
<test-suite type="TestSuite" id="0-1477" name="Host" fullname="LMIAutomation.Host" runstate="Runnable" testcasecount="121" result="Passed" start-time="2024-12-06T06:10:25.4431820Z" end-time="2024-12-06T06:19:56.0665040Z" duration="570.486838" total="1" passed="1" failed="0" warnings="0" inconclusive="0" skipped="0" asserts="74">
<test-suite type="TestFixture" id="0-1454" name="UpdateTest" fullname="LMIAutomation.Host.UpdateTest" classname="LMIAutomation.Host.UpdateTest" runstate="Runnable" testcasecount="10" result="Passed" start-time="2024-12-06T06:10:25.4433580Z" end-time="2024-12-06T06:19:56.0592220Z" duration="570.479381" total="1" passed="1" failed="0" warnings="0" inconclusive="0" skipped="0" asserts="74">
<test-suite type="ParameterizedMethod" id="0-1461" name="TC02_Host_Update_Manual_Installer_DoRemoteSession" fullname="LMIAutomation.Host.UpdateTest.TC02_Host_Update_Manual_Installer_DoRemoteSession" classname="LMIAutomation.Host.UpdateTest" runstate="Runnable" testcasecount="2" result="Passed" start-time="2024-12-06T06:10:25.5605690Z" end-time="2024-12-06T06:19:56.0480440Z" duration="570.350991" total="1" passed="1" failed="0" warnings="0" inconclusive="0" skipped="0" asserts="74">
<test-case id="0-1460" name="TC02_Host_Update_Manual_Installer_DoRemoteSession(False)" fullname="LMIAutomation.Host.UpdateTest.TC02_Host_Update_Manual_Installer_DoRemoteSession(False)" methodname="TC02_Host_Update_Manual_Installer_DoRemoteSession" classname="LMIAutomation.Host.UpdateTest" runstate="Runnable" seed="1725074195" result="Passed" start-time="2024-12-06T06:10:25.5608040Z" end-time="2024-12-06T06:19:56.0342720Z" duration="570.337110" asserts="74"/>
</test-suite>
</test-suite>
</test-suite>
</test-suite>
</test-suite>
<test-suite type="Assembly" id="0-1469" name="lmiAutomation.dll" fullname="/Volumes/VMware Shared Folders/ApploaderTemp/Run20241206-060040416/NUnitPlugin/lmiAutomation.dll" runstate="Runnable" testcasecount="374" result="Passed" start-time="2024-12-06T06:20:13.2757730Z" end-time="2024-12-06T06:33:31.0762800Z" duration="797.548643" total="1" passed="1" failed="0" warnings="0" inconclusive="0" skipped="0" asserts="68">
<environment framework-version="3.13.3.0" clr-version="4.0.30319.42000" os-version="MacOSX 23.6.0.0" platform="Unix" cwd="/Users/admin/Desktop/TestRunner" machine-name="Auto1011.3amlabs.net" user="root" user-domain="Auto1011.3amlabs.net" culture="en-US" uiculture="en-US" os-architecture="x64"/>
<settings>
<setting name="DisposeRunners" value="True"/>
<setting name="WorkDirectory" value="/Users/admin/Desktop/TestRunner"/>
<setting name="TestParametersDictionary" value="[ArchiveFolder, LMIAutomation.Ignition.UpdateTest.TC01_Ignition_Update_Auto_GetUpdateNow_DoRemoteSessio-20241206-060109AM194]">
<item key="ArchiveFolder" value="LMIAutomation.Ignition.UpdateTest.TC01_Ignition_Update_Auto_GetUpdateNow_DoRemoteSessio-20241206-060109AM194"/>
</setting>
<setting name="TestParameters" value="ArchiveFolder=LMIAutomation.Ignition.UpdateTest.TC01_Ignition_Update_Auto_GetUpdateNow_DoRemoteSessio-20241206-060109AM194"/>
<setting name="ImageRuntimeVersion" value="4.0.30319"/>
<setting name="ImageTargetFrameworkName" value=".NETFramework,Version=v4.6.1"/>
<setting name="ImageRequiresX86" value="False"/>
<setting name="ImageRequiresDefaultAppDomainAssemblyResolver" value="False"/>
<setting name="NumberOfTestWorkers" value="2"/>
</settings>
<properties>
<property name="_PID" value="10393"/>
<property name="_APPDOMAIN" value="domain-"/>
</properties>
<test-suite type="SetUpFixture" id="0-1468" name="LMIAutomation" fullname="LMIAutomation.TestBase+TestBaseInit" classname="LMIAutomation.TestBase+TestBaseInit" runstate="Runnable" testcasecount="374" result="Passed" start-time="2024-12-06T06:20:13.2849850Z" end-time="2024-12-06T06:33:31.0762700Z" duration="797.539564" total="1" passed="1" failed="0" warnings="0" inconclusive="0" skipped="0" asserts="68">
<test-suite type="TestSuite" id="0-1476" name="Ignition" fullname="LMIAutomation.Ignition" runstate="Runnable" testcasecount="44" result="Passed" start-time="2024-12-06T06:20:13.4384020Z" end-time="2024-12-06T06:33:31.0761880Z" duration="797.386065" total="1" passed="1" failed="0" warnings="0" inconclusive="0" skipped="0" asserts="68">
<test-suite type="TestFixture" id="0-1310" name="UpdateTest" fullname="LMIAutomation.Ignition.UpdateTest" classname="LMIAutomation.Ignition.UpdateTest" runstate="Runnable" testcasecount="6" result="Passed" start-time="2024-12-06T06:20:13.4385850Z" end-time="2024-12-06T06:33:31.0756030Z" duration="797.385297" total="1" passed="1" failed="0" warnings="0" inconclusive="0" skipped="0" asserts="68">
<test-suite type="ParameterizedMethod" id="0-1313" name="TC01_Ignition_Update_Auto_GetUpdateNow_DoRemoteSession" fullname="LMIAutomation.Ignition.UpdateTest.TC01_Ignition_Update_Auto_GetUpdateNow_DoRemoteSession" classname="LMIAutomation.Ignition.UpdateTest" runstate="Runnable" testcasecount="2" result="Passed" start-time="2024-12-06T06:20:14.0165960Z" end-time="2024-12-06T06:33:31.0650620Z" duration="796.656524" total="1" passed="1" failed="0" warnings="0" inconclusive="0" skipped="0" asserts="45">
<test-case id="0-1312" name="TC01_Ignition_Update_Auto_GetUpdateNow_DoRemoteSession(False)" fullname="LMIAutomation.Ignition.UpdateTest.TC01_Ignition_Update_Auto_GetUpdateNow_DoRemoteSession(False)" methodname="TC01_Ignition_Update_Auto_GetUpdateNow_DoRemoteSession" classname="LMIAutomation.Ignition.UpdateTest" runstate="Runnable" seed="415679503" result="Passed" start-time="2024-12-06T06:20:14.0168120Z" end-time="2024-12-06T06:33:31.0513420Z" duration="796.642721" asserts="45"/>
</test-suite>
</test-suite>
</test-suite>
</test-suite>
</test-suite>
<test-suite type="Assembly" id="0-1469" name="lmiAutomation.dll" fullname="/Volumes/VMware Shared Folders/ApploaderTemp/Run20241206-060040416/NUnitPlugin/lmiAutomation.dll" runstate="Runnable" testcasecount="374" result="Failed" site="Child" start-time="2024-12-06T06:54:17.8497830Z" end-time="2024-12-06T06:58:10.0755170Z" duration="232.485872" total="1" passed="0" failed="1" warnings="0" inconclusive="0" skipped="0" asserts="58">
<environment framework-version="3.13.3.0" clr-version="4.0.30319.42000" os-version="MacOSX 23.6.0.0" platform="Unix" cwd="/Users/admin/Desktop/TestRunner" machine-name="Auto1011.3amlabs.net" user="root" user-domain="Auto1011.3amlabs.net" culture="en-US" uiculture="en-US" os-architecture="x64"/>
<settings>
<setting name="DisposeRunners" value="True"/>
<setting name="WorkDirectory" value="/Users/admin/Desktop/TestRunner"/>
<setting name="TestParametersDictionary" value="[ArchiveFolder, LMIAutomation.Ignition.UpdateTest.TC02_Ignition_Update_Manual_Installer_DoRemoteSessio-20241206-075409AM845]">
<item key="ArchiveFolder" value="LMIAutomation.Ignition.UpdateTest.TC02_Ignition_Update_Manual_Installer_DoRemoteSessio-20241206-075409AM845"/>
</setting>
<setting name="TestParameters" value="ArchiveFolder=LMIAutomation.Ignition.UpdateTest.TC02_Ignition_Update_Manual_Installer_DoRemoteSessio-20241206-075409AM845"/>
<setting name="ImageRuntimeVersion" value="4.0.30319"/>
<setting name="ImageTargetFrameworkName" value=".NETFramework,Version=v4.6.1"/>
<setting name="ImageRequiresX86" value="False"/>
<setting name="ImageRequiresDefaultAppDomainAssemblyResolver" value="False"/>
<setting name="NumberOfTestWorkers" value="2"/>
</settings>
<properties>
<property name="_PID" value="1379"/>
<property name="_APPDOMAIN" value="domain-"/>
</properties>
<failure>
<message>
<![CDATA[ One or more child tests had errors ]]>
</message>
</failure>
<test-suite type="SetUpFixture" id="0-1468" name="LMIAutomation" fullname="LMIAutomation.TestBase+TestBaseInit" classname="LMIAutomation.TestBase+TestBaseInit" runstate="Runnable" testcasecount="374" result="Failed" site="Child" start-time="2024-12-06T06:54:17.8699960Z" end-time="2024-12-06T06:58:10.0755110Z" duration="232.465859" total="1" passed="0" failed="1" warnings="0" inconclusive="0" skipped="0" asserts="58">
<failure>
<message>
<![CDATA[ One or more child tests had errors ]]>
</message>
</failure>
<test-suite type="TestSuite" id="0-1476" name="Ignition" fullname="LMIAutomation.Ignition" runstate="Runnable" testcasecount="44" result="Failed" site="Child" start-time="2024-12-06T06:54:18.1199500Z" end-time="2024-12-06T06:58:10.0754770Z" duration="232.215872" total="1" passed="0" failed="1" warnings="0" inconclusive="0" skipped="0" asserts="58">
<failure>
<message>
<![CDATA[ One or more child tests had errors ]]>
</message>
</failure>
<test-suite type="TestFixture" id="0-1310" name="UpdateTest" fullname="LMIAutomation.Ignition.UpdateTest" classname="LMIAutomation.Ignition.UpdateTest" runstate="Runnable" testcasecount="6" result="Failed" site="Child" start-time="2024-12-06T06:54:18.1332480Z" end-time="2024-12-06T06:58:10.0754470Z" duration="232.202543" total="1" passed="0" failed="1" warnings="0" inconclusive="0" skipped="0" asserts="58">
<failure>
<message>
<![CDATA[ One or more child tests had errors ]]>
</message>
</failure>
<test-suite type="ParameterizedMethod" id="0-1316" name="TC02_Ignition_Update_Manual_Installer_DoRemoteSession" fullname="LMIAutomation.Ignition.UpdateTest.TC02_Ignition_Update_Manual_Installer_DoRemoteSession" classname="LMIAutomation.Ignition.UpdateTest" runstate="Runnable" testcasecount="2" result="Failed" site="Child" start-time="2024-12-06T06:54:19.0348850Z" end-time="2024-12-06T06:58:10.0689600Z" duration="230.810679" total="1" passed="0" failed="1" warnings="0" inconclusive="0" skipped="0" asserts="35">
<failure>
<message>
<![CDATA[ One or more child tests had errors ]]>
</message>
</failure>
<test-case id="0-1315" name="TC02_Ignition_Update_Manual_Installer_DoRemoteSession(False)" fullname="LMIAutomation.Ignition.UpdateTest.TC02_Ignition_Update_Manual_Installer_DoRemoteSession(False)" methodname="TC02_Ignition_Update_Manual_Installer_DoRemoteSession" classname="LMIAutomation.Ignition.UpdateTest" runstate="Runnable" seed="478567168" result="Failed" label="Error" start-time="2024-12-06T06:54:19.0471940Z" end-time="2024-12-06T06:58:10.0535660Z" duration="230.783098" asserts="35">
<failure>
<message>
<![CDATA[ Ignition login failed Expected: True But was: False TearDown : NUnit.Framework.MultipleAssertException : Ignition login failed Expected: True But was: False ]]>
</message>
<stack-trace>
<![CDATA[ at LMIAutomation.TestBase.StartAndWaitIgnitionLogin (Utilities.Credentials.UserCredentials userCred, LogMeIn.Automation.Central.ProductLogic.LogMeInAutomationContext context, System.Boolean waitForLogin) [0x00000] in <f56715fbcf0042189ab212178dfdb156>:0 at LMIAutomation.TestBase.InstallAndValidateIgnitionVersion (System.String version, Utilities.Credentials.UserCredentials credentials, System.Boolean loginAfterInstall, System.String clsBaseUrl) [0x00000] in <f56715fbcf0042189ab212178dfdb156>:0 at LMIAutomation.Ignition.UpdateTest.TC02_Ignition_Update_Manual_Installer_DoRemoteSession (System.Boolean doRemoteSessions) [0x00000] in <f56715fbcf0042189ab212178dfdb156>:0 --TearDown at NUnit.Framework.Assert.Multiple (NUnit.Framework.TestDelegate testDelegate) [0x0007b] in <c804c596ec8e46f396062449e02bacdd>:0 at LMIAutomation.TestBase.CleanUp () [0x00045] in <f56715fbcf0042189ab212178dfdb156>:0 at LMIAutomation.Ignition.UpdateTest.Teardown () [0x00008] in <f56715fbcf0042189ab212178dfdb156>:0 at (wrapper managed-to-native) System.Reflection.MonoMethod.InternalInvoke(System.Reflection.MonoMethod,object,object[],System.Exception&) at System.Reflection.MonoMethod.Invoke (System.Object obj, System.Reflection.BindingFlags invokeAttr, System.Reflection.Binder binder, System.Object[] parameters, System.Globalization.CultureInfo culture) [0x00032] in <ede5cf6930dc4b9a8366f15f6c89bbd0>:0 ]]>
</stack-trace>
</failure>
<assertions>
<assertion result="Failed">
<message>
<![CDATA[ Ignition login failed Expected: True But was: False ]]>
</message>
<stack-trace>
<![CDATA[ at LMIAutomation.TestBase.StartAndWaitIgnitionLogin (Utilities.Credentials.UserCredentials userCred, LogMeIn.Automation.Central.ProductLogic.LogMeInAutomationContext context, System.Boolean waitForLogin) [0x00000] in <f56715fbcf0042189ab212178dfdb156>:0 at LMIAutomation.TestBase.InstallAndValidateIgnitionVersion (System.String version, Utilities.Credentials.UserCredentials credentials, System.Boolean loginAfterInstall, System.String clsBaseUrl) [0x00000] in <f56715fbcf0042189ab212178dfdb156>:0 at LMIAutomation.Ignition.UpdateTest.TC02_Ignition_Update_Manual_Installer_DoRemoteSession (System.Boolean doRemoteSessions) [0x00000] in <f56715fbcf0042189ab212178dfdb156>:0 ]]>
</stack-trace>
</assertion>
</assertions>
</test-case>
</test-suite>
</test-suite>
</test-suite>
</test-suite>
</test-suite>
<test-suite type="Assembly" id="0-1469" name="lmiAutomation.dll" fullname="/Volumes/VMware Shared Folders/ApploaderTemp/Run20241206-060040416/NUnitPlugin/lmiAutomation.dll" runstate="Runnable" testcasecount="374" result="Failed" site="Child" start-time="2024-12-06T06:58:42.1404440Z" end-time="2024-12-06T07:02:34.0257840Z" duration="232.777329" total="1" passed="0" failed="1" warnings="0" inconclusive="0" skipped="0" asserts="58">
<environment framework-version="3.13.3.0" clr-version="4.0.30319.42000" os-version="MacOSX 23.6.0.0" platform="Unix" cwd="/Users/admin/Desktop/TestRunner" machine-name="Auto1011.3amlabs.net" user="root" user-domain="Auto1011.3amlabs.net" culture="en-US" uiculture="en-US" os-architecture="x64"/>
<settings>
<setting name="DisposeRunners" value="True"/>
<setting name="WorkDirectory" value="/Users/admin/Desktop/TestRunner"/>
<setting name="TestParametersDictionary" value="[ArchiveFolder, LMIAutomation.Ignition.UpdateTest.TC02_Ignition_Update_Manual_Installer_DoRemoteSessio-20241206-075833AM545]">
<item key="ArchiveFolder" value="LMIAutomation.Ignition.UpdateTest.TC02_Ignition_Update_Manual_Installer_DoRemoteSessio-20241206-075833AM545"/>
</setting>
<setting name="TestParameters" value="ArchiveFolder=LMIAutomation.Ignition.UpdateTest.TC02_Ignition_Update_Manual_Installer_DoRemoteSessio-20241206-075833AM545"/>
<setting name="ImageRuntimeVersion" value="4.0.30319"/>
<setting name="ImageTargetFrameworkName" value=".NETFramework,Version=v4.6.1"/>
<setting name="ImageRequiresX86" value="False"/>
<setting name="ImageRequiresDefaultAppDomainAssemblyResolver" value="False"/>
<setting name="NumberOfTestWorkers" value="2"/>
</settings>
<properties>
<property name="_PID" value="1379"/>
<property name="_APPDOMAIN" value="domain-"/>
</properties>
<failure>
<message>
<![CDATA[ One or more child tests had errors ]]>
</message>
</failure>
<test-suite type="SetUpFixture" id="0-1468" name="LMIAutomation" fullname="LMIAutomation.TestBase+TestBaseInit" classname="LMIAutomation.TestBase+TestBaseInit" runstate="Runnable" testcasecount="374" result="Failed" site="Child" start-time="2024-12-06T06:58:42.1621420Z" end-time="2024-12-06T07:02:34.0257790Z" duration="232.755780" total="1" passed="0" failed="1" warnings="0" inconclusive="0" skipped="0" asserts="58">
<failure>
<message>
<![CDATA[ One or more child tests had errors ]]>
</message>
</failure>
<test-suite type="TestSuite" id="0-1476" name="Ignition" fullname="LMIAutomation.Ignition" runstate="Runnable" testcasecount="44" result="Failed" site="Child" start-time="2024-12-06T06:58:42.4009900Z" end-time="2024-12-06T07:02:34.0257560Z" duration="232.516910" total="1" passed="0" failed="1" warnings="0" inconclusive="0" skipped="0" asserts="58">
<failure>
<message>
<![CDATA[ One or more child tests had errors ]]>
</message>
</failure>
<test-suite type="TestFixture" id="0-1310" name="UpdateTest" fullname="LMIAutomation.Ignition.UpdateTest" classname="LMIAutomation.Ignition.UpdateTest" runstate="Runnable" testcasecount="6" result="Failed" site="Child" start-time="2024-12-06T06:58:42.4384650Z" end-time="2024-12-06T07:02:34.0257400Z" duration="232.479419" total="1" passed="0" failed="1" warnings="0" inconclusive="0" skipped="0" asserts="58">
<failure>
<message>
<![CDATA[ One or more child tests had errors ]]>
</message>
</failure>
<test-suite type="ParameterizedMethod" id="0-1316" name="TC02_Ignition_Update_Manual_Installer_DoRemoteSession" fullname="LMIAutomation.Ignition.UpdateTest.TC02_Ignition_Update_Manual_Installer_DoRemoteSession" classname="LMIAutomation.Ignition.UpdateTest" runstate="Runnable" testcasecount="2" result="Failed" site="Child" start-time="2024-12-06T06:58:46.0447240Z" end-time="2024-12-06T07:02:34.0240730Z" duration="228.346822" total="1" passed="0" failed="1" warnings="0" inconclusive="0" skipped="0" asserts="35">
<failure>
<message>
<![CDATA[ One or more child tests had errors ]]>
</message>
</failure>
<test-case id="0-1315" name="TC02_Ignition_Update_Manual_Installer_DoRemoteSession(False)" fullname="LMIAutomation.Ignition.UpdateTest.TC02_Ignition_Update_Manual_Installer_DoRemoteSession(False)" methodname="TC02_Ignition_Update_Manual_Installer_DoRemoteSession" classname="LMIAutomation.Ignition.UpdateTest" runstate="Runnable" seed="327010320" result="Failed" label="Error" start-time="2024-12-06T06:58:46.0552160Z" end-time="2024-12-06T07:02:34.0202010Z" duration="228.332580" asserts="35">
<failure>
<message>
<![CDATA[ Ignition login failed Expected: True But was: False TearDown : NUnit.Framework.MultipleAssertException : Ignition login failed Expected: True But was: False ]]>
</message>
<stack-trace>
<![CDATA[ at LMIAutomation.TestBase.StartAndWaitIgnitionLogin (Utilities.Credentials.UserCredentials userCred, LogMeIn.Automation.Central.ProductLogic.LogMeInAutomationContext context, System.Boolean waitForLogin) [0x00000] in <f56715fbcf0042189ab212178dfdb156>:0 at LMIAutomation.TestBase.InstallAndValidateIgnitionVersion (System.String version, Utilities.Credentials.UserCredentials credentials, System.Boolean loginAfterInstall, System.String clsBaseUrl) [0x00000] in <f56715fbcf0042189ab212178dfdb156>:0 at LMIAutomation.Ignition.UpdateTest.TC02_Ignition_Update_Manual_Installer_DoRemoteSession (System.Boolean doRemoteSessions) [0x00000] in <f56715fbcf0042189ab212178dfdb156>:0 --TearDown at NUnit.Framework.Assert.Multiple (NUnit.Framework.TestDelegate testDelegate) [0x0007b] in <c804c596ec8e46f396062449e02bacdd>:0 at LMIAutomation.TestBase.CleanUp () [0x00045] in <f56715fbcf0042189ab212178dfdb156>:0 at LMIAutomation.Ignition.UpdateTest.Teardown () [0x00008] in <f56715fbcf0042189ab212178dfdb156>:0 at (wrapper managed-to-native) System.Reflection.MonoMethod.InternalInvoke(System.Reflection.MonoMethod,object,object[],System.Exception&) at System.Reflection.MonoMethod.Invoke (System.Object obj, System.Reflection.BindingFlags invokeAttr, System.Reflection.Binder binder, System.Object[] parameters, System.Globalization.CultureInfo culture) [0x00032] in <ede5cf6930dc4b9a8366f15f6c89bbd0>:0 ]]>
</stack-trace>
</failure>
<assertions>
<assertion result="Failed">
<message>
<![CDATA[ Ignition login failed Expected: True But was: False ]]>
</message>
<stack-trace>
<![CDATA[ at LMIAutomation.TestBase.StartAndWaitIgnitionLogin (Utilities.Credentials.UserCredentials userCred, LogMeIn.Automation.Central.ProductLogic.LogMeInAutomationContext context, System.Boolean waitForLogin) [0x00000] in <f56715fbcf0042189ab212178dfdb156>:0 at LMIAutomation.TestBase.InstallAndValidateIgnitionVersion (System.String version, Utilities.Credentials.UserCredentials credentials, System.Boolean loginAfterInstall, System.String clsBaseUrl) [0x00000] in <f56715fbcf0042189ab212178dfdb156>:0 at LMIAutomation.Ignition.UpdateTest.TC02_Ignition_Update_Manual_Installer_DoRemoteSession (System.Boolean doRemoteSessions) [0x00000] in <f56715fbcf0042189ab212178dfdb156>:0 ]]>
</stack-trace>
</assertion>
</assertions>
</test-case>
</test-suite>
</test-suite>
</test-suite>
</test-suite>
</test-suite>
<test-suite type="Assembly" id="0-1469" name="lmiAutomation.dll" fullname="/Volumes/VMware Shared Folders/ApploaderTemp/Run20241206-060040416/NUnitPlugin/lmiAutomation.dll" runstate="Runnable" testcasecount="374" result="Failed" site="Child" start-time="2024-12-06T07:03:09.4931210Z" end-time="2024-12-06T07:07:05.0935960Z" duration="236.129103" total="1" passed="0" failed="1" warnings="0" inconclusive="0" skipped="0" asserts="58">
<environment framework-version="3.13.3.0" clr-version="4.0.30319.42000" os-version="MacOSX 23.6.0.0" platform="Unix" cwd="/Users/admin/Desktop/TestRunner" machine-name="Auto1011.3amlabs.net" user="root" user-domain="Auto1011.3amlabs.net" culture="en-US" uiculture="en-US" os-architecture="x64"/>
<settings>
<setting name="DisposeRunners" value="True"/>
<setting name="WorkDirectory" value="/Users/admin/Desktop/TestRunner"/>
<setting name="TestParametersDictionary" value="[ArchiveFolder, LMIAutomation.Ignition.UpdateTest.TC02_Ignition_Update_Manual_Installer_DoRemoteSessio-20241206-080259AM363]">
<item key="ArchiveFolder" value="LMIAutomation.Ignition.UpdateTest.TC02_Ignition_Update_Manual_Installer_DoRemoteSessio-20241206-080259AM363"/>
</setting>
<setting name="TestParameters" value="ArchiveFolder=LMIAutomation.Ignition.UpdateTest.TC02_Ignition_Update_Manual_Installer_DoRemoteSessio-20241206-080259AM363"/>
<setting name="ImageRuntimeVersion" value="4.0.30319"/>
<setting name="ImageTargetFrameworkName" value=".NETFramework,Version=v4.6.1"/>
<setting name="ImageRequiresX86" value="False"/>
<setting name="ImageRequiresDefaultAppDomainAssemblyResolver" value="False"/>
<setting name="NumberOfTestWorkers" value="2"/>
</settings>
<properties>
<property name="_PID" value="1379"/>
<property name="_APPDOMAIN" value="domain-"/>
</properties>
<failure>
<message>
<![CDATA[ One or more child tests had errors ]]>
</message>
</failure>
<test-suite type="SetUpFixture" id="0-1468" name="LMIAutomation" fullname="LMIAutomation.TestBase+TestBaseInit" classname="LMIAutomation.TestBase+TestBaseInit" runstate="Runnable" testcasecount="374" result="Failed" site="Child" start-time="2024-12-06T07:03:09.5134360Z" end-time="2024-12-06T07:07:05.0822770Z" duration="236.097629" total="1" passed="0" failed="1" warnings="0" inconclusive="0" skipped="0" asserts="58">
<failure>
<message>
<![CDATA[ One or more child tests had errors ]]>
</message>
</failure>
<test-suite type="TestSuite" id="0-1476" name="Ignition" fullname="LMIAutomation.Ignition" runstate="Runnable" testcasecount="44" result="Failed" site="Child" start-time="2024-12-06T07:03:09.7557740Z" end-time="2024-12-06T07:07:05.0710530Z" duration="235.844066" total="1" passed="0" failed="1" warnings="0" inconclusive="0" skipped="0" asserts="58">
<failure>
<message>
<![CDATA[ One or more child tests had errors ]]>
</message>
</failure>
<test-suite type="TestFixture" id="0-1310" name="UpdateTest" fullname="LMIAutomation.Ignition.UpdateTest" classname="LMIAutomation.Ignition.UpdateTest" runstate="Runnable" testcasecount="6" result="Failed" site="Child" start-time="2024-12-06T07:03:09.7667680Z" end-time="2024-12-06T07:07:05.0600350Z" duration="235.822055" total="1" passed="0" failed="1" warnings="0" inconclusive="0" skipped="0" asserts="58">
<failure>
<message>
<![CDATA[ One or more child tests had errors ]]>
</message>
</failure>
<test-suite type="ParameterizedMethod" id="0-1316" name="TC02_Ignition_Update_Manual_Installer_DoRemoteSession" fullname="LMIAutomation.Ignition.UpdateTest.TC02_Ignition_Update_Manual_Installer_DoRemoteSession" classname="LMIAutomation.Ignition.UpdateTest" runstate="Runnable" testcasecount="2" result="Failed" site="Child" start-time="2024-12-06T07:03:10.0513080Z" end-time="2024-12-06T07:07:05.0565300Z" duration="234.487408" total="1" passed="0" failed="1" warnings="0" inconclusive="0" skipped="0" asserts="35">
<failure>
<message>
<![CDATA[ One or more child tests had errors ]]>
</message>
</failure>
<test-case id="0-1315" name="TC02_Ignition_Update_Manual_Installer_DoRemoteSession(False)" fullname="LMIAutomation.Ignition.UpdateTest.TC02_Ignition_Update_Manual_Installer_DoRemoteSession(False)" methodname="TC02_Ignition_Update_Manual_Installer_DoRemoteSession" classname="LMIAutomation.Ignition.UpdateTest" runstate="Runnable" seed="2039292948" result="Failed" label="Error" start-time="2024-12-06T07:03:10.0627430Z" end-time="2024-12-06T07:07:05.0336070Z" duration="234.453175" asserts="35">
<failure>
<message>
<![CDATA[ Ignition login failed Expected: True But was: False TearDown : NUnit.Framework.MultipleAssertException : Ignition login failed Expected: True But was: False ]]>
</message>
<stack-trace>
<![CDATA[ at LMIAutomation.TestBase.StartAndWaitIgnitionLogin (Utilities.Credentials.UserCredentials userCred, LogMeIn.Automation.Central.ProductLogic.LogMeInAutomationContext context, System.Boolean waitForLogin) [0x00000] in <f56715fbcf0042189ab212178dfdb156>:0 at LMIAutomation.TestBase.InstallAndValidateIgnitionVersion (System.String version, Utilities.Credentials.UserCredentials credentials, System.Boolean loginAfterInstall, System.String clsBaseUrl) [0x00000] in <f56715fbcf0042189ab212178dfdb156>:0 at LMIAutomation.Ignition.UpdateTest.TC02_Ignition_Update_Manual_Installer_DoRemoteSession (System.Boolean doRemoteSessions) [0x00000] in <f56715fbcf0042189ab212178dfdb156>:0 --TearDown at NUnit.Framework.Assert.Multiple (NUnit.Framework.TestDelegate testDelegate) [0x0007b] in <c804c596ec8e46f396062449e02bacdd>:0 at LMIAutomation.TestBase.CleanUp () [0x00045] in <f56715fbcf0042189ab212178dfdb156>:0 at LMIAutomation.Ignition.UpdateTest.Teardown () [0x00008] in <f56715fbcf0042189ab212178dfdb156>:0 at (wrapper managed-to-native) System.Reflection.MonoMethod.InternalInvoke(System.Reflection.MonoMethod,object,object[],System.Exception&) at System.Reflection.MonoMethod.Invoke (System.Object obj, System.Reflection.BindingFlags invokeAttr, System.Reflection.Binder binder, System.Object[] parameters, System.Globalization.CultureInfo culture) [0x00032] in <ede5cf6930dc4b9a8366f15f6c89bbd0>:0 ]]>
</stack-trace>
</failure>
<assertions>
<assertion result="Failed">
<message>
<![CDATA[ Ignition login failed Expected: True But was: False ]]>
</message>
<stack-trace>
<![CDATA[ at LMIAutomation.TestBase.StartAndWaitIgnitionLogin (Utilities.Credentials.UserCredentials userCred, LogMeIn.Automation.Central.ProductLogic.LogMeInAutomationContext context, System.Boolean waitForLogin) [0x00000] in <f56715fbcf0042189ab212178dfdb156>:0 at LMIAutomation.TestBase.InstallAndValidateIgnitionVersion (System.String version, Utilities.Credentials.UserCredentials credentials, System.Boolean loginAfterInstall, System.String clsBaseUrl) [0x00000] in <f56715fbcf0042189ab212178dfdb156>:0 at LMIAutomation.Ignition.UpdateTest.TC02_Ignition_Update_Manual_Installer_DoRemoteSession (System.Boolean doRemoteSessions) [0x00000] in <f56715fbcf0042189ab212178dfdb156>:0 ]]>
</stack-trace>
</assertion>
</assertions>
</test-case>
</test-suite>
</test-suite>
</test-suite>
</test-suite>
</test-suite>
<test-suite type="Assembly" id="0-1469" name="lmiAutomation.dll" fullname="/Volumes/VMware Shared Folders/ApploaderTemp/Run20241206-060040416/NUnitPlugin/lmiAutomation.dll" runstate="Runnable" testcasecount="374" result="Failed" site="Child" start-time="2024-12-06T07:07:20.6467570Z" end-time="2024-12-06T07:10:29.1284850Z" duration="189.000213" total="1" passed="0" failed="1" warnings="0" inconclusive="0" skipped="0" asserts="64">
<environment framework-version="3.13.3.0" clr-version="4.0.30319.42000" os-version="MacOSX 23.6.0.0" platform="Unix" cwd="/Users/admin/Desktop/TestRunner" machine-name="Auto1011.3amlabs.net" user="root" user-domain="Auto1011.3amlabs.net" culture="en-US" uiculture="en-US" os-architecture="x64"/>
<settings>
<setting name="DisposeRunners" value="True"/>
<setting name="WorkDirectory" value="/Users/admin/Desktop/TestRunner"/>
<setting name="TestParametersDictionary" value="[ArchiveFolder, LMIAutomation.Ignition.UpdateTest.TC03_Ignition_Update_Manual_CheckForUpdates_DoRemoteSessio-20241206-060109AM953]">
<item key="ArchiveFolder" value="LMIAutomation.Ignition.UpdateTest.TC03_Ignition_Update_Manual_CheckForUpdates_DoRemoteSessio-20241206-060109AM953"/>
</setting>
<setting name="TestParameters" value="ArchiveFolder=LMIAutomation.Ignition.UpdateTest.TC03_Ignition_Update_Manual_CheckForUpdates_DoRemoteSessio-20241206-060109AM953"/>
<setting name="ImageRuntimeVersion" value="4.0.30319"/>
<setting name="ImageTargetFrameworkName" value=".NETFramework,Version=v4.6.1"/>
<setting name="ImageRequiresX86" value="False"/>
<setting name="ImageRequiresDefaultAppDomainAssemblyResolver" value="False"/>
<setting name="NumberOfTestWorkers" value="2"/>
</settings>
<properties>
<property name="_PID" value="1541"/>
<property name="_APPDOMAIN" value="domain-"/>
</properties>
<failure>
<message>
<![CDATA[ One or more child tests had errors ]]>
</message>
</failure>
<test-suite type="SetUpFixture" id="0-1468" name="LMIAutomation" fullname="LMIAutomation.TestBase+TestBaseInit" classname="LMIAutomation.TestBase+TestBaseInit" runstate="Runnable" testcasecount="374" result="Failed" site="Child" start-time="2024-12-06T07:07:20.6558000Z" end-time="2024-12-06T07:10:29.1284410Z" duration="188.991259" total="1" passed="0" failed="1" warnings="0" inconclusive="0" skipped="0" asserts="64">
<failure>
<message>
<![CDATA[ One or more child tests had errors ]]>
</message>
</failure>
<test-suite type="TestSuite" id="0-1476" name="Ignition" fullname="LMIAutomation.Ignition" runstate="Runnable" testcasecount="44" result="Failed" site="Child" start-time="2024-12-06T07:07:20.8041360Z" end-time="2024-12-06T07:10:29.1268910Z" duration="188.841373" total="1" passed="0" failed="1" warnings="0" inconclusive="0" skipped="0" asserts="64">
<failure>
<message>
<![CDATA[ One or more child tests had errors ]]>
</message>
</failure>
<test-suite type="TestFixture" id="0-1310" name="UpdateTest" fullname="LMIAutomation.Ignition.UpdateTest" classname="LMIAutomation.Ignition.UpdateTest" runstate="Runnable" testcasecount="6" result="Failed" site="Child" start-time="2024-12-06T07:07:20.8043020Z" end-time="2024-12-06T07:10:29.1185500Z" duration="188.832867" total="1" passed="0" failed="1" warnings="0" inconclusive="0" skipped="0" asserts="64">
<failure>
<message>
<![CDATA[ One or more child tests had errors ]]>
</message>
</failure>
<test-suite type="ParameterizedMethod" id="0-1319" name="TC03_Ignition_Update_Manual_CheckForUpdates_DoRemoteSession" fullname="LMIAutomation.Ignition.UpdateTest.TC03_Ignition_Update_Manual_CheckForUpdates_DoRemoteSession" classname="LMIAutomation.Ignition.UpdateTest" runstate="Runnable" testcasecount="2" result="Failed" site="Child" start-time="2024-12-06T07:07:21.0333490Z" end-time="2024-12-06T07:10:29.0961340Z" duration="188.180461" total="1" passed="0" failed="1" warnings="0" inconclusive="0" skipped="0" asserts="41">
<failure>
<message>
<![CDATA[ One or more child tests had errors ]]>
</message>
</failure>
<test-case id="0-1318" name="TC03_Ignition_Update_Manual_CheckForUpdates_DoRemoteSession(False)" fullname="LMIAutomation.Ignition.UpdateTest.TC03_Ignition_Update_Manual_CheckForUpdates_DoRemoteSession(False)" methodname="TC03_Ignition_Update_Manual_CheckForUpdates_DoRemoteSession" classname="LMIAutomation.Ignition.UpdateTest" runstate="Runnable" seed="65760596" result="Failed" label="Error" start-time="2024-12-06T07:07:21.0448740Z" end-time="2024-12-06T07:10:29.0768460Z" duration="188.149774" asserts="41">
<failure>
<message>
<![CDATA[ System.ArgumentNullException : Value cannot be null. Parameter name: input ]]>
</message>
<stack-trace>
<![CDATA[ at System.Text.RegularExpressions.Regex.Match (System.String input) [0x00003] in <04fdc8acaa5e466bb267a3960bdb1f37>:0 at System.Text.RegularExpressions.Regex.Match (System.String input, System.String pattern, System.Text.RegularExpressions.RegexOptions options, System.TimeSpan matchTimeout) [0x00009] in <04fdc8acaa5e466bb267a3960bdb1f37>:0 at System.Text.RegularExpressions.Regex.Match (System.String input, System.String pattern) [0x00000] in <04fdc8acaa5e466bb267a3960bdb1f37>:0 at LMIAutomation.CentralHelper.CentralLogin (System.String email, System.String password) [0x00072] in <f56715fbcf0042189ab212178dfdb156>:0 at LMIAutomation.TestBase.IgnitionLogin (Utilities.Credentials.UserCredentials userCred, LogMeIn.Automation.Central.ProductLogic.LogMeInAutomationContext context) [0x00013] in <f56715fbcf0042189ab212178dfdb156>:0 at LMIAutomation.TestBase.LoginIgnitionIfNeeded (Utilities.Credentials.UserCredentials userCred, LogMeIn.Automation.Central.ProductLogic.LogMeInAutomationContext context) [0x000b2] in <f56715fbcf0042189ab212178dfdb156>:0 at LMIAutomation.TestBase.StartAndWaitIgnitionLogin (Utilities.Credentials.UserCredentials userCred, LogMeIn.Automation.Central.ProductLogic.LogMeInAutomationContext context, System.Boolean waitForLogin) [0x00078] in <f56715fbcf0042189ab212178dfdb156>:0 at LMIAutomation.Ignition.UpdateTest.UpdateIgnitionManuallyToVersion (System.String version, Utilities.Credentials.UserCredentials userCred) [0x00068] in <f56715fbcf0042189ab212178dfdb156>:0 at LMIAutomation.Ignition.UpdateTest.TC03_Ignition_Update_Manual_CheckForUpdates_DoRemoteSession (System.Boolean doRemoteSessions) [0x00196] in <f56715fbcf0042189ab212178dfdb156>:0 at (wrapper managed-to-native) System.Reflection.MonoMethod.InternalInvoke(System.Reflection.MonoMethod,object,object[],System.Exception&) at System.Reflection.MonoMethod.Invoke (System.Object obj, System.Reflection.BindingFlags invokeAttr, System.Reflection.Binder binder, System.Object[] parameters, System.Globalization.CultureInfo culture) [0x00032] in <ede5cf6930dc4b9a8366f15f6c89bbd0>:0 ]]>
</stack-trace>
</failure>
</test-case>
</test-suite>
</test-suite>
</test-suite>
</test-suite>
</test-suite>
<test-suite type="Assembly" id="0-1469" name="lmiAutomation.dll" fullname="/Volumes/VMware Shared Folders/ApploaderTemp/Run20241206-060040416/NUnitPlugin/lmiAutomation.dll" runstate="Runnable" testcasecount="374" result="Failed" site="Child" start-time="2024-12-06T07:11:04.0670380Z" end-time="2024-12-06T07:14:33.1194270Z" duration="209.990609" total="1" passed="0" failed="1" warnings="0" inconclusive="0" skipped="0" asserts="64">
<environment framework-version="3.13.3.0" clr-version="4.0.30319.42000" os-version="MacOSX 23.6.0.0" platform="Unix" cwd="/Users/admin/Desktop/TestRunner" machine-name="Auto1011.3amlabs.net" user="root" user-domain="Auto1011.3amlabs.net" culture="en-US" uiculture="en-US" os-architecture="x64"/>
<settings>
<setting name="DisposeRunners" value="True"/>
<setting name="WorkDirectory" value="/Users/admin/Desktop/TestRunner"/>
<setting name="TestParametersDictionary" value="[ArchiveFolder, LMIAutomation.Ignition.UpdateTest.TC03_Ignition_Update_Manual_CheckForUpdates_DoRemoteSessio-20241206-081054AM715]">
<item key="ArchiveFolder" value="LMIAutomation.Ignition.UpdateTest.TC03_Ignition_Update_Manual_CheckForUpdates_DoRemoteSessio-20241206-081054AM715"/>
</setting>
<setting name="TestParameters" value="ArchiveFolder=LMIAutomation.Ignition.UpdateTest.TC03_Ignition_Update_Manual_CheckForUpdates_DoRemoteSessio-20241206-081054AM715"/>
<setting name="ImageRuntimeVersion" value="4.0.30319"/>
<setting name="ImageTargetFrameworkName" value=".NETFramework,Version=v4.6.1"/>
<setting name="ImageRequiresX86" value="False"/>
<setting name="ImageRequiresDefaultAppDomainAssemblyResolver" value="False"/>
<setting name="NumberOfTestWorkers" value="2"/>
</settings>
<properties>
<property name="_PID" value="1380"/>
<property name="_APPDOMAIN" value="domain-"/>
</properties>
<failure>
<message>
<![CDATA[ One or more child tests had errors ]]>
</message>
</failure>
<test-suite type="SetUpFixture" id="0-1468" name="LMIAutomation" fullname="LMIAutomation.TestBase+TestBaseInit" classname="LMIAutomation.TestBase+TestBaseInit" runstate="Runnable" testcasecount="374" result="Failed" site="Child" start-time="2024-12-06T07:11:04.0874940Z" end-time="2024-12-06T07:14:33.1193770Z" duration="209.970256" total="1" passed="0" failed="1" warnings="0" inconclusive="0" skipped="0" asserts="64">
<failure>
<message>
<![CDATA[ One or more child tests had errors ]]>
</message>
</failure>
<test-suite type="TestSuite" id="0-1476" name="Ignition" fullname="LMIAutomation.Ignition" runstate="Runnable" testcasecount="44" result="Failed" site="Child" start-time="2024-12-06T07:11:04.2885060Z" end-time="2024-12-06T07:14:33.1190290Z" duration="209.768896" total="1" passed="0" failed="1" warnings="0" inconclusive="0" skipped="0" asserts="64">
<failure>
<message>
<![CDATA[ One or more child tests had errors ]]>
</message>
</failure>
<test-suite type="TestFixture" id="0-1310" name="UpdateTest" fullname="LMIAutomation.Ignition.UpdateTest" classname="LMIAutomation.Ignition.UpdateTest" runstate="Runnable" testcasecount="6" result="Failed" site="Child" start-time="2024-12-06T07:11:04.2992070Z" end-time="2024-12-06T07:14:33.1183410Z" duration="209.757508" total="1" passed="0" failed="1" warnings="0" inconclusive="0" skipped="0" asserts="64">
<failure>
<message>
<![CDATA[ One or more child tests had errors ]]>
</message>
</failure>
<test-suite type="ParameterizedMethod" id="0-1319" name="TC03_Ignition_Update_Manual_CheckForUpdates_DoRemoteSession" fullname="LMIAutomation.Ignition.UpdateTest.TC03_Ignition_Update_Manual_CheckForUpdates_DoRemoteSession" classname="LMIAutomation.Ignition.UpdateTest" runstate="Runnable" testcasecount="2" result="Failed" site="Child" start-time="2024-12-06T07:11:05.0350480Z" end-time="2024-12-06T07:14:33.0987040Z" duration="208.279149" total="1" passed="0" failed="1" warnings="0" inconclusive="0" skipped="0" asserts="41">
<failure>
<message>
<![CDATA[ One or more child tests had errors ]]>
</message>
</failure>
<test-case id="0-1318" name="TC03_Ignition_Update_Manual_CheckForUpdates_DoRemoteSession(False)" fullname="LMIAutomation.Ignition.UpdateTest.TC03_Ignition_Update_Manual_CheckForUpdates_DoRemoteSession(False)" methodname="TC03_Ignition_Update_Manual_CheckForUpdates_DoRemoteSession" classname="LMIAutomation.Ignition.UpdateTest" runstate="Runnable" seed="75682305" result="Failed" label="Error" start-time="2024-12-06T07:11:05.0453500Z" end-time="2024-12-06T07:14:33.0851360Z" duration="208.255413" asserts="41">
<failure>
<message>
<![CDATA[ System.ArgumentNullException : Value cannot be null. Parameter name: input ]]>
</message>
<stack-trace>
<![CDATA[ at System.Text.RegularExpressions.Regex.Match (System.String input) [0x00003] in <04fdc8acaa5e466bb267a3960bdb1f37>:0 at System.Text.RegularExpressions.Regex.Match (System.String input, System.String pattern, System.Text.RegularExpressions.RegexOptions options, System.TimeSpan matchTimeout) [0x00009] in <04fdc8acaa5e466bb267a3960bdb1f37>:0 at System.Text.RegularExpressions.Regex.Match (System.String input, System.String pattern) [0x00000] in <04fdc8acaa5e466bb267a3960bdb1f37>:0 at LMIAutomation.CentralHelper.CentralLogin (System.String email, System.String password) [0x00072] in <f56715fbcf0042189ab212178dfdb156>:0 at LMIAutomation.TestBase.IgnitionLogin (Utilities.Credentials.UserCredentials userCred, LogMeIn.Automation.Central.ProductLogic.LogMeInAutomationContext context) [0x00013] in <f56715fbcf0042189ab212178dfdb156>:0 at LMIAutomation.TestBase.LoginIgnitionIfNeeded (Utilities.Credentials.UserCredentials userCred, LogMeIn.Automation.Central.ProductLogic.LogMeInAutomationContext context) [0x000b2] in <f56715fbcf0042189ab212178dfdb156>:0 at LMIAutomation.TestBase.StartAndWaitIgnitionLogin (Utilities.Credentials.UserCredentials userCred, LogMeIn.Automation.Central.ProductLogic.LogMeInAutomationContext context, System.Boolean waitForLogin) [0x00078] in <f56715fbcf0042189ab212178dfdb156>:0 at LMIAutomation.Ignition.UpdateTest.UpdateIgnitionManuallyToVersion (System.String version, Utilities.Credentials.UserCredentials userCred) [0x00068] in <f56715fbcf0042189ab212178dfdb156>:0 at LMIAutomation.Ignition.UpdateTest.TC03_Ignition_Update_Manual_CheckForUpdates_DoRemoteSession (System.Boolean doRemoteSessions) [0x00196] in <f56715fbcf0042189ab212178dfdb156>:0 at (wrapper managed-to-native) System.Reflection.MonoMethod.InternalInvoke(System.Reflection.MonoMethod,object,object[],System.Exception&) at System.Reflection.MonoMethod.Invoke (System.Object obj, System.Reflection.BindingFlags invokeAttr, System.Reflection.Binder binder, System.Object[] parameters, System.Globalization.CultureInfo culture) [0x00032] in <ede5cf6930dc4b9a8366f15f6c89bbd0>:0 ]]>
</stack-trace>
</failure>
</test-case>
</test-suite>
</test-suite>
</test-suite>
</test-suite>
</test-suite>
<test-suite type="Assembly" id="0-1469" name="lmiAutomation.dll" fullname="/Volumes/VMware Shared Folders/ApploaderTemp/Run20241206-060040416/NUnitPlugin/lmiAutomation.dll" runstate="Runnable" testcasecount="374" result="Failed" site="Child" start-time="2024-12-06T07:15:04.2631210Z" end-time="2024-12-06T07:18:34.1443560Z" duration="210.406947" total="1" passed="0" failed="1" warnings="0" inconclusive="0" skipped="0" asserts="64">
<environment framework-version="3.13.3.0" clr-version="4.0.30319.42000" os-version="MacOSX 23.6.0.0" platform="Unix" cwd="/Users/admin/Desktop/TestRunner" machine-name="Auto1011.3amlabs.net" user="root" user-domain="Auto1011.3amlabs.net" culture="en-US" uiculture="en-US" os-architecture="x64"/>
<settings>
<setting name="DisposeRunners" value="True"/>
<setting name="WorkDirectory" value="/Users/admin/Desktop/TestRunner"/>
<setting name="TestParametersDictionary" value="[ArchiveFolder, LMIAutomation.Ignition.UpdateTest.TC03_Ignition_Update_Manual_CheckForUpdates_DoRemoteSessio-20241206-081456AM209]">
<item key="ArchiveFolder" value="LMIAutomation.Ignition.UpdateTest.TC03_Ignition_Update_Manual_CheckForUpdates_DoRemoteSessio-20241206-081456AM209"/>
</setting>
<setting name="TestParameters" value="ArchiveFolder=LMIAutomation.Ignition.UpdateTest.TC03_Ignition_Update_Manual_CheckForUpdates_DoRemoteSessio-20241206-081456AM209"/>
<setting name="ImageRuntimeVersion" value="4.0.30319"/>
<setting name="ImageTargetFrameworkName" value=".NETFramework,Version=v4.6.1"/>
<setting name="ImageRequiresX86" value="False"/>
<setting name="ImageRequiresDefaultAppDomainAssemblyResolver" value="False"/>
<setting name="NumberOfTestWorkers" value="2"/>
</settings>
<properties>
<property name="_PID" value="1381"/>
<property name="_APPDOMAIN" value="domain-"/>
</properties>
<failure>
<message>
<![CDATA[ One or more child tests had errors ]]>
</message>
</failure>
<test-suite type="SetUpFixture" id="0-1468" name="LMIAutomation" fullname="LMIAutomation.TestBase+TestBaseInit" classname="LMIAutomation.TestBase+TestBaseInit" runstate="Runnable" testcasecount="374" result="Failed" site="Child" start-time="2024-12-06T07:15:04.2835810Z" end-time="2024-12-06T07:18:34.1365840Z" duration="210.378980" total="1" passed="0" failed="1" warnings="0" inconclusive="0" skipped="0" asserts="64">
<failure>
<message>
<![CDATA[ One or more child tests had errors ]]>
</message>
</failure>
<test-suite type="TestSuite" id="0-1476" name="Ignition" fullname="LMIAutomation.Ignition" runstate="Runnable" testcasecount="44" result="Failed" site="Child" start-time="2024-12-06T07:15:04.4710350Z" end-time="2024-12-06T07:18:34.1263530Z" duration="210.181297" total="1" passed="0" failed="1" warnings="0" inconclusive="0" skipped="0" asserts="64">
<failure>
<message>
<![CDATA[ One or more child tests had errors ]]>
</message>
</failure>
<test-suite type="TestFixture" id="0-1310" name="UpdateTest" fullname="LMIAutomation.Ignition.UpdateTest" classname="LMIAutomation.Ignition.UpdateTest" runstate="Runnable" testcasecount="6" result="Failed" site="Child" start-time="2024-12-06T07:15:04.4813750Z" end-time="2024-12-06T07:18:34.1158490Z" duration="210.160453" total="1" passed="0" failed="1" warnings="0" inconclusive="0" skipped="0" asserts="64">
<failure>
<message>
<![CDATA[ One or more child tests had errors ]]>
</message>
</failure>
<test-suite type="ParameterizedMethod" id="0-1319" name="TC03_Ignition_Update_Manual_CheckForUpdates_DoRemoteSession" fullname="LMIAutomation.Ignition.UpdateTest.TC03_Ignition_Update_Manual_CheckForUpdates_DoRemoteSession" classname="LMIAutomation.Ignition.UpdateTest" runstate="Runnable" testcasecount="2" result="Failed" site="Child" start-time="2024-12-06T07:15:05.0810740Z" end-time="2024-12-06T07:18:34.0874770Z" duration="208.654151" total="1" passed="0" failed="1" warnings="0" inconclusive="0" skipped="0" asserts="41">
<failure>
<message>
<![CDATA[ One or more child tests had errors ]]>
</message>
</failure>
<test-case id="0-1318" name="TC03_Ignition_Update_Manual_CheckForUpdates_DoRemoteSession(False)" fullname="LMIAutomation.Ignition.UpdateTest.TC03_Ignition_Update_Manual_CheckForUpdates_DoRemoteSession(False)" methodname="TC03_Ignition_Update_Manual_CheckForUpdates_DoRemoteSession" classname="LMIAutomation.Ignition.UpdateTest" runstate="Runnable" seed="1532446426" result="Failed" label="Error" start-time="2024-12-06T07:15:05.0927690Z" end-time="2024-12-06T07:18:34.0700210Z" duration="208.625124" asserts="41">
<failure>
<message>
<![CDATA[ System.ArgumentNullException : Value cannot be null. Parameter name: input ]]>
</message>
<stack-trace>
<![CDATA[ at System.Text.RegularExpressions.Regex.Match (System.String input) [0x00003] in <04fdc8acaa5e466bb267a3960bdb1f37>:0 at System.Text.RegularExpressions.Regex.Match (System.String input, System.String pattern, System.Text.RegularExpressions.RegexOptions options, System.TimeSpan matchTimeout) [0x00009] in <04fdc8acaa5e466bb267a3960bdb1f37>:0 at System.Text.RegularExpressions.Regex.Match (System.String input, System.String pattern) [0x00000] in <04fdc8acaa5e466bb267a3960bdb1f37>:0 at LMIAutomation.CentralHelper.CentralLogin (System.String email, System.String password) [0x00072] in <f56715fbcf0042189ab212178dfdb156>:0 at LMIAutomation.TestBase.IgnitionLogin (Utilities.Credentials.UserCredentials userCred, LogMeIn.Automation.Central.ProductLogic.LogMeInAutomationContext context) [0x00013] in <f56715fbcf0042189ab212178dfdb156>:0 at LMIAutomation.TestBase.LoginIgnitionIfNeeded (Utilities.Credentials.UserCredentials userCred, LogMeIn.Automation.Central.ProductLogic.LogMeInAutomationContext context) [0x000b2] in <f56715fbcf0042189ab212178dfdb156>:0 at LMIAutomation.TestBase.StartAndWaitIgnitionLogin (Utilities.Credentials.UserCredentials userCred, LogMeIn.Automation.Central.ProductLogic.LogMeInAutomationContext context, System.Boolean waitForLogin) [0x00078] in <f56715fbcf0042189ab212178dfdb156>:0 at LMIAutomation.Ignition.UpdateTest.UpdateIgnitionManuallyToVersion (System.String version, Utilities.Credentials.UserCredentials userCred) [0x00068] in <f56715fbcf0042189ab212178dfdb156>:0 at LMIAutomation.Ignition.UpdateTest.TC03_Ignition_Update_Manual_CheckForUpdates_DoRemoteSession (System.Boolean doRemoteSessions) [0x00196] in <f56715fbcf0042189ab212178dfdb156>:0 at (wrapper managed-to-native) System.Reflection.MonoMethod.InternalInvoke(System.Reflection.MonoMethod,object,object[],System.Exception&) at System.Reflection.MonoMethod.Invoke (System.Object obj, System.Reflection.BindingFlags invokeAttr, System.Reflection.Binder binder, System.Object[] parameters, System.Globalization.CultureInfo culture) [0x00032] in <ede5cf6930dc4b9a8366f15f6c89bbd0>:0 ]]>
</stack-trace>
</failure>
</test-case>
</test-suite>
</test-suite>
</test-suite>
</test-suite>
</test-suite>
<test-suite type="Assembly" id="0-1469" name="lmiAutomation.dll" fullname="/Volumes/VMware Shared Folders/ApploaderTemp/Run20241206-060040416/NUnitPlugin/lmiAutomation.dll" runstate="Runnable" testcasecount="374" result="Failed" site="Child" start-time="2024-12-06T07:19:05.4737510Z" end-time="2024-12-06T07:22:30.0231890Z" duration="205.634120" total="1" passed="0" failed="1" warnings="0" inconclusive="0" skipped="0" asserts="64">
<environment framework-version="3.13.3.0" clr-version="4.0.30319.42000" os-version="MacOSX 23.6.0.0" platform="Unix" cwd="/Users/admin/Desktop/TestRunner" machine-name="Auto1011.3amlabs.net" user="root" user-domain="Auto1011.3amlabs.net" culture="en-US" uiculture="en-US" os-architecture="x64"/>
<settings>
<setting name="DisposeRunners" value="True"/>
<setting name="WorkDirectory" value="/Users/admin/Desktop/TestRunner"/>
<setting name="TestParametersDictionary" value="[ArchiveFolder, LMIAutomation.Ignition.UpdateTest.TC03_Ignition_Update_Manual_CheckForUpdates_DoRemoteSessio-20241206-081856AM674]">
<item key="ArchiveFolder" value="LMIAutomation.Ignition.UpdateTest.TC03_Ignition_Update_Manual_CheckForUpdates_DoRemoteSessio-20241206-081856AM674"/>
</setting>
<setting name="TestParameters" value="ArchiveFolder=LMIAutomation.Ignition.UpdateTest.TC03_Ignition_Update_Manual_CheckForUpdates_DoRemoteSessio-20241206-081856AM674"/>
<setting name="ImageRuntimeVersion" value="4.0.30319"/>
<setting name="ImageTargetFrameworkName" value=".NETFramework,Version=v4.6.1"/>
<setting name="ImageRequiresX86" value="False"/>
<setting name="ImageRequiresDefaultAppDomainAssemblyResolver" value="False"/>
<setting name="NumberOfTestWorkers" value="2"/>
</settings>
<properties>
<property name="_PID" value="1379"/>
<property name="_APPDOMAIN" value="domain-"/>
</properties>
<failure>
<message>
<![CDATA[ One or more child tests had errors ]]>
</message>
</failure>
<test-suite type="SetUpFixture" id="0-1468" name="LMIAutomation" fullname="LMIAutomation.TestBase+TestBaseInit" classname="LMIAutomation.TestBase+TestBaseInit" runstate="Runnable" testcasecount="374" result="Failed" site="Child" start-time="2024-12-06T07:19:05.4861640Z" end-time="2024-12-06T07:22:30.0231830Z" duration="205.621855" total="1" passed="0" failed="1" warnings="0" inconclusive="0" skipped="0" asserts="64">
<failure>
<message>
<![CDATA[ One or more child tests had errors ]]>
</message>
</failure>
<test-suite type="TestSuite" id="0-1476" name="Ignition" fullname="LMIAutomation.Ignition" runstate="Runnable" testcasecount="44" result="Failed" site="Child" start-time="2024-12-06T07:19:05.6956270Z" end-time="2024-12-06T07:22:30.0231600Z" duration="205.412368" total="1" passed="0" failed="1" warnings="0" inconclusive="0" skipped="0" asserts="64">
<failure>
<message>
<![CDATA[ One or more child tests had errors ]]>
</message>
</failure>
<test-suite type="TestFixture" id="0-1310" name="UpdateTest" fullname="LMIAutomation.Ignition.UpdateTest" classname="LMIAutomation.Ignition.UpdateTest" runstate="Runnable" testcasecount="6" result="Failed" site="Child" start-time="2024-12-06T07:19:05.7061430Z" end-time="2024-12-06T07:22:30.0231450Z" duration="205.401837" total="1" passed="0" failed="1" warnings="0" inconclusive="0" skipped="0" asserts="64">
<failure>
<message>
<![CDATA[ One or more child tests had errors ]]>
</message>
</failure>
<test-suite type="ParameterizedMethod" id="0-1319" name="TC03_Ignition_Update_Manual_CheckForUpdates_DoRemoteSession" fullname="LMIAutomation.Ignition.UpdateTest.TC03_Ignition_Update_Manual_CheckForUpdates_DoRemoteSession" classname="LMIAutomation.Ignition.UpdateTest" runstate="Runnable" testcasecount="2" result="Failed" site="Child" start-time="2024-12-06T07:19:06.0321350Z" end-time="2024-12-06T07:22:30.0218100Z" duration="204.511939" total="1" passed="0" failed="1" warnings="0" inconclusive="0" skipped="0" asserts="41">
<failure>
<message>
<![CDATA[ One or more child tests had errors ]]>
</message>
</failure>
<test-case id="0-1318" name="TC03_Ignition_Update_Manual_CheckForUpdates_DoRemoteSession(False)" fullname="LMIAutomation.Ignition.UpdateTest.TC03_Ignition_Update_Manual_CheckForUpdates_DoRemoteSession(False)" methodname="TC03_Ignition_Update_Manual_CheckForUpdates_DoRemoteSession" classname="LMIAutomation.Ignition.UpdateTest" runstate="Runnable" seed="1091683064" result="Failed" label="Error" start-time="2024-12-06T07:19:06.0425340Z" end-time="2024-12-06T07:22:30.0176950Z" duration="204.497552" asserts="41">
<failure>
<message>
<![CDATA[ System.ArgumentNullException : Value cannot be null. Parameter name: input ]]>
</message>
<stack-trace>
<![CDATA[ at System.Text.RegularExpressions.Regex.Match (System.String input) [0x00003] in <04fdc8acaa5e466bb267a3960bdb1f37>:0 at System.Text.RegularExpressions.Regex.Match (System.String input, System.String pattern, System.Text.RegularExpressions.RegexOptions options, System.TimeSpan matchTimeout) [0x00009] in <04fdc8acaa5e466bb267a3960bdb1f37>:0 at System.Text.RegularExpressions.Regex.Match (System.String input, System.String pattern) [0x00000] in <04fdc8acaa5e466bb267a3960bdb1f37>:0 at LMIAutomation.CentralHelper.CentralLogin (System.String email, System.String password) [0x00072] in <f56715fbcf0042189ab212178dfdb156>:0 at LMIAutomation.TestBase.IgnitionLogin (Utilities.Credentials.UserCredentials userCred, LogMeIn.Automation.Central.ProductLogic.LogMeInAutomationContext context) [0x00013] in <f56715fbcf0042189ab212178dfdb156>:0 at LMIAutomation.TestBase.LoginIgnitionIfNeeded (Utilities.Credentials.UserCredentials userCred, LogMeIn.Automation.Central.ProductLogic.LogMeInAutomationContext context) [0x000b2] in <f56715fbcf0042189ab212178dfdb156>:0 at LMIAutomation.TestBase.StartAndWaitIgnitionLogin (Utilities.Credentials.UserCredentials userCred, LogMeIn.Automation.Central.ProductLogic.LogMeInAutomationContext context, System.Boolean waitForLogin) [0x00078] in <f56715fbcf0042189ab212178dfdb156>:0 at LMIAutomation.Ignition.UpdateTest.UpdateIgnitionManuallyToVersion (System.String version, Utilities.Credentials.UserCredentials userCred) [0x00068] in <f56715fbcf0042189ab212178dfdb156>:0 at LMIAutomation.Ignition.UpdateTest.TC03_Ignition_Update_Manual_CheckForUpdates_DoRemoteSession (System.Boolean doRemoteSessions) [0x00196] in <f56715fbcf0042189ab212178dfdb156>:0 at (wrapper managed-to-native) System.Reflection.MonoMethod.InternalInvoke(System.Reflection.MonoMethod,object,object[],System.Exception&) at System.Reflection.MonoMethod.Invoke (System.Object obj, System.Reflection.BindingFlags invokeAttr, System.Reflection.Binder binder, System.Object[] parameters, System.Globalization.CultureInfo culture) [0x00032] in <ede5cf6930dc4b9a8366f15f6c89bbd0>:0 ]]>
</stack-trace>
</failure>
</test-case>
</test-suite>
</test-suite>
</test-suite>
</test-suite>
</test-suite>
</test-run>
