<?xml version="1.0" encoding="utf-8"?>
<test-run id="0" runstate="Runnable" testcasecount="374" result="Passed" total="1" passed="1" failed="0" warnings="0" inconclusive="0" skipped="0" asserts="62" engine-version="3.16.1.0" clr-version="4.0.30319.42000" start-time="2024-11-13 21:15:00Z" end-time="2024-11-13 21:16:20Z" duration="79.374717">
  <command-line><![CDATA[c:\ftp\nunit\bin\nunit3-console.exe  z:\ApploaderTemp\Run20241113-091440609\NUnitPlugin\lmiAutomation.dll --test=LMIAutomation.Host.AdHocTest.TC01_AdHoc_Install --result=z:\ApploaderTemp\Run20241113-091440609\LMIAutomation.Host.AdHocTest.TC01_AdHoc_Install-20241113-091458PM782.xml --out=z:\ApploaderTemp\Run20241113-091440609\buildlogLMIAutomation.Host.AdHocTest.TC01_AdHoc_Install-20241113-091458PM782.txt --params:ArchiveFolder=LMIAutomation.Host.AdHocTest.TC01_AdHoc_Install-20241113-091458PM782]]></command-line>
  <filter>
    <test>LMIAutomation.Host.AdHocTest.TC01_AdHoc_Install</test>
  </filter>
  <test-suite type="Assembly" id="1-1469" name="lmiAutomation.dll" fullname="z:\ApploaderTemp\Run20241113-091440609\NUnitPlugin\lmiAutomation.dll" runstate="Runnable" testcasecount="374" result="Passed" start-time="2024-11-13T21:15:03.8002131Z" end-time="2024-11-13T21:16:20.4674123Z" duration="76.405442" total="1" passed="1" failed="0" warnings="0" inconclusive="0" skipped="0" asserts="62">
    <environment framework-version="3.13.3.0" clr-version="4.0.30319.42000" os-version="Microsoft Windows NT 10.0.19045.0" platform="Win32NT" cwd="C:\ftp" machine-name="DESKTOP-T222K1Q" user="admin" user-domain="DESKTOP-T222K1Q" culture="en-US" uiculture="en-US" os-architecture="x64" />
    <settings>
      <setting name="DisposeRunners" value="True" />
      <setting name="WorkDirectory" value="C:\ftp" />
      <setting name="TestParametersDictionary" value="[ArchiveFolder, LMIAutomation.Host.AdHocTest.TC01_AdHoc_Install-20241113-091458PM782]">
        <item key="ArchiveFolder" value="LMIAutomation.Host.AdHocTest.TC01_AdHoc_Install-20241113-091458PM782" />
      </setting>
      <setting name="TestParameters" value="ArchiveFolder=LMIAutomation.Host.AdHocTest.TC01_AdHoc_Install-20241113-091458PM782" />
      <setting name="ImageRuntimeVersion" value="4.0.30319" />
      <setting name="ImageTargetFrameworkName" value=".NETFramework,Version=v4.6.1" />
      <setting name="ImageRequiresX86" value="False" />
      <setting name="ImageRequiresDefaultAppDomainAssemblyResolver" value="False" />
      <setting name="TargetRuntimeFramework" value="net-4.6.1" />
      <setting name="NumberOfTestWorkers" value="2" />
    </settings>
    <properties>
      <property name="_PID" value="6876" />
      <property name="_APPDOMAIN" value="domain-" />
    </properties>
    <test-suite type="SetUpFixture" id="1-1468" name="LMIAutomation" fullname="LMIAutomation.TestBase+TestBaseInit" classname="LMIAutomation.TestBase+TestBaseInit" runstate="Runnable" testcasecount="374" result="Passed" start-time="2024-11-13T21:15:03.8470877Z" end-time="2024-11-13T21:16:20.4674123Z" duration="76.372099" total="1" passed="1" failed="0" warnings="0" inconclusive="0" skipped="0" asserts="62">
      <test-suite type="TestSuite" id="1-1477" name="Host" fullname="LMIAutomation.Host" runstate="Runnable" testcasecount="121" result="Passed" start-time="2024-11-13T21:15:04.2377145Z" end-time="2024-11-13T21:16:20.4674123Z" duration="75.974485" total="1" passed="1" failed="0" warnings="0" inconclusive="0" skipped="0" asserts="62">
        <test-suite type="TestFixture" id="1-1320" name="AdHocTest" fullname="LMIAutomation.Host.AdHocTest" classname="LMIAutomation.Host.AdHocTest" runstate="Runnable" testcasecount="6" result="Passed" start-time="2024-11-13T21:15:04.2377145Z" end-time="2024-11-13T21:16:20.4674123Z" duration="75.973143" total="1" passed="1" failed="0" warnings="0" inconclusive="0" skipped="0" asserts="62">
          <test-case id="1-1321" name="TC01_AdHoc_Install" fullname="LMIAutomation.Host.AdHocTest.TC01_AdHoc_Install" methodname="TC01_AdHoc_Install" classname="LMIAutomation.Host.AdHocTest" runstate="Runnable" seed="1936257361" result="Passed" start-time="2024-11-13T21:15:05.2533384Z" end-time="2024-11-13T21:16:20.4560000Z" duration="74.958747" asserts="62">
            <properties>
              <property name="Category" value="nightly" />
              <property name="Category" value="WinStable" />
            </properties>
          </test-case>
        </test-suite>
      </test-suite>
    </test-suite>
  </test-suite>
  <test-suite type="Assembly" id="1-1469" name="lmiAutomation.dll" fullname="z:\ApploaderTemp\Run20241113-091440609\NUnitPlugin\lmiAutomation.dll" runstate="Runnable" testcasecount="374" result="Passed" start-time="2024-11-13T21:16:29.3762547Z" end-time="2024-11-13T21:18:10.4976384Z" duration="101.113077" total="1" passed="1" failed="0" warnings="0" inconclusive="0" skipped="0" asserts="71">
    <environment framework-version="3.13.3.0" clr-version="4.0.30319.42000" os-version="Microsoft Windows NT 10.0.19045.0" platform="Win32NT" cwd="C:\ftp" machine-name="DESKTOP-T222K1Q" user="admin" user-domain="DESKTOP-T222K1Q" culture="en-US" uiculture="en-US" os-architecture="x64" />
    <settings>
      <setting name="DisposeRunners" value="True" />
      <setting name="WorkDirectory" value="C:\ftp" />
      <setting name="TestParametersDictionary" value="[ArchiveFolder, LMIAutomation.Host.AdHocTest.TC02_AutoSelfDestruct_FakeHostAuth-20241113-091458PM898]">
        <item key="ArchiveFolder" value="LMIAutomation.Host.AdHocTest.TC02_AutoSelfDestruct_FakeHostAuth-20241113-091458PM898" />
      </setting>
      <setting name="TestParameters" value="ArchiveFolder=LMIAutomation.Host.AdHocTest.TC02_AutoSelfDestruct_FakeHostAuth-20241113-091458PM898" />
      <setting name="ImageRuntimeVersion" value="4.0.30319" />
      <setting name="ImageTargetFrameworkName" value=".NETFramework,Version=v4.6.1" />
      <setting name="ImageRequiresX86" value="False" />
      <setting name="ImageRequiresDefaultAppDomainAssemblyResolver" value="False" />
      <setting name="TargetRuntimeFramework" value="net-4.6.1" />
      <setting name="NumberOfTestWorkers" value="2" />
    </settings>
    <properties>
      <property name="_PID" value="3304" />
      <property name="_APPDOMAIN" value="domain-" />
    </properties>
    <test-suite type="SetUpFixture" id="1-1468" name="LMIAutomation" fullname="LMIAutomation.TestBase+TestBaseInit" classname="LMIAutomation.TestBase+TestBaseInit" runstate="Runnable" testcasecount="374" result="Passed" start-time="2024-11-13T21:16:29.4075026Z" end-time="2024-11-13T21:18:10.4976384Z" duration="101.102114" total="1" passed="1" failed="0" warnings="0" inconclusive="0" skipped="0" asserts="71">
      <test-suite type="TestSuite" id="1-1477" name="Host" fullname="LMIAutomation.Host" runstate="Runnable" testcasecount="121" result="Passed" start-time="2024-11-13T21:16:29.6575028Z" end-time="2024-11-13T21:18:10.4976384Z" duration="100.841837" total="1" passed="1" failed="0" warnings="0" inconclusive="0" skipped="0" asserts="71">
        <test-suite type="TestFixture" id="1-1320" name="AdHocTest" fullname="LMIAutomation.Host.AdHocTest" classname="LMIAutomation.Host.AdHocTest" runstate="Runnable" testcasecount="6" result="Passed" start-time="2024-11-13T21:16:29.6575028Z" end-time="2024-11-13T21:18:10.4976384Z" duration="100.841091" total="1" passed="1" failed="0" warnings="0" inconclusive="0" skipped="0" asserts="71">
          <test-case id="1-1322" name="TC02_AutoSelfDestruct_FakeHostAuth" fullname="LMIAutomation.Host.AdHocTest.TC02_AutoSelfDestruct_FakeHostAuth" methodname="TC02_AutoSelfDestruct_FakeHostAuth" classname="LMIAutomation.Host.AdHocTest" runstate="Runnable" seed="667308140" result="Passed" start-time="2024-11-13T21:16:29.7669044Z" end-time="2024-11-13T21:18:10.4976384Z" duration="100.734850" asserts="71">
            <properties>
              <property name="Category" value="nightly" />
              <property name="Category" value="WinStable" />
            </properties>
          </test-case>
        </test-suite>
      </test-suite>
    </test-suite>
  </test-suite>
  <test-suite type="Assembly" id="1-1469" name="lmiAutomation.dll" fullname="z:\ApploaderTemp\Run20241113-091440609\NUnitPlugin\lmiAutomation.dll" runstate="Runnable" testcasecount="374" result="Passed" start-time="2024-11-13T21:18:20.8016087Z" end-time="2024-11-13T21:19:37.0393680Z" duration="76.253200" total="1" passed="1" failed="0" warnings="0" inconclusive="0" skipped="0" asserts="66">
    <environment framework-version="3.13.3.0" clr-version="4.0.30319.42000" os-version="Microsoft Windows NT 10.0.19045.0" platform="Win32NT" cwd="C:\ftp" machine-name="DESKTOP-T222K1Q" user="admin" user-domain="DESKTOP-T222K1Q" culture="en-US" uiculture="en-US" os-architecture="x64" />
    <settings>
      <setting name="DisposeRunners" value="True" />
      <setting name="WorkDirectory" value="C:\ftp" />
      <setting name="TestParametersDictionary" value="[ArchiveFolder, LMIAutomation.Host.AdHocTest.TC03_SelfDestruct_Systray-20241113-091458PM413]">
        <item key="ArchiveFolder" value="LMIAutomation.Host.AdHocTest.TC03_SelfDestruct_Systray-20241113-091458PM413" />
      </setting>
      <setting name="TestParameters" value="ArchiveFolder=LMIAutomation.Host.AdHocTest.TC03_SelfDestruct_Systray-20241113-091458PM413" />
      <setting name="ImageRuntimeVersion" value="4.0.30319" />
      <setting name="ImageTargetFrameworkName" value=".NETFramework,Version=v4.6.1" />
      <setting name="ImageRequiresX86" value="False" />
      <setting name="ImageRequiresDefaultAppDomainAssemblyResolver" value="False" />
      <setting name="TargetRuntimeFramework" value="net-4.6.1" />
      <setting name="NumberOfTestWorkers" value="2" />
    </settings>
    <properties>
      <property name="_PID" value="608" />
      <property name="_APPDOMAIN" value="domain-" />
    </properties>
    <test-suite type="SetUpFixture" id="1-1468" name="LMIAutomation" fullname="LMIAutomation.TestBase+TestBaseInit" classname="LMIAutomation.TestBase+TestBaseInit" runstate="Runnable" testcasecount="374" result="Passed" start-time="2024-11-13T21:18:20.8171960Z" end-time="2024-11-13T21:19:37.0393680Z" duration="76.244280" total="1" passed="1" failed="0" warnings="0" inconclusive="0" skipped="0" asserts="66">
      <test-suite type="TestSuite" id="1-1477" name="Host" fullname="LMIAutomation.Host" runstate="Runnable" testcasecount="121" result="Passed" start-time="2024-11-13T21:18:21.0828211Z" end-time="2024-11-13T21:19:37.0393680Z" duration="75.978975" total="1" passed="1" failed="0" warnings="0" inconclusive="0" skipped="0" asserts="66">
        <test-suite type="TestFixture" id="1-1320" name="AdHocTest" fullname="LMIAutomation.Host.AdHocTest" classname="LMIAutomation.Host.AdHocTest" runstate="Runnable" testcasecount="6" result="Passed" start-time="2024-11-13T21:18:21.0828211Z" end-time="2024-11-13T21:19:37.0393680Z" duration="75.975764" total="1" passed="1" failed="0" warnings="0" inconclusive="0" skipped="0" asserts="66">
          <test-case id="1-1323" name="TC03_SelfDestruct_Systray" fullname="LMIAutomation.Host.AdHocTest.TC03_SelfDestruct_Systray" methodname="TC03_SelfDestruct_Systray" classname="LMIAutomation.Host.AdHocTest" runstate="Runnable" seed="2028966436" result="Passed" start-time="2024-11-13T21:18:21.1921951Z" end-time="2024-11-13T21:19:37.0393680Z" duration="75.853341" asserts="66">
            <properties>
              <property name="Category" value="nightly" />
              <property name="Category" value="WinStable" />
            </properties>
          </test-case>
        </test-suite>
      </test-suite>
    </test-suite>
  </test-suite>
  <test-suite type="Assembly" id="1-1469" name="lmiAutomation.dll" fullname="z:\ApploaderTemp\Run20241113-091440609\NUnitPlugin\lmiAutomation.dll" runstate="Runnable" testcasecount="374" result="Passed" start-time="2024-11-13T21:19:45.7893720Z" end-time="2024-11-13T21:21:11.0269930Z" duration="85.234662" total="1" passed="1" failed="0" warnings="0" inconclusive="0" skipped="0" asserts="72">
    <environment framework-version="3.13.3.0" clr-version="4.0.30319.42000" os-version="Microsoft Windows NT 10.0.19045.0" platform="Win32NT" cwd="C:\ftp" machine-name="DESKTOP-T222K1Q" user="admin" user-domain="DESKTOP-T222K1Q" culture="en-US" uiculture="en-US" os-architecture="x64" />
    <settings>
      <setting name="DisposeRunners" value="True" />
      <setting name="WorkDirectory" value="C:\ftp" />
      <setting name="TestParametersDictionary" value="[ArchiveFolder, LMIAutomation.Host.AdHocTest.TC04_Orphaned_Install_With_Newer_Version-20241113-091458PM298]">
        <item key="ArchiveFolder" value="LMIAutomation.Host.AdHocTest.TC04_Orphaned_Install_With_Newer_Version-20241113-091458PM298" />
      </setting>
      <setting name="TestParameters" value="ArchiveFolder=LMIAutomation.Host.AdHocTest.TC04_Orphaned_Install_With_Newer_Version-20241113-091458PM298" />
      <setting name="ImageRuntimeVersion" value="4.0.30319" />
      <setting name="ImageTargetFrameworkName" value=".NETFramework,Version=v4.6.1" />
      <setting name="ImageRequiresX86" value="False" />
      <setting name="ImageRequiresDefaultAppDomainAssemblyResolver" value="False" />
      <setting name="TargetRuntimeFramework" value="net-4.6.1" />
      <setting name="NumberOfTestWorkers" value="2" />
    </settings>
    <properties>
      <property name="_PID" value="11036" />
      <property name="_APPDOMAIN" value="domain-" />
    </properties>
    <test-suite type="SetUpFixture" id="1-1468" name="LMIAutomation" fullname="LMIAutomation.TestBase+TestBaseInit" classname="LMIAutomation.TestBase+TestBaseInit" runstate="Runnable" testcasecount="374" result="Passed" start-time="2024-11-13T21:19:45.7893720Z" end-time="2024-11-13T21:21:11.0269930Z" duration="85.225763" total="1" passed="1" failed="0" warnings="0" inconclusive="0" skipped="0" asserts="72">
      <test-suite type="TestSuite" id="1-1477" name="Host" fullname="LMIAutomation.Host" runstate="Runnable" testcasecount="121" result="Passed" start-time="2024-11-13T21:19:46.0549944Z" end-time="2024-11-13T21:21:11.0269930Z" duration="84.959003" total="1" passed="1" failed="0" warnings="0" inconclusive="0" skipped="0" asserts="72">
        <test-suite type="TestFixture" id="1-1320" name="AdHocTest" fullname="LMIAutomation.Host.AdHocTest" classname="LMIAutomation.Host.AdHocTest" runstate="Runnable" testcasecount="6" result="Passed" start-time="2024-11-13T21:19:46.0549944Z" end-time="2024-11-13T21:21:11.0269930Z" duration="84.958398" total="1" passed="1" failed="0" warnings="0" inconclusive="0" skipped="0" asserts="72">
          <test-case id="1-1324" name="TC04_Orphaned_Install_With_Newer_Version" fullname="LMIAutomation.Host.AdHocTest.TC04_Orphaned_Install_With_Newer_Version" methodname="TC04_Orphaned_Install_With_Newer_Version" classname="LMIAutomation.Host.AdHocTest" runstate="Runnable" seed="990302417" result="Passed" start-time="2024-11-13T21:19:46.1331177Z" end-time="2024-11-13T21:21:11.0269930Z" duration="84.887162" asserts="72">
            <properties>
              <property name="Category" value="nightly" />
              <property name="Category" value="WinStable" />
            </properties>
          </test-case>
        </test-suite>
      </test-suite>
    </test-suite>
  </test-suite>
  <test-suite type="Assembly" id="1-1469" name="lmiAutomation.dll" fullname="z:\ApploaderTemp\Run20241113-091440609\NUnitPlugin\lmiAutomation.dll" runstate="Runnable" testcasecount="374" result="Passed" start-time="2024-11-13T21:21:20.9645565Z" end-time="2024-11-13T21:23:40.6890000Z" duration="139.723130" total="1" passed="1" failed="0" warnings="0" inconclusive="0" skipped="0" asserts="72">
    <environment framework-version="3.13.3.0" clr-version="4.0.30319.42000" os-version="Microsoft Windows NT 10.0.19045.0" platform="Win32NT" cwd="C:\ftp" machine-name="DESKTOP-T222K1Q" user="admin" user-domain="DESKTOP-T222K1Q" culture="en-US" uiculture="en-US" os-architecture="x64" />
    <settings>
      <setting name="DisposeRunners" value="True" />
      <setting name="WorkDirectory" value="C:\ftp" />
      <setting name="TestParametersDictionary" value="[ArchiveFolder, LMIAutomation.Host.AdHocTest.TC05_Orphaned_Install_With_Same_Version-20241113-091458PM581]">
        <item key="ArchiveFolder" value="LMIAutomation.Host.AdHocTest.TC05_Orphaned_Install_With_Same_Version-20241113-091458PM581" />
      </setting>
      <setting name="TestParameters" value="ArchiveFolder=LMIAutomation.Host.AdHocTest.TC05_Orphaned_Install_With_Same_Version-20241113-091458PM581" />
      <setting name="ImageRuntimeVersion" value="4.0.30319" />
      <setting name="ImageTargetFrameworkName" value=".NETFramework,Version=v4.6.1" />
      <setting name="ImageRequiresX86" value="False" />
      <setting name="ImageRequiresDefaultAppDomainAssemblyResolver" value="False" />
      <setting name="TargetRuntimeFramework" value="net-4.6.1" />
      <setting name="NumberOfTestWorkers" value="2" />
    </settings>
    <properties>
      <property name="_PID" value="4624" />
      <property name="_APPDOMAIN" value="domain-" />
    </properties>
    <test-suite type="SetUpFixture" id="1-1468" name="LMIAutomation" fullname="LMIAutomation.TestBase+TestBaseInit" classname="LMIAutomation.TestBase+TestBaseInit" runstate="Runnable" testcasecount="374" result="Passed" start-time="2024-11-13T21:21:20.9645565Z" end-time="2024-11-13T21:23:40.6890000Z" duration="139.714368" total="1" passed="1" failed="0" warnings="0" inconclusive="0" skipped="0" asserts="72">
      <test-suite type="TestSuite" id="1-1477" name="Host" fullname="LMIAutomation.Host" runstate="Runnable" testcasecount="121" result="Passed" start-time="2024-11-13T21:21:21.1989319Z" end-time="2024-11-13T21:23:40.6890000Z" duration="139.476269" total="1" passed="1" failed="0" warnings="0" inconclusive="0" skipped="0" asserts="72">
        <test-suite type="TestFixture" id="1-1320" name="AdHocTest" fullname="LMIAutomation.Host.AdHocTest" classname="LMIAutomation.Host.AdHocTest" runstate="Runnable" testcasecount="6" result="Passed" start-time="2024-11-13T21:21:21.1989319Z" end-time="2024-11-13T21:23:40.6890000Z" duration="139.475842" total="1" passed="1" failed="0" warnings="0" inconclusive="0" skipped="0" asserts="72">
          <test-case id="1-1325" name="TC05_Orphaned_Install_With_Same_Version" fullname="LMIAutomation.Host.AdHocTest.TC05_Orphaned_Install_With_Same_Version" methodname="TC05_Orphaned_Install_With_Same_Version" classname="LMIAutomation.Host.AdHocTest" runstate="Runnable" seed="1554891438" result="Passed" start-time="2024-11-13T21:21:21.2614352Z" end-time="2024-11-13T21:23:40.6890000Z" duration="139.411764" asserts="72">
            <properties>
              <property name="Category" value="nightly" />
              <property name="Category" value="WinStable" />
            </properties>
          </test-case>
        </test-suite>
      </test-suite>
    </test-suite>
  </test-suite>
  <test-suite type="Assembly" id="1-1469" name="lmiAutomation.dll" fullname="z:\ApploaderTemp\Run20241113-091440609\NUnitPlugin\lmiAutomation.dll" runstate="Runnable" testcasecount="374" result="Passed" start-time="2024-11-13T21:23:48.5785435Z" end-time="2024-11-13T21:24:53.4636256Z" duration="64.863471" total="1" passed="1" failed="0" warnings="0" inconclusive="0" skipped="0" asserts="74">
    <environment framework-version="3.13.3.0" clr-version="4.0.30319.42000" os-version="Microsoft Windows NT 10.0.19045.0" platform="Win32NT" cwd="C:\ftp" machine-name="DESKTOP-T222K1Q" user="admin" user-domain="DESKTOP-T222K1Q" culture="en-US" uiculture="en-US" os-architecture="x64" />
    <settings>
      <setting name="DisposeRunners" value="True" />
      <setting name="WorkDirectory" value="C:\ftp" />
      <setting name="TestParametersDictionary" value="[ArchiveFolder, LMIAutomation.Host.InstallTest.TC01_DefaultInstall-20241113-091458PM528]">
        <item key="ArchiveFolder" value="LMIAutomation.Host.InstallTest.TC01_DefaultInstall-20241113-091458PM528" />
      </setting>
      <setting name="TestParameters" value="ArchiveFolder=LMIAutomation.Host.InstallTest.TC01_DefaultInstall-20241113-091458PM528" />
      <setting name="ImageRuntimeVersion" value="4.0.30319" />
      <setting name="ImageTargetFrameworkName" value=".NETFramework,Version=v4.6.1" />
      <setting name="ImageRequiresX86" value="False" />
      <setting name="ImageRequiresDefaultAppDomainAssemblyResolver" value="False" />
      <setting name="TargetRuntimeFramework" value="net-4.6.1" />
      <setting name="NumberOfTestWorkers" value="2" />
    </settings>
    <properties>
      <property name="_PID" value="5828" />
      <property name="_APPDOMAIN" value="domain-" />
    </properties>
    <test-suite type="SetUpFixture" id="1-1468" name="LMIAutomation" fullname="LMIAutomation.TestBase+TestBaseInit" classname="LMIAutomation.TestBase+TestBaseInit" runstate="Runnable" testcasecount="374" result="Passed" start-time="2024-11-13T21:23:48.5785435Z" end-time="2024-11-13T21:24:53.4636256Z" duration="64.855169" total="1" passed="1" failed="0" warnings="0" inconclusive="0" skipped="0" asserts="74">
      <test-suite type="TestSuite" id="1-1477" name="Host" fullname="LMIAutomation.Host" runstate="Runnable" testcasecount="121" result="Passed" start-time="2024-11-13T21:23:48.8285433Z" end-time="2024-11-13T21:24:53.4636256Z" duration="64.605678" total="1" passed="1" failed="0" warnings="0" inconclusive="0" skipped="0" asserts="74">
        <test-suite type="TestFixture" id="1-1433" name="InstallTest" fullname="LMIAutomation.Host.InstallTest" classname="LMIAutomation.Host.InstallTest" runstate="Runnable" testcasecount="19" result="Passed" start-time="2024-11-13T21:23:48.8285433Z" end-time="2024-11-13T21:24:53.4636256Z" duration="64.604752" total="1" passed="1" failed="0" warnings="0" inconclusive="0" skipped="0" asserts="74">
          <test-case id="1-1437" name="TC01_DefaultInstall" fullname="LMIAutomation.Host.InstallTest.TC01_DefaultInstall" methodname="TC01_DefaultInstall" classname="LMIAutomation.Host.InstallTest" runstate="Runnable" seed="2102086293" result="Passed" start-time="2024-11-13T21:23:48.9066685Z" end-time="2024-11-13T21:24:53.4636256Z" duration="64.533093" asserts="74">
            <properties>
              <property name="Category" value="nightly" />
              <property name="Category" value="MacStable" />
              <property name="Category" value="WinStable" />
            </properties>
          </test-case>
        </test-suite>
      </test-suite>
    </test-suite>
  </test-suite>
  <test-suite type="Assembly" id="1-1469" name="lmiAutomation.dll" fullname="z:\ApploaderTemp\Run20241113-091440609\NUnitPlugin\lmiAutomation.dll" runstate="Runnable" testcasecount="374" result="Passed" start-time="2024-11-13T21:25:03.1211574Z" end-time="2024-11-13T21:26:06.2766284Z" duration="63.146628" total="1" passed="1" failed="0" warnings="0" inconclusive="0" skipped="0" asserts="73">
    <environment framework-version="3.13.3.0" clr-version="4.0.30319.42000" os-version="Microsoft Windows NT 10.0.19045.0" platform="Win32NT" cwd="C:\ftp" machine-name="DESKTOP-T222K1Q" user="admin" user-domain="DESKTOP-T222K1Q" culture="en-US" uiculture="en-US" os-architecture="x64" />
    <settings>
      <setting name="DisposeRunners" value="True" />
      <setting name="WorkDirectory" value="C:\ftp" />
      <setting name="TestParametersDictionary" value="[ArchiveFolder, LMIAutomation.Host.InstallTest.TC02_ShowHost_ShowClient-20241113-091458PM89]">
        <item key="ArchiveFolder" value="LMIAutomation.Host.InstallTest.TC02_ShowHost_ShowClient-20241113-091458PM89" />
      </setting>
      <setting name="TestParameters" value="ArchiveFolder=LMIAutomation.Host.InstallTest.TC02_ShowHost_ShowClient-20241113-091458PM89" />
      <setting name="ImageRuntimeVersion" value="4.0.30319" />
      <setting name="ImageTargetFrameworkName" value=".NETFramework,Version=v4.6.1" />
      <setting name="ImageRequiresX86" value="False" />
      <setting name="ImageRequiresDefaultAppDomainAssemblyResolver" value="False" />
      <setting name="TargetRuntimeFramework" value="net-4.6.1" />
      <setting name="NumberOfTestWorkers" value="2" />
    </settings>
    <properties>
      <property name="_PID" value="2644" />
      <property name="_APPDOMAIN" value="domain-" />
    </properties>
    <test-suite type="SetUpFixture" id="1-1468" name="LMIAutomation" fullname="LMIAutomation.TestBase+TestBaseInit" classname="LMIAutomation.TestBase+TestBaseInit" runstate="Runnable" testcasecount="374" result="Passed" start-time="2024-11-13T21:25:03.1211574Z" end-time="2024-11-13T21:26:06.2766284Z" duration="63.138278" total="1" passed="1" failed="0" warnings="0" inconclusive="0" skipped="0" asserts="73">
      <test-suite type="TestSuite" id="1-1477" name="Host" fullname="LMIAutomation.Host" runstate="Runnable" testcasecount="121" result="Passed" start-time="2024-11-13T21:25:03.3867700Z" end-time="2024-11-13T21:26:06.2766284Z" duration="62.878190" total="1" passed="1" failed="0" warnings="0" inconclusive="0" skipped="0" asserts="73">
        <test-suite type="TestFixture" id="1-1433" name="InstallTest" fullname="LMIAutomation.Host.InstallTest" classname="LMIAutomation.Host.InstallTest" runstate="Runnable" testcasecount="19" result="Passed" start-time="2024-11-13T21:25:03.3867700Z" end-time="2024-11-13T21:26:06.2690000Z" duration="62.877701" total="1" passed="1" failed="0" warnings="0" inconclusive="0" skipped="0" asserts="73">
          <test-case id="1-1438" name="TC02_ShowHost_ShowClient" fullname="LMIAutomation.Host.InstallTest.TC02_ShowHost_ShowClient" methodname="TC02_ShowHost_ShowClient" classname="LMIAutomation.Host.InstallTest" runstate="Runnable" seed="1974240264" result="Passed" start-time="2024-11-13T21:25:03.7774149Z" end-time="2024-11-13T21:26:06.2690000Z" duration="62.481918" asserts="73">
            <properties>
              <property name="Category" value="nightly" />
              <property name="Category" value="MacStable" />
              <property name="Category" value="WinStable" />
            </properties>
          </test-case>
        </test-suite>
      </test-suite>
    </test-suite>
  </test-suite>
  <test-suite type="Assembly" id="1-1469" name="lmiAutomation.dll" fullname="z:\ApploaderTemp\Run20241113-091440609\NUnitPlugin\lmiAutomation.dll" runstate="Runnable" testcasecount="374" result="Passed" start-time="2024-11-13T21:26:16.6978846Z" end-time="2024-11-13T21:27:16.1040000Z" duration="59.427092" total="1" passed="1" failed="0" warnings="0" inconclusive="0" skipped="0" asserts="72">
    <environment framework-version="3.13.3.0" clr-version="4.0.30319.42000" os-version="Microsoft Windows NT 10.0.19045.0" platform="Win32NT" cwd="C:\ftp" machine-name="DESKTOP-T222K1Q" user="admin" user-domain="DESKTOP-T222K1Q" culture="en-US" uiculture="en-US" os-architecture="x64" />
    <settings>
      <setting name="DisposeRunners" value="True" />
      <setting name="WorkDirectory" value="C:\ftp" />
      <setting name="TestParametersDictionary" value="[ArchiveFolder, LMIAutomation.Host.InstallTest.TC03_ShowHost_HideClient-20241113-091458PM301]">
        <item key="ArchiveFolder" value="LMIAutomation.Host.InstallTest.TC03_ShowHost_HideClient-20241113-091458PM301" />
      </setting>
      <setting name="TestParameters" value="ArchiveFolder=LMIAutomation.Host.InstallTest.TC03_ShowHost_HideClient-20241113-091458PM301" />
      <setting name="ImageRuntimeVersion" value="4.0.30319" />
      <setting name="ImageTargetFrameworkName" value=".NETFramework,Version=v4.6.1" />
      <setting name="ImageRequiresX86" value="False" />
      <setting name="ImageRequiresDefaultAppDomainAssemblyResolver" value="False" />
      <setting name="TargetRuntimeFramework" value="net-4.6.1" />
      <setting name="NumberOfTestWorkers" value="2" />
    </settings>
    <properties>
      <property name="_PID" value="4360" />
      <property name="_APPDOMAIN" value="domain-" />
    </properties>
    <test-suite type="SetUpFixture" id="1-1468" name="LMIAutomation" fullname="LMIAutomation.TestBase+TestBaseInit" classname="LMIAutomation.TestBase+TestBaseInit" runstate="Runnable" testcasecount="374" result="Passed" start-time="2024-11-13T21:26:16.7135613Z" end-time="2024-11-13T21:27:16.1040000Z" duration="59.419108" total="1" passed="1" failed="0" warnings="0" inconclusive="0" skipped="0" asserts="72">
      <test-suite type="TestSuite" id="1-1477" name="Host" fullname="LMIAutomation.Host" runstate="Runnable" testcasecount="121" result="Passed" start-time="2024-11-13T21:26:16.9478460Z" end-time="2024-11-13T21:27:16.1040000Z" duration="59.177105" total="1" passed="1" failed="0" warnings="0" inconclusive="0" skipped="0" asserts="72">
        <test-suite type="TestFixture" id="1-1433" name="InstallTest" fullname="LMIAutomation.Host.InstallTest" classname="LMIAutomation.Host.InstallTest" runstate="Runnable" testcasecount="19" result="Passed" start-time="2024-11-13T21:26:16.9478460Z" end-time="2024-11-13T21:27:16.1040000Z" duration="59.176548" total="1" passed="1" failed="0" warnings="0" inconclusive="0" skipped="0" asserts="72">
          <test-case id="1-1439" name="TC03_ShowHost_HideClient" fullname="LMIAutomation.Host.InstallTest.TC03_ShowHost_HideClient" methodname="TC03_ShowHost_HideClient" classname="LMIAutomation.Host.InstallTest" runstate="Runnable" seed="1626047890" result="Passed" start-time="2024-11-13T21:26:17.0103502Z" end-time="2024-11-13T21:27:16.1040000Z" duration="59.112952" asserts="72">
            <properties>
              <property name="Category" value="nightly" />
              <property name="Category" value="MacStable" />
              <property name="Category" value="WinStable" />
            </properties>
          </test-case>
        </test-suite>
      </test-suite>
    </test-suite>
  </test-suite>
  <test-suite type="Assembly" id="1-1469" name="lmiAutomation.dll" fullname="z:\ApploaderTemp\Run20241113-091440609\NUnitPlugin\lmiAutomation.dll" runstate="Runnable" testcasecount="374" result="Passed" start-time="2024-11-13T21:27:25.7332181Z" end-time="2024-11-13T21:28:27.2660148Z" duration="61.527265" total="1" passed="1" failed="0" warnings="0" inconclusive="0" skipped="0" asserts="73">
    <environment framework-version="3.13.3.0" clr-version="4.0.30319.42000" os-version="Microsoft Windows NT 10.0.19045.0" platform="Win32NT" cwd="C:\ftp" machine-name="DESKTOP-T222K1Q" user="admin" user-domain="DESKTOP-T222K1Q" culture="en-US" uiculture="en-US" os-architecture="x64" />
    <settings>
      <setting name="DisposeRunners" value="True" />
      <setting name="WorkDirectory" value="C:\ftp" />
      <setting name="TestParametersDictionary" value="[ArchiveFolder, LMIAutomation.Host.InstallTest.TC04_HideHost_ShowClient-20241113-091458PM293]">
        <item key="ArchiveFolder" value="LMIAutomation.Host.InstallTest.TC04_HideHost_ShowClient-20241113-091458PM293" />
      </setting>
      <setting name="TestParameters" value="ArchiveFolder=LMIAutomation.Host.InstallTest.TC04_HideHost_ShowClient-20241113-091458PM293" />
      <setting name="ImageRuntimeVersion" value="4.0.30319" />
      <setting name="ImageTargetFrameworkName" value=".NETFramework,Version=v4.6.1" />
      <setting name="ImageRequiresX86" value="False" />
      <setting name="ImageRequiresDefaultAppDomainAssemblyResolver" value="False" />
      <setting name="TargetRuntimeFramework" value="net-4.6.1" />
      <setting name="NumberOfTestWorkers" value="2" />
    </settings>
    <properties>
      <property name="_PID" value="4964" />
      <property name="_APPDOMAIN" value="domain-" />
    </properties>
    <test-suite type="SetUpFixture" id="1-1468" name="LMIAutomation" fullname="LMIAutomation.TestBase+TestBaseInit" classname="LMIAutomation.TestBase+TestBaseInit" runstate="Runnable" testcasecount="374" result="Passed" start-time="2024-11-13T21:27:25.7488302Z" end-time="2024-11-13T21:28:27.2660148Z" duration="61.518405" total="1" passed="1" failed="0" warnings="0" inconclusive="0" skipped="0" asserts="73">
      <test-suite type="TestSuite" id="1-1477" name="Host" fullname="LMIAutomation.Host" runstate="Runnable" testcasecount="121" result="Passed" start-time="2024-11-13T21:27:25.9832033Z" end-time="2024-11-13T21:28:27.2660148Z" duration="61.279202" total="1" passed="1" failed="0" warnings="0" inconclusive="0" skipped="0" asserts="73">
        <test-suite type="TestFixture" id="1-1433" name="InstallTest" fullname="LMIAutomation.Host.InstallTest" classname="LMIAutomation.Host.InstallTest" runstate="Runnable" testcasecount="19" result="Passed" start-time="2024-11-13T21:27:25.9832033Z" end-time="2024-11-13T21:28:27.2660148Z" duration="61.278656" total="1" passed="1" failed="0" warnings="0" inconclusive="0" skipped="0" asserts="73">
          <test-case id="1-1440" name="TC04_HideHost_ShowClient" fullname="LMIAutomation.Host.InstallTest.TC04_HideHost_ShowClient" methodname="TC04_HideHost_ShowClient" classname="LMIAutomation.Host.InstallTest" runstate="Runnable" seed="2119952781" result="Passed" start-time="2024-11-13T21:27:26.0457486Z" end-time="2024-11-13T21:28:27.2660148Z" duration="61.213123" asserts="73">
            <properties>
              <property name="Category" value="nightly" />
              <property name="Category" value="MacStable" />
              <property name="Category" value="WinStable" />
            </properties>
          </test-case>
        </test-suite>
      </test-suite>
    </test-suite>
  </test-suite>
  <test-suite type="Assembly" id="1-1469" name="lmiAutomation.dll" fullname="z:\ApploaderTemp\Run20241113-091440609\NUnitPlugin\lmiAutomation.dll" runstate="Runnable" testcasecount="374" result="Passed" start-time="2024-11-13T21:28:34.7886217Z" end-time="2024-11-13T21:29:34.1420000Z" duration="59.326272" total="1" passed="1" failed="0" warnings="0" inconclusive="0" skipped="0" asserts="72">
    <environment framework-version="3.13.3.0" clr-version="4.0.30319.42000" os-version="Microsoft Windows NT 10.0.19045.0" platform="Win32NT" cwd="C:\ftp" machine-name="DESKTOP-T222K1Q" user="admin" user-domain="DESKTOP-T222K1Q" culture="en-US" uiculture="en-US" os-architecture="x64" />
    <settings>
      <setting name="DisposeRunners" value="True" />
      <setting name="WorkDirectory" value="C:\ftp" />
      <setting name="TestParametersDictionary" value="[ArchiveFolder, LMIAutomation.Host.InstallTest.TC05_HideHost_HideClient-20241113-091458PM115]">
        <item key="ArchiveFolder" value="LMIAutomation.Host.InstallTest.TC05_HideHost_HideClient-20241113-091458PM115" />
      </setting>
      <setting name="TestParameters" value="ArchiveFolder=LMIAutomation.Host.InstallTest.TC05_HideHost_HideClient-20241113-091458PM115" />
      <setting name="ImageRuntimeVersion" value="4.0.30319" />
      <setting name="ImageTargetFrameworkName" value=".NETFramework,Version=v4.6.1" />
      <setting name="ImageRequiresX86" value="False" />
      <setting name="ImageRequiresDefaultAppDomainAssemblyResolver" value="False" />
      <setting name="TargetRuntimeFramework" value="net-4.6.1" />
      <setting name="NumberOfTestWorkers" value="2" />
    </settings>
    <properties>
      <property name="_PID" value="10944" />
      <property name="_APPDOMAIN" value="domain-" />
    </properties>
    <test-suite type="SetUpFixture" id="1-1468" name="LMIAutomation" fullname="LMIAutomation.TestBase+TestBaseInit" classname="LMIAutomation.TestBase+TestBaseInit" runstate="Runnable" testcasecount="374" result="Passed" start-time="2024-11-13T21:28:34.8042033Z" end-time="2024-11-13T21:29:34.1420000Z" duration="59.317687" total="1" passed="1" failed="0" warnings="0" inconclusive="0" skipped="0" asserts="72">
      <test-suite type="TestSuite" id="1-1477" name="Host" fullname="LMIAutomation.Host" runstate="Runnable" testcasecount="121" result="Passed" start-time="2024-11-13T21:28:35.0385790Z" end-time="2024-11-13T21:29:34.1420000Z" duration="59.079498" total="1" passed="1" failed="0" warnings="0" inconclusive="0" skipped="0" asserts="72">
        <test-suite type="TestFixture" id="1-1433" name="InstallTest" fullname="LMIAutomation.Host.InstallTest" classname="LMIAutomation.Host.InstallTest" runstate="Runnable" testcasecount="19" result="Passed" start-time="2024-11-13T21:28:35.0385790Z" end-time="2024-11-13T21:29:34.1420000Z" duration="59.078699" total="1" passed="1" failed="0" warnings="0" inconclusive="0" skipped="0" asserts="72">
          <test-case id="1-1441" name="TC05_HideHost_HideClient" fullname="LMIAutomation.Host.InstallTest.TC05_HideHost_HideClient" methodname="TC05_HideHost_HideClient" classname="LMIAutomation.Host.InstallTest" runstate="Runnable" seed="2107941908" result="Passed" start-time="2024-11-13T21:28:35.1011306Z" end-time="2024-11-13T21:29:34.1420000Z" duration="59.008866" asserts="72">
            <properties>
              <property name="Category" value="nightly" />
              <property name="Category" value="MacStable" />
              <property name="Category" value="WinStable" />
            </properties>
          </test-case>
        </test-suite>
      </test-suite>
    </test-suite>
  </test-suite>
  <test-suite type="Assembly" id="1-1469" name="lmiAutomation.dll" fullname="z:\ApploaderTemp\Run20241113-091440609\NUnitPlugin\lmiAutomation.dll" runstate="Runnable" testcasecount="374" result="Passed" start-time="2024-11-13T21:29:43.8588616Z" end-time="2024-11-13T21:31:03.4054767Z" duration="79.563331" total="1" passed="1" failed="0" warnings="0" inconclusive="0" skipped="0" asserts="72">
    <environment framework-version="3.13.3.0" clr-version="4.0.30319.42000" os-version="Microsoft Windows NT 10.0.19045.0" platform="Win32NT" cwd="C:\ftp" machine-name="DESKTOP-T222K1Q" user="admin" user-domain="DESKTOP-T222K1Q" culture="en-US" uiculture="en-US" os-architecture="x64" />
    <settings>
      <setting name="DisposeRunners" value="True" />
      <setting name="WorkDirectory" value="C:\ftp" />
      <setting name="TestParametersDictionary" value="[ArchiveFolder, LMIAutomation.Host.InstallTest.TC06_Continuum_Install-20241113-091458PM508]">
        <item key="ArchiveFolder" value="LMIAutomation.Host.InstallTest.TC06_Continuum_Install-20241113-091458PM508" />
      </setting>
      <setting name="TestParameters" value="ArchiveFolder=LMIAutomation.Host.InstallTest.TC06_Continuum_Install-20241113-091458PM508" />
      <setting name="ImageRuntimeVersion" value="4.0.30319" />
      <setting name="ImageTargetFrameworkName" value=".NETFramework,Version=v4.6.1" />
      <setting name="ImageRequiresX86" value="False" />
      <setting name="ImageRequiresDefaultAppDomainAssemblyResolver" value="False" />
      <setting name="TargetRuntimeFramework" value="net-4.6.1" />
      <setting name="NumberOfTestWorkers" value="2" />
    </settings>
    <properties>
      <property name="_PID" value="744" />
      <property name="_APPDOMAIN" value="domain-" />
    </properties>
    <test-suite type="SetUpFixture" id="1-1468" name="LMIAutomation" fullname="LMIAutomation.TestBase+TestBaseInit" classname="LMIAutomation.TestBase+TestBaseInit" runstate="Runnable" testcasecount="374" result="Passed" start-time="2024-11-13T21:29:43.8746097Z" end-time="2024-11-13T21:31:03.4054767Z" duration="79.553331" total="1" passed="1" failed="0" warnings="0" inconclusive="0" skipped="0" asserts="72">
      <test-suite type="TestSuite" id="1-1477" name="Host" fullname="LMIAutomation.Host" runstate="Runnable" testcasecount="121" result="Passed" start-time="2024-11-13T21:29:44.1088777Z" end-time="2024-11-13T21:31:03.4054767Z" duration="79.312419" total="1" passed="1" failed="0" warnings="0" inconclusive="0" skipped="0" asserts="72">
        <test-suite type="TestFixture" id="1-1433" name="InstallTest" fullname="LMIAutomation.Host.InstallTest" classname="LMIAutomation.Host.InstallTest" runstate="Runnable" testcasecount="19" result="Passed" start-time="2024-11-13T21:29:44.1088777Z" end-time="2024-11-13T21:31:03.4054767Z" duration="79.312174" total="1" passed="1" failed="0" warnings="0" inconclusive="0" skipped="0" asserts="72">
          <test-case id="1-1442" name="TC06_Continuum_Install" fullname="LMIAutomation.Host.InstallTest.TC06_Continuum_Install" methodname="TC06_Continuum_Install" classname="LMIAutomation.Host.InstallTest" runstate="Runnable" seed="472621069" result="Passed" start-time="2024-11-13T21:29:44.1713516Z" end-time="2024-11-13T21:31:03.4054767Z" duration="79.240207" asserts="72">
            <properties>
              <property name="Category" value="nightly" />
              <property name="Category" value="MacStable" />
              <property name="Category" value="WinStable" />
            </properties>
          </test-case>
        </test-suite>
      </test-suite>
    </test-suite>
  </test-suite>
  <test-suite type="Assembly" id="1-1469" name="lmiAutomation.dll" fullname="z:\ApploaderTemp\Run20241113-091440609\NUnitPlugin\lmiAutomation.dll" runstate="Runnable" testcasecount="374" result="Passed" start-time="2024-11-13T21:31:14.0335711Z" end-time="2024-11-13T21:32:17.3290000Z" duration="63.212384" total="1" passed="1" failed="0" warnings="0" inconclusive="0" skipped="0" asserts="74">
    <environment framework-version="3.13.3.0" clr-version="4.0.30319.42000" os-version="Microsoft Windows NT 10.0.19045.0" platform="Win32NT" cwd="C:\ftp" machine-name="DESKTOP-T222K1Q" user="admin" user-domain="DESKTOP-T222K1Q" culture="en-US" uiculture="en-US" os-architecture="x64" />
    <settings>
      <setting name="DisposeRunners" value="True" />
      <setting name="WorkDirectory" value="C:\ftp" />
      <setting name="TestParametersDictionary" value="[ArchiveFolder, LMIAutomation.Host.InstallTest.TC11_DefaultInstall_Live-20241113-091458PM217]">
        <item key="ArchiveFolder" value="LMIAutomation.Host.InstallTest.TC11_DefaultInstall_Live-20241113-091458PM217" />
      </setting>
      <setting name="TestParameters" value="ArchiveFolder=LMIAutomation.Host.InstallTest.TC11_DefaultInstall_Live-20241113-091458PM217" />
      <setting name="ImageRuntimeVersion" value="4.0.30319" />
      <setting name="ImageTargetFrameworkName" value=".NETFramework,Version=v4.6.1" />
      <setting name="ImageRequiresX86" value="False" />
      <setting name="ImageRequiresDefaultAppDomainAssemblyResolver" value="False" />
      <setting name="TargetRuntimeFramework" value="net-4.6.1" />
      <setting name="NumberOfTestWorkers" value="2" />
    </settings>
    <properties>
      <property name="_PID" value="4480" />
      <property name="_APPDOMAIN" value="domain-" />
    </properties>
    <test-suite type="SetUpFixture" id="1-1468" name="LMIAutomation" fullname="LMIAutomation.TestBase+TestBaseInit" classname="LMIAutomation.TestBase+TestBaseInit" runstate="Runnable" testcasecount="374" result="Passed" start-time="2024-11-13T21:31:14.0491835Z" end-time="2024-11-13T21:32:17.3290000Z" duration="63.202170" total="1" passed="1" failed="0" warnings="0" inconclusive="0" skipped="0" asserts="74">
      <test-suite type="TestSuite" id="1-1477" name="Host" fullname="LMIAutomation.Host" runstate="Runnable" testcasecount="121" result="Passed" start-time="2024-11-13T21:31:14.2835597Z" end-time="2024-11-13T21:32:17.3290000Z" duration="62.958414" total="1" passed="1" failed="0" warnings="0" inconclusive="0" skipped="0" asserts="74">
        <test-suite type="TestFixture" id="1-1433" name="InstallTest" fullname="LMIAutomation.Host.InstallTest" classname="LMIAutomation.Host.InstallTest" runstate="Runnable" testcasecount="19" result="Passed" start-time="2024-11-13T21:31:14.2835597Z" end-time="2024-11-13T21:32:17.3290000Z" duration="62.957881" total="1" passed="1" failed="0" warnings="0" inconclusive="0" skipped="0" asserts="74">
          <test-case id="1-1435" name="TC11_DefaultInstall_Live" fullname="LMIAutomation.Host.InstallTest.TC11_DefaultInstall_Live" methodname="TC11_DefaultInstall_Live" classname="LMIAutomation.Host.InstallTest" runstate="Runnable" seed="1065195539" result="Passed" start-time="2024-11-13T21:31:14.3460586Z" end-time="2024-11-13T21:32:17.3290000Z" duration="62.889605" asserts="74">
            <properties>
              <property name="Category" value="nightly" />
            </properties>
          </test-case>
        </test-suite>
      </test-suite>
    </test-suite>
  </test-suite>
  <test-suite type="Assembly" id="1-1469" name="lmiAutomation.dll" fullname="z:\ApploaderTemp\Run20241113-091440609\NUnitPlugin\lmiAutomation.dll" runstate="Runnable" testcasecount="374" result="Passed" start-time="2024-11-13T21:32:28.2029055Z" end-time="2024-11-13T21:33:42.6400000Z" duration="74.443022" total="1" passed="1" failed="0" warnings="0" inconclusive="0" skipped="0" asserts="75">
    <environment framework-version="3.13.3.0" clr-version="4.0.30319.42000" os-version="Microsoft Windows NT 10.0.19045.0" platform="Win32NT" cwd="C:\ftp" machine-name="DESKTOP-T222K1Q" user="admin" user-domain="DESKTOP-T222K1Q" culture="en-US" uiculture="en-US" os-architecture="x64" />
    <settings>
      <setting name="DisposeRunners" value="True" />
      <setting name="WorkDirectory" value="C:\ftp" />
      <setting name="TestParametersDictionary" value="[ArchiveFolder, LMIAutomation.Host.InstallTest.TC11_DefaultInstall_LiveAndCheckOesis-20241113-091458PM969]">
        <item key="ArchiveFolder" value="LMIAutomation.Host.InstallTest.TC11_DefaultInstall_LiveAndCheckOesis-20241113-091458PM969" />
      </setting>
      <setting name="TestParameters" value="ArchiveFolder=LMIAutomation.Host.InstallTest.TC11_DefaultInstall_LiveAndCheckOesis-20241113-091458PM969" />
      <setting name="ImageRuntimeVersion" value="4.0.30319" />
      <setting name="ImageTargetFrameworkName" value=".NETFramework,Version=v4.6.1" />
      <setting name="ImageRequiresX86" value="False" />
      <setting name="ImageRequiresDefaultAppDomainAssemblyResolver" value="False" />
      <setting name="TargetRuntimeFramework" value="net-4.6.1" />
      <setting name="NumberOfTestWorkers" value="2" />
    </settings>
    <properties>
      <property name="_PID" value="8108" />
      <property name="_APPDOMAIN" value="domain-" />
    </properties>
    <test-suite type="SetUpFixture" id="1-1468" name="LMIAutomation" fullname="LMIAutomation.TestBase+TestBaseInit" classname="LMIAutomation.TestBase+TestBaseInit" runstate="Runnable" testcasecount="374" result="Passed" start-time="2024-11-13T21:32:28.2029055Z" end-time="2024-11-13T21:33:42.6400000Z" duration="74.434644" total="1" passed="1" failed="0" warnings="0" inconclusive="0" skipped="0" asserts="75">
      <test-suite type="TestSuite" id="1-1477" name="Host" fullname="LMIAutomation.Host" runstate="Runnable" testcasecount="121" result="Passed" start-time="2024-11-13T21:32:28.4529019Z" end-time="2024-11-13T21:33:42.6400000Z" duration="74.194249" total="1" passed="1" failed="0" warnings="0" inconclusive="0" skipped="0" asserts="75">
        <test-suite type="TestFixture" id="1-1433" name="InstallTest" fullname="LMIAutomation.Host.InstallTest" classname="LMIAutomation.Host.InstallTest" runstate="Runnable" testcasecount="19" result="Passed" start-time="2024-11-13T21:32:28.4529019Z" end-time="2024-11-13T21:33:42.6400000Z" duration="74.193301" total="1" passed="1" failed="0" warnings="0" inconclusive="0" skipped="0" asserts="75">
          <test-case id="1-1436" name="TC11_DefaultInstall_LiveAndCheckOesis" fullname="LMIAutomation.Host.InstallTest.TC11_DefaultInstall_LiveAndCheckOesis" methodname="TC11_DefaultInstall_LiveAndCheckOesis" classname="LMIAutomation.Host.InstallTest" runstate="Runnable" seed="888172273" result="Passed" start-time="2024-11-13T21:32:28.5154693Z" end-time="2024-11-13T21:33:42.6400000Z" duration="74.128401" asserts="75">
            <properties>
              <property name="Category" value="nightly" />
            </properties>
          </test-case>
        </test-suite>
      </test-suite>
    </test-suite>
  </test-suite>
  <test-suite type="Assembly" id="1-1469" name="lmiAutomation.dll" fullname="z:\ApploaderTemp\Run20241113-091440609\NUnitPlugin\lmiAutomation.dll" runstate="Runnable" testcasecount="374" result="Passed" start-time="2024-11-13T21:33:53.2995768Z" end-time="2024-11-13T21:34:55.6156755Z" duration="62.373032" total="1" passed="1" failed="0" warnings="0" inconclusive="0" skipped="0" asserts="75">
    <environment framework-version="3.13.3.0" clr-version="4.0.30319.42000" os-version="Microsoft Windows NT 10.0.19045.0" platform="Win32NT" cwd="C:\ftp" machine-name="DESKTOP-T222K1Q" user="admin" user-domain="DESKTOP-T222K1Q" culture="en-US" uiculture="en-US" os-architecture="x64" />
    <settings>
      <setting name="DisposeRunners" value="True" />
      <setting name="WorkDirectory" value="C:\ftp" />
      <setting name="TestParametersDictionary" value="[ArchiveFolder, LMIAutomation.Host.InstallTest.TC12_AVServer_Install-20241113-091458PM286]">
        <item key="ArchiveFolder" value="LMIAutomation.Host.InstallTest.TC12_AVServer_Install-20241113-091458PM286" />
      </setting>
      <setting name="TestParameters" value="ArchiveFolder=LMIAutomation.Host.InstallTest.TC12_AVServer_Install-20241113-091458PM286" />
      <setting name="ImageRuntimeVersion" value="4.0.30319" />
      <setting name="ImageTargetFrameworkName" value=".NETFramework,Version=v4.6.1" />
      <setting name="ImageRequiresX86" value="False" />
      <setting name="ImageRequiresDefaultAppDomainAssemblyResolver" value="False" />
      <setting name="TargetRuntimeFramework" value="net-4.6.1" />
      <setting name="NumberOfTestWorkers" value="2" />
    </settings>
    <properties>
      <property name="_PID" value="8680" />
      <property name="_APPDOMAIN" value="domain-" />
    </properties>
    <test-suite type="SetUpFixture" id="1-1468" name="LMIAutomation" fullname="LMIAutomation.TestBase+TestBaseInit" classname="LMIAutomation.TestBase+TestBaseInit" runstate="Runnable" testcasecount="374" result="Passed" start-time="2024-11-13T21:33:53.3151868Z" end-time="2024-11-13T21:34:55.6156755Z" duration="62.363544" total="1" passed="1" failed="0" warnings="0" inconclusive="0" skipped="0" asserts="75">
      <test-suite type="TestSuite" id="1-1477" name="Host" fullname="LMIAutomation.Host" runstate="Runnable" testcasecount="121" result="Passed" start-time="2024-11-13T21:33:53.5651901Z" end-time="2024-11-13T21:34:55.6156755Z" duration="62.109925" total="1" passed="1" failed="0" warnings="0" inconclusive="0" skipped="0" asserts="75">
        <test-suite type="TestFixture" id="1-1433" name="InstallTest" fullname="LMIAutomation.Host.InstallTest" classname="LMIAutomation.Host.InstallTest" runstate="Runnable" testcasecount="19" result="Passed" start-time="2024-11-13T21:33:53.5651901Z" end-time="2024-11-13T21:34:55.6156755Z" duration="62.109359" total="1" passed="1" failed="0" warnings="0" inconclusive="0" skipped="0" asserts="75">
          <test-case id="1-1446" name="TC12_AVServer_Install" fullname="LMIAutomation.Host.InstallTest.TC12_AVServer_Install" methodname="TC12_AVServer_Install" classname="LMIAutomation.Host.InstallTest" runstate="Runnable" seed="2030705548" result="Passed" start-time="2024-11-13T21:33:53.6277862Z" end-time="2024-11-13T21:34:55.6100000Z" duration="62.044891" asserts="75">
            <properties>
              <property name="Category" value="nightly" />
              <property name="Category" value="WinStable" />
            </properties>
          </test-case>
        </test-suite>
      </test-suite>
    </test-suite>
  </test-suite>
  <test-suite type="Assembly" id="1-1469" name="lmiAutomation.dll" fullname="z:\ApploaderTemp\Run20241113-091440609\NUnitPlugin\lmiAutomation.dll" runstate="Runnable" testcasecount="374" result="Passed" start-time="2024-11-13T21:35:07.6125360Z" end-time="2024-11-13T21:36:11.3080000Z" duration="63.697877" total="1" passed="1" failed="0" warnings="0" inconclusive="0" skipped="0" asserts="76">
    <environment framework-version="3.13.3.0" clr-version="4.0.30319.42000" os-version="Microsoft Windows NT 10.0.19045.0" platform="Win32NT" cwd="C:\ftp" machine-name="DESKTOP-T222K1Q" user="admin" user-domain="DESKTOP-T222K1Q" culture="en-US" uiculture="en-US" os-architecture="x64" />
    <settings>
      <setting name="DisposeRunners" value="True" />
      <setting name="WorkDirectory" value="C:\ftp" />
      <setting name="TestParametersDictionary" value="[ArchiveFolder, LMIAutomation.Host.InstallTest.TC13_AVServer_Uninstall-20241113-091458PM739]">
        <item key="ArchiveFolder" value="LMIAutomation.Host.InstallTest.TC13_AVServer_Uninstall-20241113-091458PM739" />
      </setting>
      <setting name="TestParameters" value="ArchiveFolder=LMIAutomation.Host.InstallTest.TC13_AVServer_Uninstall-20241113-091458PM739" />
      <setting name="ImageRuntimeVersion" value="4.0.30319" />
      <setting name="ImageTargetFrameworkName" value=".NETFramework,Version=v4.6.1" />
      <setting name="ImageRequiresX86" value="False" />
      <setting name="ImageRequiresDefaultAppDomainAssemblyResolver" value="False" />
      <setting name="TargetRuntimeFramework" value="net-4.6.1" />
      <setting name="NumberOfTestWorkers" value="2" />
    </settings>
    <properties>
      <property name="_PID" value="4712" />
      <property name="_APPDOMAIN" value="domain-" />
    </properties>
    <test-suite type="SetUpFixture" id="1-1468" name="LMIAutomation" fullname="LMIAutomation.TestBase+TestBaseInit" classname="LMIAutomation.TestBase+TestBaseInit" runstate="Runnable" testcasecount="374" result="Passed" start-time="2024-11-13T21:35:07.6125360Z" end-time="2024-11-13T21:36:11.3080000Z" duration="63.689450" total="1" passed="1" failed="0" warnings="0" inconclusive="0" skipped="0" asserts="76">
      <test-suite type="TestSuite" id="1-1477" name="Host" fullname="LMIAutomation.Host" runstate="Runnable" testcasecount="121" result="Passed" start-time="2024-11-13T21:35:07.8625203Z" end-time="2024-11-13T21:36:11.3080000Z" duration="63.446067" total="1" passed="1" failed="0" warnings="0" inconclusive="0" skipped="0" asserts="76">
        <test-suite type="TestFixture" id="1-1433" name="InstallTest" fullname="LMIAutomation.Host.InstallTest" classname="LMIAutomation.Host.InstallTest" runstate="Runnable" testcasecount="19" result="Passed" start-time="2024-11-13T21:35:07.8625203Z" end-time="2024-11-13T21:36:11.3080000Z" duration="63.444357" total="1" passed="1" failed="0" warnings="0" inconclusive="0" skipped="0" asserts="76">
          <test-case id="1-1447" name="TC13_AVServer_Uninstall" fullname="LMIAutomation.Host.InstallTest.TC13_AVServer_Uninstall" methodname="TC13_AVServer_Uninstall" classname="LMIAutomation.Host.InstallTest" runstate="Runnable" seed="13566250" result="Passed" start-time="2024-11-13T21:35:08.3000187Z" end-time="2024-11-13T21:36:11.3080000Z" duration="63.007127" asserts="76">
            <properties>
              <property name="Category" value="nightly" />
            </properties>
          </test-case>
        </test-suite>
      </test-suite>
    </test-suite>
  </test-suite>
  <test-suite type="Assembly" id="1-1469" name="lmiAutomation.dll" fullname="z:\ApploaderTemp\Run20241113-091440609\NUnitPlugin\lmiAutomation.dll" runstate="Runnable" testcasecount="374" result="Passed" start-time="2024-11-13T21:36:21.3504064Z" end-time="2024-11-13T21:37:29.6970000Z" duration="68.315182" total="1" passed="1" failed="0" warnings="0" inconclusive="0" skipped="0" asserts="62">
    <environment framework-version="3.13.3.0" clr-version="4.0.30319.42000" os-version="Microsoft Windows NT 10.0.19045.0" platform="Win32NT" cwd="C:\ftp" machine-name="DESKTOP-T222K1Q" user="admin" user-domain="DESKTOP-T222K1Q" culture="en-US" uiculture="en-US" os-architecture="x64" />
    <settings>
      <setting name="DisposeRunners" value="True" />
      <setting name="WorkDirectory" value="C:\ftp" />
      <setting name="TestParametersDictionary" value="[ArchiveFolder, LMIAutomation.Host.OneClickLogin.TC01_OneClickLogi-20241113-091458PM308]">
        <item key="ArchiveFolder" value="LMIAutomation.Host.OneClickLogin.TC01_OneClickLogi-20241113-091458PM308" />
      </setting>
      <setting name="TestParameters" value="ArchiveFolder=LMIAutomation.Host.OneClickLogin.TC01_OneClickLogi-20241113-091458PM308" />
      <setting name="ImageRuntimeVersion" value="4.0.30319" />
      <setting name="ImageTargetFrameworkName" value=".NETFramework,Version=v4.6.1" />
      <setting name="ImageRequiresX86" value="False" />
      <setting name="ImageRequiresDefaultAppDomainAssemblyResolver" value="False" />
      <setting name="TargetRuntimeFramework" value="net-4.6.1" />
      <setting name="NumberOfTestWorkers" value="2" />
    </settings>
    <properties>
      <property name="_PID" value="3008" />
      <property name="_APPDOMAIN" value="domain-" />
    </properties>
    <test-suite type="SetUpFixture" id="1-1468" name="LMIAutomation" fullname="LMIAutomation.TestBase+TestBaseInit" classname="LMIAutomation.TestBase+TestBaseInit" runstate="Runnable" testcasecount="374" result="Passed" start-time="2024-11-13T21:36:21.3660307Z" end-time="2024-11-13T21:37:29.6970000Z" duration="68.306960" total="1" passed="1" failed="0" warnings="0" inconclusive="0" skipped="0" asserts="62">
      <test-suite type="TestSuite" id="1-1477" name="Host" fullname="LMIAutomation.Host" runstate="Runnable" testcasecount="121" result="Passed" start-time="2024-11-13T21:36:21.6160403Z" end-time="2024-11-13T21:37:29.6970000Z" duration="68.057457" total="1" passed="1" failed="0" warnings="0" inconclusive="0" skipped="0" asserts="62">
        <test-suite type="TestFixture" id="1-1366" name="OneClickLogin" fullname="LMIAutomation.Host.OneClickLogin" classname="LMIAutomation.Host.OneClickLogin" runstate="Runnable" testcasecount="6" result="Passed" start-time="2024-11-13T21:36:21.6160403Z" end-time="2024-11-13T21:37:29.6970000Z" duration="68.057215" total="1" passed="1" failed="0" warnings="0" inconclusive="0" skipped="0" asserts="62">
          <test-suite type="ParameterizedMethod" id="1-1373" name="TC01_OneClickLogin" fullname="LMIAutomation.Host.OneClickLogin.TC01_OneClickLogin" classname="LMIAutomation.Host.OneClickLogin" runstate="Runnable" testcasecount="6" result="Passed" start-time="2024-11-13T21:36:21.7097989Z" end-time="2024-11-13T21:37:29.6970000Z" duration="67.961565" total="1" passed="1" failed="0" warnings="0" inconclusive="0" skipped="0" asserts="62">
            <test-case id="1-1372" name="TC01_OneClickLogin(Automation2,False)" fullname="LMIAutomation.Host.OneClickLogin.TC01_OneClickLogin(Automation2,False)" methodname="TC01_OneClickLogin" classname="LMIAutomation.Host.OneClickLogin" runstate="Runnable" seed="1814070946" result="Passed" start-time="2024-11-13T21:36:21.7097989Z" end-time="2024-11-13T21:37:29.6970000Z" duration="67.959694" asserts="62" />
          </test-suite>
        </test-suite>
      </test-suite>
    </test-suite>
  </test-suite>
  <test-suite type="Assembly" id="1-1469" name="lmiAutomation.dll" fullname="z:\ApploaderTemp\Run20241113-091440609\NUnitPlugin\lmiAutomation.dll" runstate="Runnable" testcasecount="374" result="Passed" start-time="2024-11-13T21:37:40.5074873Z" end-time="2024-11-13T21:38:50.2083828Z" duration="69.709611" total="1" passed="1" failed="0" warnings="0" inconclusive="0" skipped="0" asserts="62">
    <environment framework-version="3.13.3.0" clr-version="4.0.30319.42000" os-version="Microsoft Windows NT 10.0.19045.0" platform="Win32NT" cwd="C:\ftp" machine-name="DESKTOP-T222K1Q" user="admin" user-domain="DESKTOP-T222K1Q" culture="en-US" uiculture="en-US" os-architecture="x64" />
    <settings>
      <setting name="DisposeRunners" value="True" />
      <setting name="WorkDirectory" value="C:\ftp" />
      <setting name="TestParametersDictionary" value="[ArchiveFolder, LMIAutomation.Host.OneClickLogin.TC01_OneClickLogi-20241113-091458PM727]">
        <item key="ArchiveFolder" value="LMIAutomation.Host.OneClickLogin.TC01_OneClickLogi-20241113-091458PM727" />
      </setting>
      <setting name="TestParameters" value="ArchiveFolder=LMIAutomation.Host.OneClickLogin.TC01_OneClickLogi-20241113-091458PM727" />
      <setting name="ImageRuntimeVersion" value="4.0.30319" />
      <setting name="ImageTargetFrameworkName" value=".NETFramework,Version=v4.6.1" />
      <setting name="ImageRequiresX86" value="False" />
      <setting name="ImageRequiresDefaultAppDomainAssemblyResolver" value="False" />
      <setting name="TargetRuntimeFramework" value="net-4.6.1" />
      <setting name="NumberOfTestWorkers" value="2" />
    </settings>
    <properties>
      <property name="_PID" value="9076" />
      <property name="_APPDOMAIN" value="domain-" />
    </properties>
    <test-suite type="SetUpFixture" id="1-1468" name="LMIAutomation" fullname="LMIAutomation.TestBase+TestBaseInit" classname="LMIAutomation.TestBase+TestBaseInit" runstate="Runnable" testcasecount="374" result="Passed" start-time="2024-11-13T21:37:40.5074873Z" end-time="2024-11-13T21:38:50.2083828Z" duration="69.700999" total="1" passed="1" failed="0" warnings="0" inconclusive="0" skipped="0" asserts="62">
      <test-suite type="TestSuite" id="1-1477" name="Host" fullname="LMIAutomation.Host" runstate="Runnable" testcasecount="121" result="Passed" start-time="2024-11-13T21:37:40.7574960Z" end-time="2024-11-13T21:38:50.2083828Z" duration="69.460009" total="1" passed="1" failed="0" warnings="0" inconclusive="0" skipped="0" asserts="62">
        <test-suite type="TestFixture" id="1-1366" name="OneClickLogin" fullname="LMIAutomation.Host.OneClickLogin" classname="LMIAutomation.Host.OneClickLogin" runstate="Runnable" testcasecount="6" result="Passed" start-time="2024-11-13T21:37:40.7574960Z" end-time="2024-11-13T21:38:50.2083828Z" duration="69.459932" total="1" passed="1" failed="0" warnings="0" inconclusive="0" skipped="0" asserts="62">
          <test-suite type="ParameterizedMethod" id="1-1373" name="TC01_OneClickLogin" fullname="LMIAutomation.Host.OneClickLogin.TC01_OneClickLogin" classname="LMIAutomation.Host.OneClickLogin" runstate="Runnable" testcasecount="6" result="Passed" start-time="2024-11-13T21:37:40.8512850Z" end-time="2024-11-13T21:38:50.2083828Z" duration="69.358832" total="1" passed="1" failed="0" warnings="0" inconclusive="0" skipped="0" asserts="62">
            <test-case id="1-1371" name="TC01_OneClickLogin(Automation2,True)" fullname="LMIAutomation.Host.OneClickLogin.TC01_OneClickLogin(Automation2,True)" methodname="TC01_OneClickLogin" classname="LMIAutomation.Host.OneClickLogin" runstate="Runnable" seed="1849640736" result="Passed" start-time="2024-11-13T21:37:40.8512850Z" end-time="2024-11-13T21:38:50.2030000Z" duration="69.356125" asserts="62" />
          </test-suite>
        </test-suite>
      </test-suite>
    </test-suite>
  </test-suite>
  <test-suite type="Assembly" id="1-1469" name="lmiAutomation.dll" fullname="z:\ApploaderTemp\Run20241113-091440609\NUnitPlugin\lmiAutomation.dll" runstate="Runnable" testcasecount="374" result="Passed" start-time="2024-11-13T21:38:59.6040891Z" end-time="2024-11-13T21:40:21.6070000Z" duration="81.995468" total="1" passed="1" failed="0" warnings="0" inconclusive="0" skipped="0" asserts="62">
    <environment framework-version="3.13.3.0" clr-version="4.0.30319.42000" os-version="Microsoft Windows NT 10.0.19045.0" platform="Win32NT" cwd="C:\ftp" machine-name="DESKTOP-T222K1Q" user="admin" user-domain="DESKTOP-T222K1Q" culture="en-US" uiculture="en-US" os-architecture="x64" />
    <settings>
      <setting name="DisposeRunners" value="True" />
      <setting name="WorkDirectory" value="C:\ftp" />
      <setting name="TestParametersDictionary" value="[ArchiveFolder, LMIAutomation.Host.SettingsTests.TC03_RejectWrongForcedGateway-20241113-091458PM486]">
        <item key="ArchiveFolder" value="LMIAutomation.Host.SettingsTests.TC03_RejectWrongForcedGateway-20241113-091458PM486" />
      </setting>
      <setting name="TestParameters" value="ArchiveFolder=LMIAutomation.Host.SettingsTests.TC03_RejectWrongForcedGateway-20241113-091458PM486" />
      <setting name="ImageRuntimeVersion" value="4.0.30319" />
      <setting name="ImageTargetFrameworkName" value=".NETFramework,Version=v4.6.1" />
      <setting name="ImageRequiresX86" value="False" />
      <setting name="ImageRequiresDefaultAppDomainAssemblyResolver" value="False" />
      <setting name="TargetRuntimeFramework" value="net-4.6.1" />
      <setting name="NumberOfTestWorkers" value="2" />
    </settings>
    <properties>
      <property name="_PID" value="6184" />
      <property name="_APPDOMAIN" value="domain-" />
    </properties>
    <test-suite type="SetUpFixture" id="1-1468" name="LMIAutomation" fullname="LMIAutomation.TestBase+TestBaseInit" classname="LMIAutomation.TestBase+TestBaseInit" runstate="Runnable" testcasecount="374" result="Passed" start-time="2024-11-13T21:38:59.6197110Z" end-time="2024-11-13T21:40:21.6070000Z" duration="81.987454" total="1" passed="1" failed="0" warnings="0" inconclusive="0" skipped="0" asserts="62">
      <test-suite type="TestSuite" id="1-1477" name="Host" fullname="LMIAutomation.Host" runstate="Runnable" testcasecount="121" result="Passed" start-time="2024-11-13T21:38:59.8540466Z" end-time="2024-11-13T21:40:21.6070000Z" duration="81.745133" total="1" passed="1" failed="0" warnings="0" inconclusive="0" skipped="0" asserts="62">
        <test-suite type="TestFixture" id="1-1428" name="SettingsTests" fullname="LMIAutomation.Host.SettingsTests" classname="LMIAutomation.Host.SettingsTests" runstate="Runnable" testcasecount="4" result="Passed" start-time="2024-11-13T21:38:59.8540466Z" end-time="2024-11-13T21:40:21.6070000Z" duration="81.744835" total="1" passed="1" failed="0" warnings="0" inconclusive="0" skipped="0" asserts="62">
          <test-case id="1-1431" name="TC03_RejectWrongForcedGateway" fullname="LMIAutomation.Host.SettingsTests.TC03_RejectWrongForcedGateway" methodname="TC03_RejectWrongForcedGateway" classname="LMIAutomation.Host.SettingsTests" runstate="Runnable" seed="1568043066" result="Passed" start-time="2024-11-13T21:38:59.9321741Z" end-time="2024-11-13T21:40:21.6070000Z" duration="81.677218" asserts="62">
            <properties>
              <property name="Category" value="nightly" />
              <property name="Category" value="MacStable" />
              <property name="Category" value="WinStable" />
            </properties>
          </test-case>
        </test-suite>
      </test-suite>
    </test-suite>
  </test-suite>
  <test-suite type="Assembly" id="1-1469" name="lmiAutomation.dll" fullname="z:\ApploaderTemp\Run20241113-091440609\NUnitPlugin\lmiAutomation.dll" runstate="Runnable" testcasecount="374" result="Passed" start-time="2024-11-13T21:40:29.8131487Z" end-time="2024-11-13T21:41:23.6400000Z" duration="53.835439" total="1" passed="1" failed="0" warnings="0" inconclusive="0" skipped="0" asserts="63">
    <environment framework-version="3.13.3.0" clr-version="4.0.30319.42000" os-version="Microsoft Windows NT 10.0.19045.0" platform="Win32NT" cwd="C:\ftp" machine-name="DESKTOP-T222K1Q" user="admin" user-domain="DESKTOP-T222K1Q" culture="en-US" uiculture="en-US" os-architecture="x64" />
    <settings>
      <setting name="DisposeRunners" value="True" />
      <setting name="WorkDirectory" value="C:\ftp" />
      <setting name="TestParametersDictionary" value="[ArchiveFolder, LMIAutomation.Host.SettingsTests.TC04_BrowserEmulationKeyCreated-20241113-091458PM750]">
        <item key="ArchiveFolder" value="LMIAutomation.Host.SettingsTests.TC04_BrowserEmulationKeyCreated-20241113-091458PM750" />
      </setting>
      <setting name="TestParameters" value="ArchiveFolder=LMIAutomation.Host.SettingsTests.TC04_BrowserEmulationKeyCreated-20241113-091458PM750" />
      <setting name="ImageRuntimeVersion" value="4.0.30319" />
      <setting name="ImageTargetFrameworkName" value=".NETFramework,Version=v4.6.1" />
      <setting name="ImageRequiresX86" value="False" />
      <setting name="ImageRequiresDefaultAppDomainAssemblyResolver" value="False" />
      <setting name="TargetRuntimeFramework" value="net-4.6.1" />
      <setting name="NumberOfTestWorkers" value="2" />
    </settings>
    <properties>
      <property name="_PID" value="10968" />
      <property name="_APPDOMAIN" value="domain-" />
    </properties>
    <test-suite type="SetUpFixture" id="1-1468" name="LMIAutomation" fullname="LMIAutomation.TestBase+TestBaseInit" classname="LMIAutomation.TestBase+TestBaseInit" runstate="Runnable" testcasecount="374" result="Passed" start-time="2024-11-13T21:40:29.8131487Z" end-time="2024-11-13T21:41:23.6400000Z" duration="53.827163" total="1" passed="1" failed="0" warnings="0" inconclusive="0" skipped="0" asserts="63">
      <test-suite type="TestSuite" id="1-1477" name="Host" fullname="LMIAutomation.Host" runstate="Runnable" testcasecount="121" result="Passed" start-time="2024-11-13T21:40:30.0631347Z" end-time="2024-11-13T21:41:23.6400000Z" duration="53.581537" total="1" passed="1" failed="0" warnings="0" inconclusive="0" skipped="0" asserts="63">
        <test-suite type="TestFixture" id="1-1428" name="SettingsTests" fullname="LMIAutomation.Host.SettingsTests" classname="LMIAutomation.Host.SettingsTests" runstate="Runnable" testcasecount="4" result="Passed" start-time="2024-11-13T21:40:30.0631347Z" end-time="2024-11-13T21:41:23.6400000Z" duration="53.580634" total="1" passed="1" failed="0" warnings="0" inconclusive="0" skipped="0" asserts="63">
          <test-case id="1-1432" name="TC04_BrowserEmulationKeyCreated" fullname="LMIAutomation.Host.SettingsTests.TC04_BrowserEmulationKeyCreated" methodname="TC04_BrowserEmulationKeyCreated" classname="LMIAutomation.Host.SettingsTests" runstate="Runnable" seed="727380943" result="Passed" start-time="2024-11-13T21:40:30.1412717Z" end-time="2024-11-13T21:41:23.6400000Z" duration="53.510041" asserts="63">
            <properties>
              <property name="Category" value="nightly" />
              <property name="Category" value="WinStable" />
            </properties>
          </test-case>
        </test-suite>
      </test-suite>
    </test-suite>
  </test-suite>
  <test-suite type="Assembly" id="1-1469" name="lmiAutomation.dll" fullname="z:\ApploaderTemp\Run20241113-091440609\NUnitPlugin\lmiAutomation.dll" runstate="Runnable" testcasecount="374" result="Skipped" label="Ignored" site="Child" start-time="2024-11-13T21:41:33.8013778Z" end-time="2024-11-13T21:41:34.4419918Z" duration="0.651653" total="1" passed="0" failed="0" warnings="0" inconclusive="0" skipped="1" asserts="0">
    <environment framework-version="3.13.3.0" clr-version="4.0.30319.42000" os-version="Microsoft Windows NT 10.0.19045.0" platform="Win32NT" cwd="C:\ftp" machine-name="DESKTOP-T222K1Q" user="admin" user-domain="DESKTOP-T222K1Q" culture="en-US" uiculture="en-US" os-architecture="x64" />
    <settings>
      <setting name="DisposeRunners" value="True" />
      <setting name="WorkDirectory" value="C:\ftp" />
      <setting name="TestParametersDictionary" value="[ArchiveFolder, LMIAutomation.Host.TLSTest.TestAllOptions-20241113-091458PM456]">
        <item key="ArchiveFolder" value="LMIAutomation.Host.TLSTest.TestAllOptions-20241113-091458PM456" />
      </setting>
      <setting name="TestParameters" value="ArchiveFolder=LMIAutomation.Host.TLSTest.TestAllOptions-20241113-091458PM456" />
      <setting name="ImageRuntimeVersion" value="4.0.30319" />
      <setting name="ImageTargetFrameworkName" value=".NETFramework,Version=v4.6.1" />
      <setting name="ImageRequiresX86" value="False" />
      <setting name="ImageRequiresDefaultAppDomainAssemblyResolver" value="False" />
      <setting name="TargetRuntimeFramework" value="net-4.6.1" />
      <setting name="NumberOfTestWorkers" value="2" />
    </settings>
    <properties>
      <property name="_PID" value="2232" />
      <property name="_APPDOMAIN" value="domain-" />
    </properties>
    <reason>
      <message><![CDATA[One or more child tests were ignored]]></message>
    </reason>
    <test-suite type="SetUpFixture" id="1-1468" name="LMIAutomation" fullname="LMIAutomation.TestBase+TestBaseInit" classname="LMIAutomation.TestBase+TestBaseInit" runstate="Runnable" testcasecount="374" result="Skipped" label="Ignored" site="Child" start-time="2024-11-13T21:41:33.8013778Z" end-time="2024-11-13T21:41:34.4419918Z" duration="0.643462" total="1" passed="0" failed="0" warnings="0" inconclusive="0" skipped="1" asserts="0">
      <reason>
        <message><![CDATA[One or more child tests were ignored]]></message>
      </reason>
      <test-suite type="TestSuite" id="1-1477" name="Host" fullname="LMIAutomation.Host" runstate="Runnable" testcasecount="121" result="Skipped" label="Ignored" site="Child" start-time="2024-11-13T21:41:34.0513785Z" end-time="2024-11-13T21:41:34.4419918Z" duration="0.397489" total="1" passed="0" failed="0" warnings="0" inconclusive="0" skipped="1" asserts="0">
        <reason>
          <message><![CDATA[One or more child tests were ignored]]></message>
        </reason>
        <test-suite type="TestFixture" id="1-1398" name="TLSTest" fullname="LMIAutomation.Host.TLSTest" classname="LMIAutomation.Host.TLSTest" runstate="Runnable" testcasecount="3" result="Skipped" label="Ignored" site="Child" start-time="2024-11-13T21:41:34.0513785Z" end-time="2024-11-13T21:41:34.4419918Z" duration="0.397309" total="1" passed="0" failed="0" warnings="0" inconclusive="0" skipped="1" asserts="0">
          <reason>
            <message><![CDATA[One or more child tests were ignored]]></message>
          </reason>
          <test-case id="1-1399" name="TestAllOptions" fullname="LMIAutomation.Host.TLSTest.TestAllOptions" methodname="TestAllOptions" classname="LMIAutomation.Host.TLSTest" runstate="Ignored" seed="814987792" result="Skipped" label="Ignored" start-time="2024-11-13T21:41:34.4419918Z" end-time="2024-11-13T21:41:34.4419918Z" duration="0.001984" asserts="0">
            <properties>
              <property name="_SKIPREASON" value="Deprecated, needs automation and software changes" />
              <property name="Category" value="MacStable" />
              <property name="Category" value="WinStable" />
            </properties>
            <reason>
              <message><![CDATA[Deprecated, needs automation and software changes]]></message>
            </reason>
          </test-case>
        </test-suite>
      </test-suite>
    </test-suite>
  </test-suite>
  <test-suite type="Assembly" id="1-1469" name="lmiAutomation.dll" fullname="z:\ApploaderTemp\Run20241113-091440609\NUnitPlugin\lmiAutomation.dll" runstate="Runnable" testcasecount="374" result="Skipped" label="Ignored" site="Child" start-time="2024-11-13T21:42:06.4055347Z" end-time="2024-11-13T21:42:07.2492427Z" duration="0.846817" total="1" passed="0" failed="0" warnings="0" inconclusive="0" skipped="1" asserts="0">
    <environment framework-version="3.13.3.0" clr-version="4.0.30319.42000" os-version="Microsoft Windows NT 10.0.19045.0" platform="Win32NT" cwd="C:\ftp" machine-name="DESKTOP-T222K1Q" user="admin" user-domain="DESKTOP-T222K1Q" culture="en-US" uiculture="en-US" os-architecture="x64" />
    <settings>
      <setting name="DisposeRunners" value="True" />
      <setting name="WorkDirectory" value="C:\ftp" />
      <setting name="TestParametersDictionary" value="[ArchiveFolder, LMIAutomation.Host.TLSTest.TestAllOptions-20241113-094202PM535]">
        <item key="ArchiveFolder" value="LMIAutomation.Host.TLSTest.TestAllOptions-20241113-094202PM535" />
      </setting>
      <setting name="TestParameters" value="ArchiveFolder=LMIAutomation.Host.TLSTest.TestAllOptions-20241113-094202PM535" />
      <setting name="ImageRuntimeVersion" value="4.0.30319" />
      <setting name="ImageTargetFrameworkName" value=".NETFramework,Version=v4.6.1" />
      <setting name="ImageRequiresX86" value="False" />
      <setting name="ImageRequiresDefaultAppDomainAssemblyResolver" value="False" />
      <setting name="TargetRuntimeFramework" value="net-4.6.1" />
      <setting name="NumberOfTestWorkers" value="2" />
    </settings>
    <properties>
      <property name="_PID" value="1892" />
      <property name="_APPDOMAIN" value="domain-" />
    </properties>
    <reason>
      <message><![CDATA[One or more child tests were ignored]]></message>
    </reason>
    <test-suite type="SetUpFixture" id="1-1468" name="LMIAutomation" fullname="LMIAutomation.TestBase+TestBaseInit" classname="LMIAutomation.TestBase+TestBaseInit" runstate="Runnable" testcasecount="374" result="Skipped" label="Ignored" site="Child" start-time="2024-11-13T21:42:06.4211606Z" end-time="2024-11-13T21:42:07.2492427Z" duration="0.835989" total="1" passed="0" failed="0" warnings="0" inconclusive="0" skipped="1" asserts="0">
      <reason>
        <message><![CDATA[One or more child tests were ignored]]></message>
      </reason>
      <test-suite type="TestSuite" id="1-1477" name="Host" fullname="LMIAutomation.Host" runstate="Runnable" testcasecount="121" result="Skipped" label="Ignored" site="Child" start-time="2024-11-13T21:42:06.7804932Z" end-time="2024-11-13T21:42:07.2492427Z" duration="0.466122" total="1" passed="0" failed="0" warnings="0" inconclusive="0" skipped="1" asserts="0">
        <reason>
          <message><![CDATA[One or more child tests were ignored]]></message>
        </reason>
        <test-suite type="TestFixture" id="1-1398" name="TLSTest" fullname="LMIAutomation.Host.TLSTest" classname="LMIAutomation.Host.TLSTest" runstate="Runnable" testcasecount="3" result="Skipped" label="Ignored" site="Child" start-time="2024-11-13T21:42:06.7804932Z" end-time="2024-11-13T21:42:07.2492427Z" duration="0.465757" total="1" passed="0" failed="0" warnings="0" inconclusive="0" skipped="1" asserts="0">
          <reason>
            <message><![CDATA[One or more child tests were ignored]]></message>
          </reason>
          <test-case id="1-1399" name="TestAllOptions" fullname="LMIAutomation.Host.TLSTest.TestAllOptions" methodname="TestAllOptions" classname="LMIAutomation.Host.TLSTest" runstate="Ignored" seed="2038737200" result="Skipped" label="Ignored" start-time="2024-11-13T21:42:07.2492427Z" end-time="2024-11-13T21:42:07.2492427Z" duration="0.001955" asserts="0">
            <properties>
              <property name="_SKIPREASON" value="Deprecated, needs automation and software changes" />
              <property name="Category" value="MacStable" />
              <property name="Category" value="WinStable" />
            </properties>
            <reason>
              <message><![CDATA[Deprecated, needs automation and software changes]]></message>
            </reason>
          </test-case>
        </test-suite>
      </test-suite>
    </test-suite>
  </test-suite>
[...]
        <failure>
          <message><![CDATA[One or more child tests had errors]]></message>
        </failure>
        <test-suite type="TestFixture" id="1-1310" name="UpdateTest" fullname="LMIAutomation.Ignition.UpdateTest" classname="LMIAutomation.Ignition.UpdateTest" runstate="Runnable" testcasecount="6" result="Failed" site="Child" start-time="2024-11-13T22:27:09.0438766Z" end-time="2024-11-13T22:27:12.1049629Z" duration="3.065850" total="1" passed="0" failed="1" warnings="0" inconclusive="0" skipped="0" asserts="58">
          <failure>
            <message><![CDATA[One or more child tests had errors]]></message>
          </failure>
          <test-suite type="ParameterizedMethod" id="1-1319" name="TC03_Ignition_Update_Manual_CheckForUpdates_DoRemoteSession" fullname="LMIAutomation.Ignition.UpdateTest.TC03_Ignition_Update_Manual_CheckForUpdates_DoRemoteSession" classname="LMIAutomation.Ignition.UpdateTest" runstate="Runnable" testcasecount="2" result="Failed" site="Child" start-time="2024-11-13T22:27:09.3150000Z" end-time="2024-11-13T22:27:12.1049629Z" duration="2.788245" total="1" passed="0" failed="1" warnings="0" inconclusive="0" skipped="0" asserts="31">
            <failure>
              <message><![CDATA[One or more child tests had errors]]></message>
            </failure>
            <test-case id="1-1318" name="TC03_Ignition_Update_Manual_CheckForUpdates_DoRemoteSession(False)" fullname="LMIAutomation.Ignition.UpdateTest.TC03_Ignition_Update_Manual_CheckForUpdates_DoRemoteSession(False)" methodname="TC03_Ignition_Update_Manual_CheckForUpdates_DoRemoteSession" classname="LMIAutomation.Ignition.UpdateTest" runstate="Runnable" seed="1639977142" result="Failed" label="Error" start-time="2024-11-13T22:27:09.3150000Z" end-time="2024-11-13T22:27:12.1049629Z" duration="2.783619" asserts="31">
              <failure>
                <message><![CDATA[System.Net.WebException : The remote server returned an error: (404) Not Found.]]></message>
                <stack-trace><![CDATA[   at System.Net.HttpWebRequest.GetResponse()
   at LMIAutomation.TestBase.SetNewVersion(Uri uri) in C:\Users\admin\Documents\lmiautomation\NUnitPlugin\TestBase.cs:line 1317
   at LMIAutomation.TestBase.SetUpdaterVersion(String version, Boolean isHostUpdate) in C:\Users\admin\Documents\lmiautomation\NUnitPlugin\TestBase.cs:line 1309
   at LMIAutomation.Ignition.UpdateTest.TC03_Ignition_Update_Manual_CheckForUpdates_DoRemoteSession(Boolean doRemoteSessions) in C:\Users\admin\Documents\lmiautomation\NUnitPlugin\Ignition\UpdateTest.cs:line 167]]></stack-trace>
              </failure>
            </test-case>
          </test-suite>
        </test-suite>
      </test-suite>
    </test-suite>
  </test-suite>
  <test-suite type="Assembly" id="1-1469" name="lmiAutomation.dll" fullname="z:\ApploaderTemp\Run20241113-091440609\NUnitPlugin\lmiAutomation.dll" runstate="Runnable" testcasecount="374" result="Failed" site="Child" start-time="2024-11-13T22:27:43.5155388Z" end-time="2024-11-13T22:27:49.2252683Z" duration="5.271188" total="1" passed="0" failed="1" warnings="0" inconclusive="0" skipped="0" asserts="58">
    <environment framework-version="3.13.3.0" clr-version="4.0.30319.42000" os-version="Microsoft Windows NT 10.0.19045.0" platform="Win32NT" cwd="C:\ftp" machine-name="DESKTOP-T222K1Q" user="admin" user-domain="DESKTOP-T222K1Q" culture="en-US" uiculture="en-US" os-architecture="x64" />
    <settings>
      <setting name="DisposeRunners" value="True" />
      <setting name="WorkDirectory" value="C:\ftp" />
      <setting name="TestParametersDictionary" value="[ArchiveFolder, LMIAutomation.Ignition.UpdateTest.TC03_Ignition_Update_Manual_CheckForUpdates_DoRemoteSessio-20241113-102739PM486]">
        <item key="ArchiveFolder" value="LMIAutomation.Ignition.UpdateTest.TC03_Ignition_Update_Manual_CheckForUpdates_DoRemoteSessio-20241113-102739PM486" />
      </setting>
      <setting name="TestParameters" value="ArchiveFolder=LMIAutomation.Ignition.UpdateTest.TC03_Ignition_Update_Manual_CheckForUpdates_DoRemoteSessio-20241113-102739PM486" />
      <setting name="ImageRuntimeVersion" value="4.0.30319" />
      <setting name="ImageTargetFrameworkName" value=".NETFramework,Version=v4.6.1" />
      <setting name="ImageRequiresX86" value="False" />
      <setting name="ImageRequiresDefaultAppDomainAssemblyResolver" value="False" />
      <setting name="TargetRuntimeFramework" value="net-4.6.1" />
      <setting name="NumberOfTestWorkers" value="2" />
    </settings>
    <properties>
      <property name="_PID" value="10544" />
      <property name="_APPDOMAIN" value="domain-" />
    </properties>
    <failure>
      <message><![CDATA[One or more child tests had errors]]></message>
    </failure>
    <test-suite type="SetUpFixture" id="1-1468" name="LMIAutomation" fullname="LMIAutomation.TestBase+TestBaseInit" classname="LMIAutomation.TestBase+TestBaseInit" runstate="Runnable" testcasecount="374" result="Failed" site="Child" start-time="2024-11-13T22:27:43.5311621Z" end-time="2024-11-13T22:27:49.2252683Z" duration="5.259494" total="1" passed="0" failed="1" warnings="0" inconclusive="0" skipped="0" asserts="58">
      <failure>
        <message><![CDATA[One or more child tests had errors]]></message>
      </failure>
      <test-suite type="TestSuite" id="1-1476" name="Ignition" fullname="LMIAutomation.Ignition" runstate="Runnable" testcasecount="44" result="Failed" site="Child" start-time="2024-11-13T22:27:43.9217876Z" end-time="2024-11-13T22:27:49.2252683Z" duration="4.866056" total="1" passed="0" failed="1" warnings="0" inconclusive="0" skipped="0" asserts="58">
        <failure>
          <message><![CDATA[One or more child tests had errors]]></message>
        </failure>
        <test-suite type="TestFixture" id="1-1310" name="UpdateTest" fullname="LMIAutomation.Ignition.UpdateTest" classname="LMIAutomation.Ignition.UpdateTest" runstate="Runnable" testcasecount="6" result="Failed" site="Child" start-time="2024-11-13T22:27:43.9217876Z" end-time="2024-11-13T22:27:49.2252683Z" duration="4.863822" total="1" passed="0" failed="1" warnings="0" inconclusive="0" skipped="0" asserts="58">
          <failure>
            <message><![CDATA[One or more child tests had errors]]></message>
          </failure>
          <test-suite type="ParameterizedMethod" id="1-1319" name="TC03_Ignition_Update_Manual_CheckForUpdates_DoRemoteSession" fullname="LMIAutomation.Ignition.UpdateTest.TC03_Ignition_Update_Manual_CheckForUpdates_DoRemoteSession" classname="LMIAutomation.Ignition.UpdateTest" runstate="Runnable" testcasecount="2" result="Failed" site="Child" start-time="2024-11-13T22:27:45.1700000Z" end-time="2024-11-13T22:27:49.2252683Z" duration="4.061717" total="1" passed="0" failed="1" warnings="0" inconclusive="0" skipped="0" asserts="31">
            <failure>
              <message><![CDATA[One or more child tests had errors]]></message>
            </failure>
            <test-case id="1-1318" name="TC03_Ignition_Update_Manual_CheckForUpdates_DoRemoteSession(False)" fullname="LMIAutomation.Ignition.UpdateTest.TC03_Ignition_Update_Manual_CheckForUpdates_DoRemoteSession(False)" methodname="TC03_Ignition_Update_Manual_CheckForUpdates_DoRemoteSession" classname="LMIAutomation.Ignition.UpdateTest" runstate="Runnable" seed="1383616745" result="Failed" label="Error" start-time="2024-11-13T22:27:45.1700000Z" end-time="2024-11-13T22:27:49.2252683Z" duration="4.056486" asserts="31">
              <failure>
                <message><![CDATA[System.Net.WebException : The remote server returned an error: (404) Not Found.]]></message>
                <stack-trace><![CDATA[   at System.Net.HttpWebRequest.GetResponse()
   at LMIAutomation.TestBase.SetNewVersion(Uri uri) in C:\Users\admin\Documents\lmiautomation\NUnitPlugin\TestBase.cs:line 1317
   at LMIAutomation.TestBase.SetUpdaterVersion(String version, Boolean isHostUpdate) in C:\Users\admin\Documents\lmiautomation\NUnitPlugin\TestBase.cs:line 1309
   at LMIAutomation.Ignition.UpdateTest.TC03_Ignition_Update_Manual_CheckForUpdates_DoRemoteSession(Boolean doRemoteSessions) in C:\Users\admin\Documents\lmiautomation\NUnitPlugin\Ignition\UpdateTest.cs:line 167]]></stack-trace>
              </failure>
            </test-case>
          </test-suite>
        </test-suite>
      </test-suite>
    </test-suite>
  </test-suite>
  <test-suite type="Assembly" id="1-1469" name="lmiAutomation.dll" fullname="z:\ApploaderTemp\Run20241113-091440609\NUnitPlugin\lmiAutomation.dll" runstate="Runnable" testcasecount="374" result="Failed" site="Child" start-time="2024-11-13T22:28:20.0837217Z" end-time="2024-11-13T22:28:24.2351266Z" duration="3.712905" total="1" passed="0" failed="1" warnings="0" inconclusive="0" skipped="0" asserts="58">
    <environment framework-version="3.13.3.0" clr-version="4.0.30319.42000" os-version="Microsoft Windows NT 10.0.19045.0" platform="Win32NT" cwd="C:\ftp" machine-name="DESKTOP-T222K1Q" user="admin" user-domain="DESKTOP-T222K1Q" culture="en-US" uiculture="en-US" os-architecture="x64" />
    <settings>
      <setting name="DisposeRunners" value="True" />
      <setting name="WorkDirectory" value="C:\ftp" />
      <setting name="TestParametersDictionary" value="[ArchiveFolder, LMIAutomation.Ignition.UpdateTest.TC03_Ignition_Update_Manual_CheckForUpdates_DoRemoteSessio-20241113-102816PM866]">
        <item key="ArchiveFolder" value="LMIAutomation.Ignition.UpdateTest.TC03_Ignition_Update_Manual_CheckForUpdates_DoRemoteSessio-20241113-102816PM866" />
      </setting>
      <setting name="TestParameters" value="ArchiveFolder=LMIAutomation.Ignition.UpdateTest.TC03_Ignition_Update_Manual_CheckForUpdates_DoRemoteSessio-20241113-102816PM866" />
      <setting name="ImageRuntimeVersion" value="4.0.30319" />
      <setting name="ImageTargetFrameworkName" value=".NETFramework,Version=v4.6.1" />
      <setting name="ImageRequiresX86" value="False" />
      <setting name="ImageRequiresDefaultAppDomainAssemblyResolver" value="False" />
      <setting name="TargetRuntimeFramework" value="net-4.6.1" />
      <setting name="NumberOfTestWorkers" value="2" />
    </settings>
    <properties>
      <property name="_PID" value="1528" />
      <property name="_APPDOMAIN" value="domain-" />
    </properties>
    <failure>
      <message><![CDATA[One or more child tests had errors]]></message>
    </failure>
    <test-suite type="SetUpFixture" id="1-1468" name="LMIAutomation" fullname="LMIAutomation.TestBase+TestBaseInit" classname="LMIAutomation.TestBase+TestBaseInit" runstate="Runnable" testcasecount="374" result="Failed" site="Child" start-time="2024-11-13T22:28:20.0837217Z" end-time="2024-11-13T22:28:24.2351266Z" duration="3.701232" total="1" passed="0" failed="1" warnings="0" inconclusive="0" skipped="0" asserts="58">
      <failure>
        <message><![CDATA[One or more child tests had errors]]></message>
      </failure>
      <test-suite type="TestSuite" id="1-1476" name="Ignition" fullname="LMIAutomation.Ignition" runstate="Runnable" testcasecount="44" result="Failed" site="Child" start-time="2024-11-13T22:28:20.3805965Z" end-time="2024-11-13T22:28:24.2351266Z" duration="3.407793" total="1" passed="0" failed="1" warnings="0" inconclusive="0" skipped="0" asserts="58">
        <failure>
          <message><![CDATA[One or more child tests had errors]]></message>
        </failure>
        <test-suite type="TestFixture" id="1-1310" name="UpdateTest" fullname="LMIAutomation.Ignition.UpdateTest" classname="LMIAutomation.Ignition.UpdateTest" runstate="Runnable" testcasecount="6" result="Failed" site="Child" start-time="2024-11-13T22:28:20.3805965Z" end-time="2024-11-13T22:28:24.2351266Z" duration="3.407071" total="1" passed="0" failed="1" warnings="0" inconclusive="0" skipped="0" asserts="58">
          <failure>
            <message><![CDATA[One or more child tests had errors]]></message>
          </failure>
          <test-suite type="ParameterizedMethod" id="1-1319" name="TC03_Ignition_Update_Manual_CheckForUpdates_DoRemoteSession" fullname="LMIAutomation.Ignition.UpdateTest.TC03_Ignition_Update_Manual_CheckForUpdates_DoRemoteSession" classname="LMIAutomation.Ignition.UpdateTest" runstate="Runnable" testcasecount="2" result="Failed" site="Child" start-time="2024-11-13T22:28:21.4870000Z" end-time="2024-11-13T22:28:24.2351266Z" duration="2.752276" total="1" passed="0" failed="1" warnings="0" inconclusive="0" skipped="0" asserts="31">
            <failure>
              <message><![CDATA[One or more child tests had errors]]></message>
            </failure>
            <test-case id="1-1318" name="TC03_Ignition_Update_Manual_CheckForUpdates_DoRemoteSession(False)" fullname="LMIAutomation.Ignition.UpdateTest.TC03_Ignition_Update_Manual_CheckForUpdates_DoRemoteSession(False)" methodname="TC03_Ignition_Update_Manual_CheckForUpdates_DoRemoteSession" classname="LMIAutomation.Ignition.UpdateTest" runstate="Runnable" seed="1375205211" result="Failed" label="Error" start-time="2024-11-13T22:28:21.4870000Z" end-time="2024-11-13T22:28:24.2351266Z" duration="2.746795" asserts="31">
              <failure>
                <message><![CDATA[System.Net.WebException : The remote server returned an error: (404) Not Found.]]></message>
                <stack-trace><![CDATA[   at System.Net.HttpWebRequest.GetResponse()
   at LMIAutomation.TestBase.SetNewVersion(Uri uri) in C:\Users\admin\Documents\lmiautomation\NUnitPlugin\TestBase.cs:line 1317
   at LMIAutomation.TestBase.SetUpdaterVersion(String version, Boolean isHostUpdate) in C:\Users\admin\Documents\lmiautomation\NUnitPlugin\TestBase.cs:line 1309
   at LMIAutomation.Ignition.UpdateTest.TC03_Ignition_Update_Manual_CheckForUpdates_DoRemoteSession(Boolean doRemoteSessions) in C:\Users\admin\Documents\lmiautomation\NUnitPlugin\Ignition\UpdateTest.cs:line 167]]></stack-trace>
              </failure>
            </test-case>
          </test-suite>
        </test-suite>
      </test-suite>
    </test-suite>
  </test-suite>
  <test-suite type="Assembly" id="1-1469" name="lmiAutomation.dll" fullname="z:\ApploaderTemp\Run20241113-091440609\NUnitPlugin\lmiAutomation.dll" runstate="Runnable" testcasecount="374" result="Failed" site="Child" start-time="2024-11-13T22:28:57.6615976Z" end-time="2024-11-13T22:29:03.1970000Z" duration="5.083966" total="1" passed="0" failed="1" warnings="0" inconclusive="0" skipped="0" asserts="58">
    <environment framework-version="3.13.3.0" clr-version="4.0.30319.42000" os-version="Microsoft Windows NT 10.0.19045.0" platform="Win32NT" cwd="C:\ftp" machine-name="DESKTOP-T222K1Q" user="admin" user-domain="DESKTOP-T222K1Q" culture="en-US" uiculture="en-US" os-architecture="x64" />
    <settings>
      <setting name="DisposeRunners" value="True" />
      <setting name="WorkDirectory" value="C:\ftp" />
      <setting name="TestParametersDictionary" value="[ArchiveFolder, LMIAutomation.Ignition.UpdateTest.TC03_Ignition_Update_Manual_CheckForUpdates_DoRemoteSessio-20241113-102853PM434]">
        <item key="ArchiveFolder" value="LMIAutomation.Ignition.UpdateTest.TC03_Ignition_Update_Manual_CheckForUpdates_DoRemoteSessio-20241113-102853PM434" />
      </setting>
      <setting name="TestParameters" value="ArchiveFolder=LMIAutomation.Ignition.UpdateTest.TC03_Ignition_Update_Manual_CheckForUpdates_DoRemoteSessio-20241113-102853PM434" />
      <setting name="ImageRuntimeVersion" value="4.0.30319" />
      <setting name="ImageTargetFrameworkName" value=".NETFramework,Version=v4.6.1" />
      <setting name="ImageRequiresX86" value="False" />
      <setting name="ImageRequiresDefaultAppDomainAssemblyResolver" value="False" />
      <setting name="TargetRuntimeFramework" value="net-4.6.1" />
      <setting name="NumberOfTestWorkers" value="2" />
    </settings>
    <properties>
      <property name="_PID" value="10648" />
      <property name="_APPDOMAIN" value="domain-" />
    </properties>
    <failure>
      <message><![CDATA[One or more child tests had errors]]></message>
    </failure>
    <test-suite type="SetUpFixture" id="1-1468" name="LMIAutomation" fullname="LMIAutomation.TestBase+TestBaseInit" classname="LMIAutomation.TestBase+TestBaseInit" runstate="Runnable" testcasecount="374" result="Failed" site="Child" start-time="2024-11-13T22:28:57.6772227Z" end-time="2024-11-13T22:29:03.1970000Z" duration="5.065547" total="1" passed="0" failed="1" warnings="0" inconclusive="0" skipped="0" asserts="58">
      <failure>
        <message><![CDATA[One or more child tests had errors]]></message>
      </failure>
      <test-suite type="TestSuite" id="1-1476" name="Ignition" fullname="LMIAutomation.Ignition" runstate="Runnable" testcasecount="44" result="Failed" site="Child" start-time="2024-11-13T22:28:58.1147653Z" end-time="2024-11-13T22:29:03.1970000Z" duration="4.630115" total="1" passed="0" failed="1" warnings="0" inconclusive="0" skipped="0" asserts="58">
        <failure>
          <message><![CDATA[One or more child tests had errors]]></message>
        </failure>
        <test-suite type="TestFixture" id="1-1310" name="UpdateTest" fullname="LMIAutomation.Ignition.UpdateTest" classname="LMIAutomation.Ignition.UpdateTest" runstate="Runnable" testcasecount="6" result="Failed" site="Child" start-time="2024-11-13T22:28:58.1147653Z" end-time="2024-11-13T22:29:03.1970000Z" duration="4.629706" total="1" passed="0" failed="1" warnings="0" inconclusive="0" skipped="0" asserts="58">
          <failure>
            <message><![CDATA[One or more child tests had errors]]></message>
          </failure>
          <test-suite type="ParameterizedMethod" id="1-1319" name="TC03_Ignition_Update_Manual_CheckForUpdates_DoRemoteSession" fullname="LMIAutomation.Ignition.UpdateTest.TC03_Ignition_Update_Manual_CheckForUpdates_DoRemoteSession" classname="LMIAutomation.Ignition.UpdateTest" runstate="Runnable" testcasecount="2" result="Failed" site="Child" start-time="2024-11-13T22:28:59.2679946Z" end-time="2024-11-13T22:29:03.1970000Z" duration="3.929304" total="1" passed="0" failed="1" warnings="0" inconclusive="0" skipped="0" asserts="31">
            <failure>
              <message><![CDATA[One or more child tests had errors]]></message>
            </failure>
            <test-case id="1-1318" name="TC03_Ignition_Update_Manual_CheckForUpdates_DoRemoteSession(False)" fullname="LMIAutomation.Ignition.UpdateTest.TC03_Ignition_Update_Manual_CheckForUpdates_DoRemoteSession(False)" methodname="TC03_Ignition_Update_Manual_CheckForUpdates_DoRemoteSession" classname="LMIAutomation.Ignition.UpdateTest" runstate="Runnable" seed="1454327075" result="Failed" label="Error" start-time="2024-11-13T22:28:59.2679946Z" end-time="2024-11-13T22:29:03.1970000Z" duration="3.925904" asserts="31">
              <failure>
                <message><![CDATA[System.Net.WebException : The remote server returned an error: (404) Not Found.]]></message>
                <stack-trace><![CDATA[   at System.Net.HttpWebRequest.GetResponse()
   at LMIAutomation.TestBase.SetNewVersion(Uri uri) in C:\Users\admin\Documents\lmiautomation\NUnitPlugin\TestBase.cs:line 1317
   at LMIAutomation.TestBase.SetUpdaterVersion(String version, Boolean isHostUpdate) in C:\Users\admin\Documents\lmiautomation\NUnitPlugin\TestBase.cs:line 1309
   at LMIAutomation.Ignition.UpdateTest.TC03_Ignition_Update_Manual_CheckForUpdates_DoRemoteSession(Boolean doRemoteSessions) in C:\Users\admin\Documents\lmiautomation\NUnitPlugin\Ignition\UpdateTest.cs:line 167]]></stack-trace>
              </failure>
            </test-case>
          </test-suite>
        </test-suite>
      </test-suite>
    </test-suite>
  </test-suite>
</test-run>